autoscan: warning: missing AC_CHECK_FUNCS([alarm]) wanted by: 
	src_3party/linuxservice.cpp:87
	src_3party/libcrash-master/crashd.c:294
autoscan: warning: missing AC_CHECK_FUNCS([atexit]) wanted by: 
	src_3party/death_handler.h:85
	src_3party/death_handler.h:92
autoscan: warning: missing AC_CHECK_FUNCS([clock_gettime]) wanted by: 
	src_3party/PoppyDebugTools.h:58
	src_3party/libcrash-master/naive.c:113
	src_3party/libcrash-master/crashd.c:350
	src_3party/libcrash-master/crash.c:137
autoscan: warning: missing AC_CHECK_FUNCS([dup2]) wanted by: 
	src_3party/death_handler.cpp:271
	src_3party/death_handler.cpp:272
	src_3party/death_handler.cpp:381
	src_3party/linuxservice.cpp:280
	src_3party/linuxservice.cpp:281
	src_3party/gtest_src/src/gtest-port.cc:980
	src_3party/gtest_src/src/gtest-port.cc:992
	src_3party/gtest_src/gtest/internal/gtest-port.h:98
autoscan: warning: missing AC_CHECK_FUNCS([fchdir]) wanted by: 
	src_3party/gtest_src/src/gtest-death-test.cc:1051
autoscan: warning: missing AC_CHECK_FUNCS([floor]) wanted by: 
	src_3party/lua-5.2.1/src/llimits.h:263
autoscan: warning: missing AC_CHECK_FUNCS([ftime]) wanted by: 
	libs/libsources/libxml2-2.8.0/share/doc/libxml2-2.8.0/examples/testSAX.c:84
	libs/libsources/libxml2-2.8.0/share/doc/libxml2-2.8.0/examples/xmllint.c:419
autoscan: warning: missing AC_CHECK_FUNCS([ftruncate]) wanted by: 
	src_3party/uuid/gen_uuid.c:408
autoscan: warning: missing AC_CHECK_FUNCS([getcwd]) wanted by: 
	src_3party/death_handler.cpp:471
	src_3party/gtest_src/src/gtest-filepath.cc:109
autoscan: warning: missing AC_CHECK_FUNCS([getpagesize]) wanted by: 
	src_3party/gtest_src/src/gtest-death-test.cc:1073
autoscan: warning: missing AC_CHECK_FUNCS([gettimeofday]) wanted by: 
	libs/libsources/libxml2-2.8.0/share/doc/libxml2-2.8.0/examples/testSAX.c:108
	libs/libsources/libxml2-2.8.0/share/doc/libxml2-2.8.0/examples/testSAX.c:122
	libs/libsources/libxml2-2.8.0/share/doc/libxml2-2.8.0/examples/xmllint.c:443
	libs/libsources/libxml2-2.8.0/share/doc/libxml2-2.8.0/examples/xmllint.c:457
	src/Helpers/logger.cpp:77
	src/Helpers/logger.cpp:96
	src/Helpers/HisDateTime.h:22
	src_3party/uuid/gen_uuid.c:115
	src_3party/uuid/gen_uuid.c:145
	src_3party/uuid/gen_uuid.c:164
	src_3party/uuid/gen_uuid.c:368
	src_3party/uuid/gen_uuid.c:373
	src_3party/gtest_src/src/gtest.cc:59
	src_3party/gtest_src/src/gtest.cc:96
	src_3party/gtest_src/src/gtest.cc:98
	src_3party/gtest_src/src/gtest.cc:113
	src_3party/gtest_src/src/gtest.cc:115
	src_3party/gtest_src/src/gtest.cc:842
autoscan: warning: missing AC_CHECK_FUNCS([localtime_r]) wanted by: 
	src_3party/gtest_src/src/gtest.cc:3568
autoscan: warning: missing AC_CHECK_FUNCS([memchr]) wanted by: 
	src_3party/lua-5.2.1/src/lstrlib.c:481
autoscan: warning: missing AC_CHECK_FUNCS([memset]) wanted by: 
	src/SignalTryCatch.cpp:36
	src/Devices/OneWire/HisDevIO2408.cpp:19
	src/Devices/OneWire/HisDevIO2408.cpp:29
	src/Helpers/StringBuilder.h:28
	src/Modbus/SerialPort.cpp:123
	src/Modbus/SerialPort.cpp:326
	src/Modbus/SerialPort.cpp:359
	src_3party/rapidjson/stringbuffer.h:41
	src_3party/rapidjson/stringbuffer.h:44
	src_3party/rapidjson/document.h:70
	src_3party/libcrash-master/naive.c:173
	src_3party/libcrash-master/auto_test.c:38
	src_3party/libcrash-master/crashd.c:223
	src_3party/libcrash-master/test.c:88
	src_3party/libcrash-master/crash.c:290
	src_3party/uuid/clear.c:42
	src_3party/uuid/gen_uuid.c:258
	src_3party/uuid/gen_uuid.c:429
	src_3party/gtest_src/src/gtest.cc:3785
	src_3party/gtest_src/src/gtest-filepath.cc:364
	src_3party/gtest_src/src/gtest-death-test.cc:759
	src_3party/gtest_src/src/gtest-death-test.cc:1061
	src_3party/gtest_src/gtest/internal/gtest-port.h:1970
autoscan: warning: missing AC_CHECK_FUNCS([mkdir]) wanted by: 
	src/Helpers/Directory.cpp:38
	src_3party/gtest_src/src/gtest-filepath.cc:334
autoscan: warning: missing AC_CHECK_FUNCS([munmap]) wanted by: 
	libs/libsources/libxml2-2.8.0/share/doc/libxml2-2.8.0/examples/xmllint.c:1980
	libs/libsources/libxml2-2.8.0/share/doc/libxml2-2.8.0/examples/xmllint.c:2231
	libs/libsources/libxml2-2.8.0/share/doc/libxml2-2.8.0/examples/xmllint.c:2350
	src_3party/gtest_src/src/gtest-death-test.cc:1094
autoscan: warning: missing AC_CHECK_FUNCS([regcomp]) wanted by: 
	src_3party/gtest_src/src/gtest-port.cc:603
	src_3party/gtest_src/src/gtest-port.cc:604
	src_3party/gtest_src/src/gtest-port.cc:614
autoscan: warning: missing AC_CHECK_FUNCS([rmdir]) wanted by: 
	src_3party/gtest_src/gtest/internal/gtest-port.h:2357
autoscan: warning: missing AC_CHECK_FUNCS([select]) wanted by: 
	src_3party/libcrash-master/crashd.c:279
	src_3party/libcrash-master/crashd.c:288
autoscan: warning: missing AC_CHECK_FUNCS([setlocale]) wanted by: 
	src_3party/lua-5.2.1/src/loslib.c:282
autoscan: warning: missing AC_CHECK_FUNCS([socket]) wanted by: 
	src_3party/uuid/gen_uuid.c:254
	src_3party/uuid/gen_uuid.c:495
	src_3party/gtest_src/src/gtest.cc:3802
autoscan: warning: missing AC_CHECK_FUNCS([strcasecmp]) wanted by: 
	libs/libcurl/include/curl/stdcheaders.h:30
	src_3party/gtest_src/src/gtest.cc:1902
	src_3party/gtest_src/gtest/internal/gtest-string.h:121
	src_3party/gtest_src/gtest/internal/gtest-port.h:2354
autoscan: warning: missing AC_CHECK_FUNCS([strchr]) wanted by: 
	src_3party/lua-5.2.1/src/liolib.c:217
	src_3party/lua-5.2.1/src/llex.c:183
	src_3party/lua-5.2.1/src/lobject.c:183
	src_3party/lua-5.2.1/src/lobject.c:274
	src_3party/lua-5.2.1/src/loslib.c:175
	src_3party/lua-5.2.1/src/loslib.c:182
	src_3party/lua-5.2.1/src/lauxlib.c:771
	src_3party/lua-5.2.1/src/lstrlib.c:812
	src_3party/lua-5.2.1/src/lstrlib.c:906
	src_3party/lua-5.2.1/src/ldblib.c:134
	src_3party/lua-5.2.1/src/ldblib.c:141
	src_3party/lua-5.2.1/src/ldblib.c:143
	src_3party/lua-5.2.1/src/ldblib.c:148
	src_3party/lua-5.2.1/src/ldblib.c:152
	src_3party/lua-5.2.1/src/ldblib.c:154
	src_3party/lua-5.2.1/src/ldblib.c:156
	src_3party/lua-5.2.1/src/ldblib.c:278
	src_3party/lua-5.2.1/src/ldblib.c:279
	src_3party/lua-5.2.1/src/ldblib.c:280
	src_3party/lua-5.2.1/src/lgc.c:448
	src_3party/lua-5.2.1/src/lgc.c:449
	src_3party/lua-5.2.1/src/ldebug.c:286
	src_3party/lua-5.2.1/src/ldebug.c:290
	src_3party/lua-5.2.1/src/ldo.c:619
	src_3party/lua-5.2.1/src/loadlib.c:342
	src_3party/lua-5.2.1/src/loadlib.c:423
	src_3party/lua-5.2.1/src/loadlib.c:448
	src_3party/gtest_src/src/gtest-port.cc:628
	src_3party/gtest_src/src/gtest.cc:5133
	src_3party/gtest_src/gtest/internal/gtest-internal.h:595
	src_3party/gtest_src/gtest/internal/gtest-internal.h:606
autoscan: warning: missing AC_CHECK_FUNCS([strdup]) wanted by: 
	src_3party/gtest_src/gtest/internal/gtest-string.h:67
	src_3party/gtest_src/gtest/internal/gtest-port.h:2320
	src_3party/gtest_src/gtest/internal/gtest-port.h:2356
autoscan: warning: missing AC_CHECK_FUNCS([strerror]) wanted by: 
	src/Modbus/SerialPort.cpp:365
	src/Modbus/SerialPort.cpp:381
	src_3party/linuxservice.cpp:56
	src_3party/linuxservice.cpp:79
	src_3party/linuxservice.cpp:118
	src_3party/linuxservice.cpp:126
	src_3party/lua-5.2.1/src/liolib.c:207
	src_3party/lua-5.2.1/src/luac.c:43
	src_3party/lua-5.2.1/src/lauxlib.c:215
	src_3party/lua-5.2.1/src/lauxlib.c:217
	src_3party/lua-5.2.1/src/lauxlib.c:587
	src_3party/libcrash-master/naive.c:132
	src_3party/libcrash-master/naive.c:133
	src_3party/libcrash-master/crashd.c:167
	src_3party/libcrash-master/crashd.c:168
	src_3party/libcrash-master/crashd.c:353
	src_3party/gtest_src/gtest/internal/gtest-port.h:2395
autoscan: warning: missing AC_CHECK_FUNCS([strncasecmp]) wanted by: 
	libs/libcurl/include/curl/stdcheaders.h:31
autoscan: warning: missing AC_CHECK_FUNCS([strpbrk]) wanted by: 
	src_3party/lua-5.2.1/src/lobject.c:160
	src_3party/lua-5.2.1/src/lobject.c:162
	src_3party/lua-5.2.1/src/lstrlib.c:528
autoscan: warning: missing AC_CHECK_FUNCS([strrchr]) wanted by: 
	src_3party/lua-5.2.1/src/loadlib.c:173
	src_3party/lua-5.2.1/src/loadlib.c:576
	src_3party/gtest_src/src/gtest-filepath.cc:137
	src_3party/gtest_src/src/gtest-filepath.cc:139
autoscan: warning: missing AC_CHECK_FUNCS([strspn]) wanted by: 
	src_3party/lua-5.2.1/src/lbaselib.c:65
	src_3party/lua-5.2.1/src/lbaselib.c:77
autoscan: warning: missing AC_CHECK_FUNCS([strstr]) wanted by: 
	src_3party/death_handler.cpp:307
	src_3party/death_handler.cpp:309
	src_3party/death_handler.cpp:493
	src_3party/death_handler.cpp:543
	src_3party/death_handler.cpp:555
	src_3party/lua-5.2.1/src/lauxlib.c:907
	src_3party/gtest_src/src/gtest.cc:657
	src_3party/gtest_src/src/gtest.cc:1561
	src_3party/gtest_src/src/gtest.cc:3593
	src_3party/gtest_src/src/gtest-test-part.cc:52
autoscan: warning: missing AC_CHECK_FUNCS([strtol]) wanted by: 
	src_3party/gtest_src/src/gtest-port.cc:1152
	src_3party/gtest_src/src/gtest-port.cc:1154
	src_3party/gtest_src/src/gtest-port.cc:1169
autoscan: warning: missing AC_CHECK_FUNCS([strtoul]) wanted by: 
	src_3party/uuid/parse.c:66
	src_3party/uuid/parse.c:67
	src_3party/uuid/parse.c:68
	src_3party/uuid/parse.c:69
	src_3party/uuid/parse.c:75
autoscan: warning: missing AC_CHECK_FUNCS([strtoull]) wanted by: 
	src_3party/gtest_src/src/gtest-internal-inl.h:989
autoscan: warning: missing AC_FUNC_ERROR_AT_LINE wanted by: 
	src/Devices/HisDevBase.cpp:38
	src/Devices/HisDevBase.cpp:53
	src_3party/lua-5.2.1/src/lundump.c:30
	src_3party/lua-5.2.1/src/lundump.c:47
	src_3party/lua-5.2.1/src/lundump.c:61
	src_3party/lua-5.2.1/src/lundump.c:198
	src_3party/lua-5.2.1/src/lundump.c:199
	src_3party/lua-5.2.1/src/lundump.c:200
	src_3party/lua-5.2.1/src/lundump.c:200
autoscan: warning: missing AC_FUNC_FORK wanted by: 
	src_3party/death_handler.h:69
	src_3party/death_handler.cpp:268
	src_3party/death_handler.cpp:345
	src_3party/linuxservice.cpp:76
	src_3party/linuxservice.cpp:154
	src_3party/linuxservice.cpp:232
	src_3party/libcrash-master/crashd.c:239
	src_3party/uuid/gen_uuid.c:510
	src_3party/gtest_src/src/gtest-death-test.cc:853
	src_3party/gtest_src/src/gtest-death-test.cc:1015
	src_3party/gtest_src/src/gtest-death-test.cc:1056
	src_3party/gtest_src/src/gtest-death-test.cc:1058
	src_3party/gtest_src/src/gtest-death-test.cc:1100
	src_3party/gtest_src/gtest/gtest-death-test.h:71
autoscan: warning: missing AC_FUNC_MALLOC wanted by: 
	libs/libsources/libxml2-2.8.0/share/doc/libxml2-2.8.0/examples/xmllint.c:815
	libs/libsources/libxml2-2.8.0/share/doc/libxml2-2.8.0/examples/xmllint.c:3087
	libs/libsources/libxml2-2.8.0/share/doc/libxml2-2.8.0/html/tutorial/includeconvert.c:15
	src_3party/death_handler.cpp:318
	src_3party/death_handler.cpp:435
	src_3party/rapidjson/rapidjson.h:135
	src_3party/gtest_src/src/gtest-port.cc:857
	src_3party/gtest_src/gtest/internal/gtest-string.h:68
autoscan: warning: missing AC_FUNC_MKTIME wanted by: 
	src/Common/DateTime.cpp:20
	src/Common/DateTime.cpp:59
	src/Common/DateTime.cpp:69
	src_3party/lua-5.2.1/src/loslib.c:256
autoscan: warning: missing AC_FUNC_MMAP wanted by: 
	libs/libsources/libxml2-2.8.0/share/doc/libxml2-2.8.0/examples/xmllint.c:1837
	libs/libsources/libxml2-2.8.0/share/doc/libxml2-2.8.0/examples/xmllint.c:2224
	libs/libsources/libxml2-2.8.0/share/doc/libxml2-2.8.0/examples/xmllint.c:2339
	src_3party/gtest_src/src/gtest-death-test.cc:1075
autoscan: warning: missing AC_FUNC_REALLOC wanted by: 
	libs/libsources/libxml2-2.8.0/share/doc/libxml2-2.8.0/html/tutorial/includeconvert.c:37
	src_3party/rapidjson/rapidjson.h:136
	src_3party/lua-5.2.1/src/lauxlib.c:925
autoscan: warning: missing AC_FUNC_STRCOLL wanted by: 
	src_3party/lua-5.2.1/src/lvm.c:216
autoscan: warning: missing AC_FUNC_STRERROR_R wanted by: 
	src_3party/gtest_src/src/gtest.cc:3450
autoscan: warning: missing AC_FUNC_STRNLEN wanted by: 
	src_3party/libcrash-master/crash.c:284
