This file contains any messages produced by compilers while
running configure, to aid debugging if configure makes a mistake.

It was created by Home automation configure 1.0.0, which was
generated by GNU Autoconf 2.69.  Invocation command line was

  $ ./configure --no-create --no-recursion

## --------- ##
## Platform. ##
## --------- ##

hostname = pc-pc
uname -m = x86_64
uname -r = 4.19.0-8-amd64
uname -s = Linux
uname -v = #1 SMP Debian 4.19.98-1 (2020-01-26)

/usr/bin/uname -p = unknown
/bin/uname -X     = unknown

/bin/arch              = x86_64
/usr/bin/arch -k       = unknown
/usr/convex/getsysinfo = unknown
/usr/bin/hostinfo      = unknown
/bin/machine           = unknown
/usr/bin/oslevel       = unknown
/bin/universe          = unknown

PATH: /usr/local/sbin
PATH: /usr/local/bin
PATH: /usr/sbin
PATH: /usr/bin
PATH: /sbin
PATH: /bin


## ----------- ##
## Core tests. ##
## ----------- ##

configure:2676: checking for a BSD-compatible install
configure:2744: result: /usr/bin/install -c
configure:2755: checking whether build environment is sane
configure:2810: result: yes
configure:2959: checking for a thread-safe mkdir -p
configure:2998: result: /usr/bin/mkdir -p
configure:3005: checking for gawk
configure:3035: result: no
configure:3005: checking for mawk
configure:3021: found /usr/bin/mawk
configure:3032: result: mawk
configure:3043: checking whether make sets $(MAKE)
configure:3065: result: yes
configure:3094: checking whether make supports nested variables
configure:3111: result: yes
configure:3269: checking build system type
configure:3283: result: x86_64-pc-linux-gnu
configure:3303: checking host system type
configure:3316: result: x86_64-pc-linux-gnu
configure:3357: checking how to print strings
configure:3384: result: printf
configure:3409: checking whether make supports the include directive
configure:3424: make -f confmf.GNU && cat confinc.out
make[1]: Entering directory '/home/pc/homeis/homeis'
make[1]: Leaving directory '/home/pc/homeis/homeis'
this is the am__doit target
configure:3427: $? = 0
configure:3446: result: yes (GNU style)
configure:3516: checking for gcc
configure:3532: found /usr/bin/gcc
configure:3543: result: gcc
configure:3772: checking for C compiler version
configure:3781: gcc --version >&5
gcc (Debian 8.3.0-6) 8.3.0
Copyright (C) 2018 Free Software Foundation, Inc.
This is free software; see the source for copying conditions.  There is NO
warranty; not even for MERCHANTABILITY or FITNESS FOR A PARTICULAR PURPOSE.

configure:3792: $? = 0
configure:3781: gcc -v >&5
Using built-in specs.
COLLECT_GCC=gcc
COLLECT_LTO_WRAPPER=/usr/lib/gcc/x86_64-linux-gnu/8/lto-wrapper
OFFLOAD_TARGET_NAMES=nvptx-none
OFFLOAD_TARGET_DEFAULT=1
Target: x86_64-linux-gnu
Configured with: ../src/configure -v --with-pkgversion='Debian 8.3.0-6' --with-bugurl=file:///usr/share/doc/gcc-8/README.Bugs --enable-languages=c,ada,c++,go,brig,d,fortran,objc,obj-c++ --prefix=/usr --with-gcc-major-version-only --program-suffix=-8 --program-prefix=x86_64-linux-gnu- --enable-shared --enable-linker-build-id --libexecdir=/usr/lib --without-included-gettext --enable-threads=posix --libdir=/usr/lib --enable-nls --enable-bootstrap --enable-clocale=gnu --enable-libstdcxx-debug --enable-libstdcxx-time=yes --with-default-libstdcxx-abi=new --enable-gnu-unique-object --disable-vtable-verify --enable-libmpx --enable-plugin --enable-default-pie --with-system-zlib --with-target-system-zlib --enable-objc-gc=auto --enable-multiarch --disable-werror --with-arch-32=i686 --with-abi=m64 --with-multilib-list=m32,m64,mx32 --enable-multilib --with-tune=generic --enable-offload-targets=nvptx-none --without-cuda-driver --enable-checking=release --build=x86_64-linux-gnu --host=x86_64-linux-gnu --target=x86_64-linux-gnu
Thread model: posix
gcc version 8.3.0 (Debian 8.3.0-6) 
configure:3792: $? = 0
configure:3781: gcc -V >&5
gcc: error: unrecognized command line option '-V'
gcc: fatal error: no input files
compilation terminated.
configure:3792: $? = 1
configure:3781: gcc -qversion >&5
gcc: error: unrecognized command line option '-qversion'; did you mean '--version'?
gcc: fatal error: no input files
compilation terminated.
configure:3792: $? = 1
configure:3812: checking whether the C compiler works
configure:3834: gcc    conftest.c  >&5
configure:3838: $? = 0
configure:3886: result: yes
configure:3889: checking for C compiler default output file name
configure:3891: result: a.out
configure:3897: checking for suffix of executables
configure:3904: gcc -o conftest    conftest.c  >&5
configure:3908: $? = 0
configure:3930: result: 
configure:3952: checking whether we are cross compiling
configure:3960: gcc -o conftest    conftest.c  >&5
configure:3964: $? = 0
configure:3971: ./conftest
configure:3975: $? = 0
configure:3963: result: no
configure:3968: checking for suffix of object files
configure:3990: gcc -c   conftest.c >&5
configure:3994: $? = 0
configure:4015: result: o
configure:4019: checking whether we are using the GNU C compiler
configure:4038: gcc -c   conftest.c >&5
configure:4038: $? = 0
configure:4047: result: yes
configure:4056: checking whether gcc accepts -g
configure:4076: gcc -c -g  conftest.c >&5
configure:4076: $? = 0
configure:4117: result: yes
configure:4134: checking for gcc option to accept ISO C89
configure:4197: gcc  -c -g -O2  conftest.c >&5
configure:4197: $? = 0
configure:4210: result: none needed
configure:4235: checking whether gcc understands -c and -o together
configure:4257: gcc -c conftest.c -o conftest2.o
configure:4260: $? = 0
configure:4257: gcc -c conftest.c -o conftest2.o
configure:4260: $? = 0
configure:4272: result: yes
configure:4291: checking dependency style of gcc
configure:4402: result: gcc3
configure:4417: checking for a sed that does not truncate output
configure:4481: result: /usr/bin/sed
configure:4499: checking for grep that handles long lines and -e
configure:4557: result: /usr/bin/grep
configure:4562: checking for egrep
configure:4624: result: /usr/bin/grep -E
configure:4629: checking for fgrep
configure:4691: result: /usr/bin/grep -F
configure:4726: checking for ld used by gcc
configure:4793: result: /usr/bin/ld
configure:4800: checking if the linker (/usr/bin/ld) is GNU ld
configure:4815: result: yes
configure:4827: checking for BSD- or MS-compatible name lister (nm)
configure:4881: result: /usr/bin/nm -B
configure:5011: checking the name lister (/usr/bin/nm -B) interface
configure:5018: gcc -c -g -O2  conftest.c >&5
configure:5021: /usr/bin/nm -B "conftest.o"
configure:5024: output
0000000000000000 B some_variable
configure:5025: result: BSD nm
configure:5028: checking whether ln -s works
configure:5032: result: yes
configure:5040: checking the maximum length of command line arguments
configure:5171: result: 1572864
configure:5219: checking how to convert x86_64-pc-linux-gnu file names to x86_64-pc-linux-gnu format
configure:5259: result: func_convert_file_noop
configure:5266: checking how to convert x86_64-pc-linux-gnu file names to toolchain format
configure:5286: result: func_convert_file_noop
configure:5293: checking for /usr/bin/ld option to reload object files
configure:5300: result: -r
configure:5374: checking for objdump
configure:5390: found /usr/bin/objdump
configure:5401: result: objdump
configure:5433: checking how to recognize dependent libraries
configure:5633: result: pass_all
configure:5718: checking for dlltool
configure:5748: result: no
configure:5778: checking how to associate runtime and link libraries
configure:5805: result: printf %s\n
configure:5866: checking for ar
configure:5882: found /usr/bin/ar
configure:5893: result: ar
configure:5930: checking for archiver @FILE support
configure:5947: gcc -c -g -O2  conftest.c >&5
configure:5947: $? = 0
configure:5950: ar cru libconftest.a @conftest.lst >&5
ar: `u' modifier ignored since `D' is the default (see `U')
configure:5953: $? = 0
configure:5958: ar cru libconftest.a @conftest.lst >&5
ar: `u' modifier ignored since `D' is the default (see `U')
ar: conftest.o: No such file or directory
configure:5961: $? = 1
configure:5960: result: @
configure:6018: checking for strip
configure:6034: found /usr/bin/strip
configure:6045: result: strip
configure:6117: checking for ranlib
configure:6133: found /usr/bin/ranlib
configure:6144: result: ranlib
configure:6246: checking command to parse /usr/bin/nm -B output from gcc object
configure:6399: gcc -c -g -O2  conftest.c >&5
configure:6402: $? = 0
configure:6406: /usr/bin/nm -B conftest.o | sed -n -e 's/^.*[	 ]\([ABCDGIRSTW][ABCDGIRSTW]*\)[	 ][	 ]*\([_A-Za-z][_A-Za-z0-9]*\)$/\1 \2 \2/p' | sed '/ __gnu_lto/d' > conftest.nm
configure:6472: gcc -o conftest -g -O2   conftest.c conftstm.o >&5
configure:6475: $? = 0
configure:6513: result: ok
configure:6560: checking for sysroot
configure:6590: result: no
configure:6597: checking for a working dd
configure:6635: result: /usr/bin/dd
configure:6639: checking how to truncate binary pipes
configure:6654: result: /usr/bin/dd bs=4096 count=1
configure:6790: gcc -c -g -O2  conftest.c >&5
configure:6793: $? = 0
configure:6983: checking for mt
configure:6999: found /usr/bin/mt
configure:7010: result: mt
configure:7033: checking if mt is a manifest tool
configure:7039: mt '-?'
configure:7047: result: no
configure:7724: checking how to run the C preprocessor
configure:7755: gcc -E  conftest.c
configure:7755: $? = 0
configure:7769: gcc -E  conftest.c
conftest.c:11:10: fatal error: ac_nonexistent.h: No such file or directory
 #include <ac_nonexistent.h>
          ^~~~~~~~~~~~~~~~~~
compilation terminated.
configure:7769: $? = 1
configure: failed program was:
| /* confdefs.h */
| #define PACKAGE_NAME "Home automation"
| #define PACKAGE_TARNAME "home-automation"
| #define PACKAGE_VERSION "1.0.0"
| #define PACKAGE_STRING "Home automation 1.0.0"
| #define PACKAGE_BUGREPORT "BUG-REPORT-ADDRESS"
| #define PACKAGE_URL ""
| #define PACKAGE "home-automation"
| #define VERSION "1.0.0"
| /* end confdefs.h.  */
| #include <ac_nonexistent.h>
configure:7794: result: gcc -E
configure:7814: gcc -E  conftest.c
configure:7814: $? = 0
configure:7828: gcc -E  conftest.c
conftest.c:11:10: fatal error: ac_nonexistent.h: No such file or directory
 #include <ac_nonexistent.h>
          ^~~~~~~~~~~~~~~~~~
compilation terminated.
configure:7828: $? = 1
configure: failed program was:
| /* confdefs.h */
| #define PACKAGE_NAME "Home automation"
| #define PACKAGE_TARNAME "home-automation"
| #define PACKAGE_VERSION "1.0.0"
| #define PACKAGE_STRING "Home automation 1.0.0"
| #define PACKAGE_BUGREPORT "BUG-REPORT-ADDRESS"
| #define PACKAGE_URL ""
| #define PACKAGE "home-automation"
| #define VERSION "1.0.0"
| /* end confdefs.h.  */
| #include <ac_nonexistent.h>
configure:7857: checking for ANSI C header files
configure:7877: gcc -c -g -O2  conftest.c >&5
configure:7877: $? = 0
configure:7950: gcc -o conftest -g -O2   conftest.c  >&5
configure:7950: $? = 0
configure:7950: ./conftest
configure:7950: $? = 0
configure:7961: result: yes
configure:7974: checking for sys/types.h
configure:7974: gcc -c -g -O2  conftest.c >&5
configure:7974: $? = 0
configure:7974: result: yes
configure:7974: checking for sys/stat.h
configure:7974: gcc -c -g -O2  conftest.c >&5
configure:7974: $? = 0
configure:7974: result: yes
configure:7974: checking for stdlib.h
configure:7974: gcc -c -g -O2  conftest.c >&5
configure:7974: $? = 0
configure:7974: result: yes
configure:7974: checking for string.h
configure:7974: gcc -c -g -O2  conftest.c >&5
configure:7974: $? = 0
configure:7974: result: yes
configure:7974: checking for memory.h
configure:7974: gcc -c -g -O2  conftest.c >&5
configure:7974: $? = 0
configure:7974: result: yes
configure:7974: checking for strings.h
configure:7974: gcc -c -g -O2  conftest.c >&5
configure:7974: $? = 0
configure:7974: result: yes
configure:7974: checking for inttypes.h
configure:7974: gcc -c -g -O2  conftest.c >&5
configure:7974: $? = 0
configure:7974: result: yes
configure:7974: checking for stdint.h
configure:7974: gcc -c -g -O2  conftest.c >&5
configure:7974: $? = 0
configure:7974: result: yes
configure:7974: checking for unistd.h
configure:7974: gcc -c -g -O2  conftest.c >&5
configure:7974: $? = 0
configure:7974: result: yes
configure:7988: checking for dlfcn.h
configure:7988: gcc -c -g -O2  conftest.c >&5
configure:7988: $? = 0
configure:7988: result: yes
configure:8242: checking for objdir
configure:8257: result: .libs
configure:8521: checking if gcc supports -fno-rtti -fno-exceptions
configure:8539: gcc -c -g -O2  -fno-rtti -fno-exceptions conftest.c >&5
cc1: warning: command line option '-fno-rtti' is valid for C++/ObjC++ but not for C
configure:8543: $? = 0
configure:8556: result: no
configure:8914: checking for gcc option to produce PIC
configure:8921: result: -fPIC -DPIC
configure:8929: checking if gcc PIC flag -fPIC -DPIC works
configure:8947: gcc -c -g -O2  -fPIC -DPIC -DPIC conftest.c >&5
configure:8951: $? = 0
configure:8964: result: yes
configure:8993: checking if gcc static flag -static works
configure:9021: result: yes
configure:9036: checking if gcc supports -c -o file.o
configure:9057: gcc -c -g -O2  -o out/conftest2.o conftest.c >&5
configure:9061: $? = 0
configure:9083: result: yes
configure:9091: checking if gcc supports -c -o file.o
configure:9138: result: yes
configure:9171: checking whether the gcc linker (/usr/bin/ld -m elf_x86_64) supports shared libraries
configure:10434: result: yes
configure:10471: checking whether -lc should be explicitly linked in
configure:10479: gcc -c -g -O2  conftest.c >&5
configure:10482: $? = 0
configure:10497: gcc -shared  -fPIC -DPIC conftest.o  -v -Wl,-soname -Wl,conftest -o conftest 2\>\&1 \| /usr/bin/grep  -lc  \>/dev/null 2\>\&1
configure:10500: $? = 0
configure:10514: result: no
configure:10674: checking dynamic linker characteristics
configure:11255: gcc -o conftest -g -O2   -Wl,-rpath -Wl,/foo conftest.c  >&5
configure:11255: $? = 0
configure:11504: result: GNU/Linux ld.so
configure:11626: checking how to hardcode library paths into programs
configure:11651: result: immediate
configure:12199: checking whether stripping libraries is possible
configure:12204: result: yes
configure:12239: checking if libtool supports shared libraries
configure:12241: result: yes
configure:12244: checking whether to build shared libraries
configure:12269: result: yes
configure:12272: checking whether to build static libraries
configure:12276: result: no
configure:9167: checking for g++
configure:9183: found /usr/bin/g++
configure:9194: result: g++
configure:9221: checking for C++ compiler version
configure:9230: g++ --version >&5
g++ (Debian 8.3.0-6) 8.3.0
Copyright (C) 2018 Free Software Foundation, Inc.
This is free software; see the source for copying conditions.  There is NO
warranty; not even for MERCHANTABILITY or FITNESS FOR A PARTICULAR PURPOSE.

configure:9241: $? = 0
configure:9230: g++ -v >&5
Using built-in specs.
COLLECT_GCC=g++
COLLECT_LTO_WRAPPER=/usr/lib/gcc/x86_64-linux-gnu/8/lto-wrapper
OFFLOAD_TARGET_NAMES=nvptx-none
OFFLOAD_TARGET_DEFAULT=1
Target: x86_64-linux-gnu
Configured with: ../src/configure -v --with-pkgversion='Debian 8.3.0-6' --with-bugurl=file:///usr/share/doc/gcc-8/README.Bugs --enable-languages=c,ada,c++,go,brig,d,fortran,objc,obj-c++ --prefix=/usr --with-gcc-major-version-only --program-suffix=-8 --program-prefix=x86_64-linux-gnu- --enable-shared --enable-linker-build-id --libexecdir=/usr/lib --without-included-gettext --enable-threads=posix --libdir=/usr/lib --enable-nls --enable-bootstrap --enable-clocale=gnu --enable-libstdcxx-debug --enable-libstdcxx-time=yes --with-default-libstdcxx-abi=new --enable-gnu-unique-object --disable-vtable-verify --enable-libmpx --enable-plugin --enable-default-pie --with-system-zlib --with-target-system-zlib --enable-objc-gc=auto --enable-multiarch --disable-werror --with-arch-32=i686 --with-abi=m64 --with-multilib-list=m32,m64,mx32 --enable-multilib --with-tune=generic --enable-offload-targets=nvptx-none --without-cuda-driver --enable-checking=release --build=x86_64-linux-gnu --host=x86_64-linux-gnu --target=x86_64-linux-gnu
Thread model: posix
gcc version 8.3.0 (Debian 8.3.0-6) 
configure:9241: $? = 0
configure:9230: g++ -V >&5
g++: error: unrecognized command line option '-V'
g++: fatal error: no input files
compilation terminated.
configure:9241: $? = 1
configure:9230: g++ -qversion >&5
g++: error: unrecognized command line option '-qversion'; did you mean '--version'?
g++: fatal error: no input files
compilation terminated.
configure:9241: $? = 1
configure:9245: checking whether we are using the GNU C++ compiler
configure:9264: g++ -c   conftest.cpp >&5
configure:9264: $? = 0
configure:9273: result: yes
configure:9282: checking whether g++ accepts -g
configure:9302: g++ -c -g  conftest.cpp >&5
configure:9302: $? = 0
configure:9343: result: yes
configure:9368: checking dependency style of g++
configure:9479: result: gcc3
configure:9512: checking how to run the C++ preprocessor
configure:9539: g++ -E  conftest.cpp
configure:9539: $? = 0
configure:9553: g++ -E  conftest.cpp
conftest.cpp:26:10: fatal error: ac_nonexistent.h: No such file or directory
 #include <ac_nonexistent.h>
          ^~~~~~~~~~~~~~~~~~
compilation terminated.
configure:9553: $? = 1
configure: failed program was:
| /* confdefs.h */
| #define PACKAGE_NAME "Home automation"
| #define PACKAGE_TARNAME "home-automation"
| #define PACKAGE_VERSION "1.0.0"
| #define PACKAGE_STRING "Home automation 1.0.0"
| #define PACKAGE_BUGREPORT "BUG-REPORT-ADDRESS"
| #define PACKAGE_URL ""
| #define PACKAGE "home-automation"
| #define VERSION "1.0.0"
| #define STDC_HEADERS 1
| #define HAVE_SYS_TYPES_H 1
| #define HAVE_SYS_STAT_H 1
| #define HAVE_STDLIB_H 1
| #define HAVE_STRING_H 1
| #define HAVE_MEMORY_H 1
| #define HAVE_STRINGS_H 1
| #define HAVE_INTTYPES_H 1
| #define HAVE_STDINT_H 1
| #define HAVE_UNISTD_H 1
| #define HAVE_DLFCN_H 1
| #define LT_OBJDIR ".libs/"
| #define USE_THREADS 1
| #define LUA_USE_MKSTEMP 1
| #define MEMWATCH 1
| /* end confdefs.h.  */
| #include <ac_nonexistent.h>
configure:9578: result: g++ -E
configure:9598: g++ -E  conftest.cpp
configure:9598: $? = 0
configure:9612: g++ -E  conftest.cpp
conftest.cpp:26:10: fatal error: ac_nonexistent.h: No such file or directory
 #include <ac_nonexistent.h>
          ^~~~~~~~~~~~~~~~~~
compilation terminated.
configure:9612: $? = 1
configure: failed program was:
| /* confdefs.h */
| #define PACKAGE_NAME "Home automation"
| #define PACKAGE_TARNAME "home-automation"
| #define PACKAGE_VERSION "1.0.0"
| #define PACKAGE_STRING "Home automation 1.0.0"
| #define PACKAGE_BUGREPORT "BUG-REPORT-ADDRESS"
| #define PACKAGE_URL ""
| #define PACKAGE "home-automation"
| #define VERSION "1.0.0"
| #define STDC_HEADERS 1
| #define HAVE_SYS_TYPES_H 1
| #define HAVE_SYS_STAT_H 1
| #define HAVE_STDLIB_H 1
| #define HAVE_STRING_H 1
| #define HAVE_MEMORY_H 1
| #define HAVE_STRINGS_H 1
| #define HAVE_INTTYPES_H 1
| #define HAVE_STDINT_H 1
| #define HAVE_UNISTD_H 1
| #define HAVE_DLFCN_H 1
| #define LT_OBJDIR ".libs/"
| #define USE_THREADS 1
| #define LUA_USE_MKSTEMP 1
| #define MEMWATCH 1
| /* end confdefs.h.  */
| #include <ac_nonexistent.h>
configure:9774: checking for ld used by g++
configure:9841: result: /usr/bin/ld -m elf_x86_64
configure:9848: checking if the linker (/usr/bin/ld -m elf_x86_64) is GNU ld
configure:9863: result: yes
configure:9918: checking whether the g++ linker (/usr/bin/ld -m elf_x86_64) supports shared libraries
configure:10991: result: yes
configure:11027: g++ -c -g -O2  conftest.cpp >&5
configure:11030: $? = 0
configure:11511: checking for g++ option to produce PIC
configure:11518: result: -fPIC -DPIC
configure:11526: checking if g++ PIC flag -fPIC -DPIC works
configure:11544: g++ -c -g -O2  -fPIC -DPIC -DPIC conftest.cpp >&5
configure:11548: $? = 0
configure:11561: result: yes
configure:11584: checking if g++ static flag -static works
configure:11612: result: yes
configure:11624: checking if g++ supports -c -o file.o
configure:11645: g++ -c -g -O2  -o out/conftest2.o conftest.cpp >&5
configure:11649: $? = 0
configure:11671: result: yes
configure:11676: checking if g++ supports -c -o file.o
configure:11723: result: yes
configure:11753: checking whether the g++ linker (/usr/bin/ld -m elf_x86_64) supports shared libraries
configure:11796: result: yes
configure:11937: checking dynamic linker characteristics
configure:12694: result: GNU/Linux ld.so
configure:12759: checking how to hardcode library paths into programs
configure:12784: result: immediate
configure:11703: checking for gcc
configure:11730: result: gcc
configure:11959: checking for C compiler version
configure:11968: gcc --version >&5
gcc (Debian 8.3.0-6) 8.3.0
Copyright (C) 2018 Free Software Foundation, Inc.
This is free software; see the source for copying conditions.  There is NO
warranty; not even for MERCHANTABILITY or FITNESS FOR A PARTICULAR PURPOSE.

configure:11979: $? = 0
configure:11968: gcc -v >&5
Using built-in specs.
COLLECT_GCC=gcc
COLLECT_LTO_WRAPPER=/usr/lib/gcc/x86_64-linux-gnu/8/lto-wrapper
OFFLOAD_TARGET_NAMES=nvptx-none
OFFLOAD_TARGET_DEFAULT=1
Target: x86_64-linux-gnu
Configured with: ../src/configure -v --with-pkgversion='Debian 8.3.0-6' --with-bugurl=file:///usr/share/doc/gcc-8/README.Bugs --enable-languages=c,ada,c++,go,brig,d,fortran,objc,obj-c++ --prefix=/usr --with-gcc-major-version-only --program-suffix=-8 --program-prefix=x86_64-linux-gnu- --enable-shared --enable-linker-build-id --libexecdir=/usr/lib --without-included-gettext --enable-threads=posix --libdir=/usr/lib --enable-nls --enable-bootstrap --enable-clocale=gnu --enable-libstdcxx-debug --enable-libstdcxx-time=yes --with-default-libstdcxx-abi=new --enable-gnu-unique-object --disable-vtable-verify --enable-libmpx --enable-plugin --enable-default-pie --with-system-zlib --with-target-system-zlib --enable-objc-gc=auto --enable-multiarch --disable-werror --with-arch-32=i686 --with-abi=m64 --with-multilib-list=m32,m64,mx32 --enable-multilib --with-tune=generic --enable-offload-targets=nvptx-none --without-cuda-driver --enable-checking=release --build=x86_64-linux-gnu --host=x86_64-linux-gnu --target=x86_64-linux-gnu
Thread model: posix
gcc version 8.3.0 (Debian 8.3.0-6) 
configure:11979: $? = 0
configure:11968: gcc -V >&5
gcc: error: unrecognized command line option '-V'
gcc: fatal error: no input files
compilation terminated.
configure:11979: $? = 1
configure:11968: gcc -qversion >&5
gcc: error: unrecognized command line option '-qversion'; did you mean '--version'?
gcc: fatal error: no input files
compilation terminated.
configure:11979: $? = 1
configure:11983: checking whether we are using the GNU C compiler
configure:12011: result: yes
configure:12020: checking whether gcc accepts -g
configure:12081: result: yes
configure:12098: checking for gcc option to accept ISO C89
configure:12174: result: none needed
configure:12199: checking whether gcc understands -c and -o together
configure:12236: result: yes
configure:12255: checking dependency style of gcc
configure:12366: result: gcc3
configure:12386: checking how to run the C preprocessor
configure:12456: result: gcc -E
configure:12476: gcc -E  conftest.c
configure:12476: $? = 0
configure:12490: gcc -E  conftest.c
conftest.c:26:10: fatal error: ac_nonexistent.h: No such file or directory
 #include <ac_nonexistent.h>
          ^~~~~~~~~~~~~~~~~~
compilation terminated.
configure:12490: $? = 1
configure: failed program was:
| /* confdefs.h */
| #define PACKAGE_NAME "Home automation"
| #define PACKAGE_TARNAME "home-automation"
| #define PACKAGE_VERSION "1.0.0"
| #define PACKAGE_STRING "Home automation 1.0.0"
| #define PACKAGE_BUGREPORT "BUG-REPORT-ADDRESS"
| #define PACKAGE_URL ""
| #define PACKAGE "home-automation"
| #define VERSION "1.0.0"
| #define STDC_HEADERS 1
| #define HAVE_SYS_TYPES_H 1
| #define HAVE_SYS_STAT_H 1
| #define HAVE_STDLIB_H 1
| #define HAVE_STRING_H 1
| #define HAVE_MEMORY_H 1
| #define HAVE_STRINGS_H 1
| #define HAVE_INTTYPES_H 1
| #define HAVE_STDINT_H 1
| #define HAVE_UNISTD_H 1
| #define HAVE_DLFCN_H 1
| #define LT_OBJDIR ".libs/"
| #define USE_THREADS 1
| #define LUA_USE_MKSTEMP 1
| #define MEMWATCH 1
| /* end confdefs.h.  */
| #include <ac_nonexistent.h>
configure:12536: checking libxml/parser.h usability
configure:12536: g++ -c -g -O2 -I/usr/include/libxml2 -I/usr/include/x86_64-linux-gnu -I/usr/local/include conftest.cpp >&5
configure:12536: $? = 0
configure:12536: result: yes
configure:12536: checking libxml/parser.h presence
configure:12536: g++ -E -I/usr/include/libxml2 -I/usr/include/x86_64-linux-gnu -I/usr/local/include conftest.cpp
configure:12536: $? = 0
configure:12536: result: yes
configure:12536: checking for libxml/parser.h
configure:12536: result: yes
configure:12546: checking libconfig.h++ usability
configure:12546: g++ -c -g -O2 -I/usr/include/libxml2 -I/usr/include/x86_64-linux-gnu -I/usr/local/include conftest.cpp >&5
configure:12546: $? = 0
configure:12546: result: yes
configure:12546: checking libconfig.h++ presence
configure:12546: g++ -E -I/usr/include/libxml2 -I/usr/include/x86_64-linux-gnu -I/usr/local/include conftest.cpp
configure:12546: $? = 0
configure:12546: result: yes
configure:12546: checking for libconfig.h++
configure:12546: result: yes
configure:12556: checking curl/curl.h usability
configure:12556: g++ -c -g -O2 -I/usr/include/libxml2 -I/usr/include/x86_64-linux-gnu -I/usr/local/include conftest.cpp >&5
configure:12556: $? = 0
configure:12556: result: yes
configure:12556: checking curl/curl.h presence
configure:12556: g++ -E -I/usr/include/libxml2 -I/usr/include/x86_64-linux-gnu -I/usr/local/include conftest.cpp
configure:12556: $? = 0
configure:12556: result: yes
configure:12556: checking for curl/curl.h
configure:12556: result: yes
configure:12566: checking httpserver.hpp usability
configure:12566: g++ -c -g -O2 -I/usr/include/libxml2 -I/usr/include/x86_64-linux-gnu -I/usr/local/include conftest.cpp >&5
configure:12566: $? = 0
configure:12566: result: yes
configure:12566: checking httpserver.hpp presence
configure:12566: g++ -E -I/usr/include/libxml2 -I/usr/include/x86_64-linux-gnu -I/usr/local/include conftest.cpp
configure:12566: $? = 0
configure:12566: result: yes
configure:12566: checking for httpserver.hpp
configure:12566: result: yes
configure:12590: checking arpa/inet.h usability
configure:12590: gcc -c -g -O2 -I/usr/include/libxml2 -I/usr/include/x86_64-linux-gnu -I/usr/local/include conftest.c >&5
configure:12590: $? = 0
configure:12590: result: yes
configure:12590: checking arpa/inet.h presence
configure:12590: gcc -E -I/usr/include/libxml2 -I/usr/include/x86_64-linux-gnu -I/usr/local/include conftest.c
configure:12590: $? = 0
configure:12590: result: yes
configure:12590: checking for arpa/inet.h
configure:12590: result: yes
configure:12590: checking fcntl.h usability
configure:12590: gcc -c -g -O2 -I/usr/include/libxml2 -I/usr/include/x86_64-linux-gnu -I/usr/local/include conftest.c >&5
configure:12590: $? = 0
configure:12590: result: yes
configure:12590: checking fcntl.h presence
configure:12590: gcc -E -I/usr/include/libxml2 -I/usr/include/x86_64-linux-gnu -I/usr/local/include conftest.c
configure:12590: $? = 0
configure:12590: result: yes
configure:12590: checking for fcntl.h
configure:12590: result: yes
configure:12590: checking float.h usability
configure:12590: gcc -c -g -O2 -I/usr/include/libxml2 -I/usr/include/x86_64-linux-gnu -I/usr/local/include conftest.c >&5
configure:12590: $? = 0
configure:12590: result: yes
configure:12590: checking float.h presence
configure:12590: gcc -E -I/usr/include/libxml2 -I/usr/include/x86_64-linux-gnu -I/usr/local/include conftest.c
configure:12590: $? = 0
configure:12590: result: yes
configure:12590: checking for float.h
configure:12590: result: yes
configure:12590: checking for inttypes.h
configure:12590: result: yes
configure:12590: checking limits.h usability
configure:12590: gcc -c -g -O2 -I/usr/include/libxml2 -I/usr/include/x86_64-linux-gnu -I/usr/local/include conftest.c >&5
configure:12590: $? = 0
configure:12590: result: yes
configure:12590: checking limits.h presence
configure:12590: gcc -E -I/usr/include/libxml2 -I/usr/include/x86_64-linux-gnu -I/usr/local/include conftest.c
configure:12590: $? = 0
configure:12590: result: yes
configure:12590: checking for limits.h
configure:12590: result: yes
configure:12590: checking locale.h usability
configure:12590: gcc -c -g -O2 -I/usr/include/libxml2 -I/usr/include/x86_64-linux-gnu -I/usr/local/include conftest.c >&5
configure:12590: $? = 0
configure:12590: result: yes
configure:12590: checking locale.h presence
configure:12590: gcc -E -I/usr/include/libxml2 -I/usr/include/x86_64-linux-gnu -I/usr/local/include conftest.c
configure:12590: $? = 0
configure:12590: result: yes
configure:12590: checking for locale.h
configure:12590: result: yes
configure:12590: checking mach/mach.h usability
configure:12590: gcc -c -g -O2 -I/usr/include/libxml2 -I/usr/include/x86_64-linux-gnu -I/usr/local/include conftest.c >&5
conftest.c:65:10: fatal error: mach/mach.h: No such file or directory
 #include <mach/mach.h>
          ^~~~~~~~~~~~~
compilation terminated.
configure:12590: $? = 1
configure: failed program was:
| /* confdefs.h */
| #define PACKAGE_NAME "Home automation"
| #define PACKAGE_TARNAME "home-automation"
| #define PACKAGE_VERSION "1.0.0"
| #define PACKAGE_STRING "Home automation 1.0.0"
| #define PACKAGE_BUGREPORT "BUG-REPORT-ADDRESS"
| #define PACKAGE_URL ""
| #define PACKAGE "home-automation"
| #define VERSION "1.0.0"
| #define STDC_HEADERS 1
| #define HAVE_SYS_TYPES_H 1
| #define HAVE_SYS_STAT_H 1
| #define HAVE_STDLIB_H 1
| #define HAVE_STRING_H 1
| #define HAVE_MEMORY_H 1
| #define HAVE_STRINGS_H 1
| #define HAVE_INTTYPES_H 1
| #define HAVE_STDINT_H 1
| #define HAVE_UNISTD_H 1
| #define HAVE_DLFCN_H 1
| #define LT_OBJDIR ".libs/"
| #define USE_THREADS 1
| #define LUA_USE_MKSTEMP 1
| #define MEMWATCH 1
| #define HAVE_ARPA_INET_H 1
| #define HAVE_FCNTL_H 1
| #define HAVE_FLOAT_H 1
| #define HAVE_INTTYPES_H 1
| #define HAVE_LIMITS_H 1
| #define HAVE_LOCALE_H 1
| /* end confdefs.h.  */
| #include <stdio.h>
| #ifdef HAVE_SYS_TYPES_H
| # include <sys/types.h>
| #endif
| #ifdef HAVE_SYS_STAT_H
| # include <sys/stat.h>
| #endif
| #ifdef STDC_HEADERS
| # include <stdlib.h>
| # include <stddef.h>
| #else
| # ifdef HAVE_STDLIB_H
| #  include <stdlib.h>
| # endif
| #endif
| #ifdef HAVE_STRING_H
| # if !defined STDC_HEADERS && defined HAVE_MEMORY_H
| #  include <memory.h>
| # endif
| # include <string.h>
| #endif
| #ifdef HAVE_STRINGS_H
| # include <strings.h>
| #endif
| #ifdef HAVE_INTTYPES_H
| # include <inttypes.h>
| #endif
| #ifdef HAVE_STDINT_H
| # include <stdint.h>
| #endif
| #ifdef HAVE_UNISTD_H
| # include <unistd.h>
| #endif
| #include <mach/mach.h>
configure:12590: result: no
configure:12590: checking mach/mach.h presence
configure:12590: gcc -E -I/usr/include/libxml2 -I/usr/include/x86_64-linux-gnu -I/usr/local/include conftest.c
conftest.c:32:10: fatal error: mach/mach.h: No such file or directory
 #include <mach/mach.h>
          ^~~~~~~~~~~~~
compilation terminated.
configure:12590: $? = 1
configure: failed program was:
| /* confdefs.h */
| #define PACKAGE_NAME "Home automation"
| #define PACKAGE_TARNAME "home-automation"
| #define PACKAGE_VERSION "1.0.0"
| #define PACKAGE_STRING "Home automation 1.0.0"
| #define PACKAGE_BUGREPORT "BUG-REPORT-ADDRESS"
| #define PACKAGE_URL ""
| #define PACKAGE "home-automation"
| #define VERSION "1.0.0"
| #define STDC_HEADERS 1
| #define HAVE_SYS_TYPES_H 1
| #define HAVE_SYS_STAT_H 1
| #define HAVE_STDLIB_H 1
| #define HAVE_STRING_H 1
| #define HAVE_MEMORY_H 1
| #define HAVE_STRINGS_H 1
| #define HAVE_INTTYPES_H 1
| #define HAVE_STDINT_H 1
| #define HAVE_UNISTD_H 1
| #define HAVE_DLFCN_H 1
| #define LT_OBJDIR ".libs/"
| #define USE_THREADS 1
| #define LUA_USE_MKSTEMP 1
| #define MEMWATCH 1
| #define HAVE_ARPA_INET_H 1
| #define HAVE_FCNTL_H 1
| #define HAVE_FLOAT_H 1
| #define HAVE_INTTYPES_H 1
| #define HAVE_LIMITS_H 1
| #define HAVE_LOCALE_H 1
| /* end confdefs.h.  */
| #include <mach/mach.h>
configure:12590: result: no
configure:12590: checking for mach/mach.h
configure:12590: result: no
configure:12590: checking malloc.h usability
configure:12590: gcc -c -g -O2 -I/usr/include/libxml2 -I/usr/include/x86_64-linux-gnu -I/usr/local/include conftest.c >&5
configure:12590: $? = 0
configure:12590: result: yes
configure:12590: checking malloc.h presence
configure:12590: gcc -E -I/usr/include/libxml2 -I/usr/include/x86_64-linux-gnu -I/usr/local/include conftest.c
configure:12590: $? = 0
configure:12590: result: yes
configure:12590: checking for malloc.h
configure:12590: result: yes
configure:12590: checking netdb.h usability
configure:12590: gcc -c -g -O2 -I/usr/include/libxml2 -I/usr/include/x86_64-linux-gnu -I/usr/local/include conftest.c >&5
configure:12590: $? = 0
configure:12590: result: yes
configure:12590: checking netdb.h presence
configure:12590: gcc -E -I/usr/include/libxml2 -I/usr/include/x86_64-linux-gnu -I/usr/local/include conftest.c
configure:12590: $? = 0
configure:12590: result: yes
configure:12590: checking for netdb.h
configure:12590: result: yes
configure:12590: checking netinet/in.h usability
configure:12590: gcc -c -g -O2 -I/usr/include/libxml2 -I/usr/include/x86_64-linux-gnu -I/usr/local/include conftest.c >&5
configure:12590: $? = 0
configure:12590: result: yes
configure:12590: checking netinet/in.h presence
configure:12590: gcc -E -I/usr/include/libxml2 -I/usr/include/x86_64-linux-gnu -I/usr/local/include conftest.c
configure:12590: $? = 0
configure:12590: result: yes
configure:12590: checking for netinet/in.h
configure:12590: result: yes
configure:12590: checking stddef.h usability
configure:12590: gcc -c -g -O2 -I/usr/include/libxml2 -I/usr/include/x86_64-linux-gnu -I/usr/local/include conftest.c >&5
configure:12590: $? = 0
configure:12590: result: yes
configure:12590: checking stddef.h presence
configure:12590: gcc -E -I/usr/include/libxml2 -I/usr/include/x86_64-linux-gnu -I/usr/local/include conftest.c
configure:12590: $? = 0
configure:12590: result: yes
configure:12590: checking for stddef.h
configure:12590: result: yes
configure:12590: checking for stdint.h
configure:12590: result: yes
configure:12590: checking for stdlib.h
configure:12590: result: yes
configure:12590: checking for string.h
configure:12590: result: yes
configure:12590: checking for strings.h
configure:12590: result: yes
configure:12590: checking sys/file.h usability
configure:12590: gcc -c -g -O2 -I/usr/include/libxml2 -I/usr/include/x86_64-linux-gnu -I/usr/local/include conftest.c >&5
configure:12590: $? = 0
configure:12590: result: yes
configure:12590: checking sys/file.h presence
configure:12590: gcc -E -I/usr/include/libxml2 -I/usr/include/x86_64-linux-gnu -I/usr/local/include conftest.c
configure:12590: $? = 0
configure:12590: result: yes
configure:12590: checking for sys/file.h
configure:12590: result: yes
configure:12590: checking sys/ioctl.h usability
configure:12590: gcc -c -g -O2 -I/usr/include/libxml2 -I/usr/include/x86_64-linux-gnu -I/usr/local/include conftest.c >&5
configure:12590: $? = 0
configure:12590: result: yes
configure:12590: checking sys/ioctl.h presence
configure:12590: gcc -E -I/usr/include/libxml2 -I/usr/include/x86_64-linux-gnu -I/usr/local/include conftest.c
configure:12590: $? = 0
configure:12590: result: yes
configure:12590: checking for sys/ioctl.h
configure:12590: result: yes
configure:12590: checking sys/socket.h usability
configure:12590: gcc -c -g -O2 -I/usr/include/libxml2 -I/usr/include/x86_64-linux-gnu -I/usr/local/include conftest.c >&5
configure:12590: $? = 0
configure:12590: result: yes
configure:12590: checking sys/socket.h presence
configure:12590: gcc -E -I/usr/include/libxml2 -I/usr/include/x86_64-linux-gnu -I/usr/local/include conftest.c
configure:12590: $? = 0
configure:12590: result: yes
configure:12590: checking for sys/socket.h
configure:12590: result: yes
configure:12590: checking sys/time.h usability
configure:12590: gcc -c -g -O2 -I/usr/include/libxml2 -I/usr/include/x86_64-linux-gnu -I/usr/local/include conftest.c >&5
configure:12590: $? = 0
configure:12590: result: yes
configure:12590: checking sys/time.h presence
configure:12590: gcc -E -I/usr/include/libxml2 -I/usr/include/x86_64-linux-gnu -I/usr/local/include conftest.c
configure:12590: $? = 0
configure:12590: result: yes
configure:12590: checking for sys/time.h
configure:12590: result: yes
configure:12590: checking sys/timeb.h usability
configure:12590: gcc -c -g -O2 -I/usr/include/libxml2 -I/usr/include/x86_64-linux-gnu -I/usr/local/include conftest.c >&5
configure:12590: $? = 0
configure:12590: result: yes
configure:12590: checking sys/timeb.h presence
configure:12590: gcc -E -I/usr/include/libxml2 -I/usr/include/x86_64-linux-gnu -I/usr/local/include conftest.c
configure:12590: $? = 0
configure:12590: result: yes
configure:12590: checking for sys/timeb.h
configure:12590: result: yes
configure:12590: checking syslog.h usability
configure:12590: gcc -c -g -O2 -I/usr/include/libxml2 -I/usr/include/x86_64-linux-gnu -I/usr/local/include conftest.c >&5
configure:12590: $? = 0
configure:12590: result: yes
configure:12590: checking syslog.h presence
configure:12590: gcc -E -I/usr/include/libxml2 -I/usr/include/x86_64-linux-gnu -I/usr/local/include conftest.c
configure:12590: $? = 0
configure:12590: result: yes
configure:12590: checking for syslog.h
configure:12590: result: yes
configure:12590: checking termios.h usability
configure:12590: gcc -c -g -O2 -I/usr/include/libxml2 -I/usr/include/x86_64-linux-gnu -I/usr/local/include conftest.c >&5
configure:12590: $? = 0
configure:12590: result: yes
configure:12590: checking termios.h presence
configure:12590: gcc -E -I/usr/include/libxml2 -I/usr/include/x86_64-linux-gnu -I/usr/local/include conftest.c
configure:12590: $? = 0
configure:12590: result: yes
configure:12590: checking for termios.h
configure:12590: result: yes
configure:12590: checking for unistd.h
configure:12590: result: yes
configure:12590: checking wchar.h usability
configure:12590: gcc -c -g -O2 -I/usr/include/libxml2 -I/usr/include/x86_64-linux-gnu -I/usr/local/include conftest.c >&5
configure:12590: $? = 0
configure:12590: result: yes
configure:12590: checking wchar.h presence
configure:12590: gcc -E -I/usr/include/libxml2 -I/usr/include/x86_64-linux-gnu -I/usr/local/include conftest.c
configure:12590: $? = 0
configure:12590: result: yes
configure:12590: checking for wchar.h
configure:12590: result: yes
configure:12590: checking wctype.h usability
configure:12590: gcc -c -g -O2 -I/usr/include/libxml2 -I/usr/include/x86_64-linux-gnu -I/usr/local/include conftest.c >&5
configure:12590: $? = 0
configure:12590: result: yes
configure:12590: checking wctype.h presence
configure:12590: gcc -E -I/usr/include/libxml2 -I/usr/include/x86_64-linux-gnu -I/usr/local/include conftest.c
configure:12590: $? = 0
configure:12590: result: yes
configure:12590: checking for wctype.h
configure:12590: result: yes
configure:12602: checking for stdbool.h that conforms to C99
configure:12669: gcc -c -g -O2 -I/usr/include/libxml2 -I/usr/include/x86_64-linux-gnu -I/usr/local/include conftest.c >&5
configure:12669: $? = 0
configure:12676: result: yes
configure:12678: checking for _Bool
configure:12678: gcc -c -g -O2 -I/usr/include/libxml2 -I/usr/include/x86_64-linux-gnu -I/usr/local/include conftest.c >&5
configure:12678: $? = 0
configure:12678: gcc -c -g -O2 -I/usr/include/libxml2 -I/usr/include/x86_64-linux-gnu -I/usr/local/include conftest.c >&5
conftest.c: In function 'main':
conftest.c:86:20: error: expected expression before ')' token
 if (sizeof ((_Bool)))
                    ^
configure:12678: $? = 1
configure: failed program was:
| /* confdefs.h */
| #define PACKAGE_NAME "Home automation"
| #define PACKAGE_TARNAME "home-automation"
| #define PACKAGE_VERSION "1.0.0"
| #define PACKAGE_STRING "Home automation 1.0.0"
| #define PACKAGE_BUGREPORT "BUG-REPORT-ADDRESS"
| #define PACKAGE_URL ""
| #define PACKAGE "home-automation"
| #define VERSION "1.0.0"
| #define STDC_HEADERS 1
| #define HAVE_SYS_TYPES_H 1
| #define HAVE_SYS_STAT_H 1
| #define HAVE_STDLIB_H 1
| #define HAVE_STRING_H 1
| #define HAVE_MEMORY_H 1
| #define HAVE_STRINGS_H 1
| #define HAVE_INTTYPES_H 1
| #define HAVE_STDINT_H 1
| #define HAVE_UNISTD_H 1
| #define HAVE_DLFCN_H 1
| #define LT_OBJDIR ".libs/"
| #define USE_THREADS 1
| #define LUA_USE_MKSTEMP 1
| #define MEMWATCH 1
| #define HAVE_ARPA_INET_H 1
| #define HAVE_FCNTL_H 1
| #define HAVE_FLOAT_H 1
| #define HAVE_INTTYPES_H 1
| #define HAVE_LIMITS_H 1
| #define HAVE_LOCALE_H 1
| #define HAVE_MALLOC_H 1
| #define HAVE_NETDB_H 1
| #define HAVE_NETINET_IN_H 1
| #define HAVE_STDDEF_H 1
| #define HAVE_STDINT_H 1
| #define HAVE_STDLIB_H 1
| #define HAVE_STRING_H 1
| #define HAVE_STRINGS_H 1
| #define HAVE_SYS_FILE_H 1
| #define HAVE_SYS_IOCTL_H 1
| #define HAVE_SYS_SOCKET_H 1
| #define HAVE_SYS_TIME_H 1
| #define HAVE_SYS_TIMEB_H 1
| #define HAVE_SYSLOG_H 1
| #define HAVE_TERMIOS_H 1
| #define HAVE_UNISTD_H 1
| #define HAVE_WCHAR_H 1
| #define HAVE_WCTYPE_H 1
| /* end confdefs.h.  */
| #include <stdio.h>
| #ifdef HAVE_SYS_TYPES_H
| # include <sys/types.h>
| #endif
| #ifdef HAVE_SYS_STAT_H
| # include <sys/stat.h>
| #endif
| #ifdef STDC_HEADERS
| # include <stdlib.h>
| # include <stddef.h>
| #else
| # ifdef HAVE_STDLIB_H
| #  include <stdlib.h>
| # endif
| #endif
| #ifdef HAVE_STRING_H
| # if !defined STDC_HEADERS && defined HAVE_MEMORY_H
| #  include <memory.h>
| # endif
| # include <string.h>
| #endif
| #ifdef HAVE_STRINGS_H
| # include <strings.h>
| #endif
| #ifdef HAVE_INTTYPES_H
| # include <inttypes.h>
| #endif
| #ifdef HAVE_STDINT_H
| # include <stdint.h>
| #endif
| #ifdef HAVE_UNISTD_H
| # include <unistd.h>
| #endif
| int
| main ()
| {
| if (sizeof ((_Bool)))
| 	    return 0;
|   ;
|   return 0;
| }
configure:12678: result: yes
configure:12689: checking for inline
configure:12705: gcc -c -g -O2 -I/usr/include/libxml2 -I/usr/include/x86_64-linux-gnu -I/usr/local/include conftest.c >&5
configure:12705: $? = 0
configure:12713: result: inline
configure:12731: checking for int16_t
configure:12731: gcc -c -g -O2 -I/usr/include/libxml2 -I/usr/include/x86_64-linux-gnu -I/usr/local/include conftest.c >&5
configure:12731: $? = 0
configure:12731: gcc -c -g -O2 -I/usr/include/libxml2 -I/usr/include/x86_64-linux-gnu -I/usr/local/include conftest.c >&5
conftest.c: In function 'main':
conftest.c:88:12: error: size of array 'test_array' is negative
 static int test_array [1 - 2 * !((int16_t) (((((int16_t) 1 << N) << N) - 1) * 2 + 1)
            ^~~~~~~~~~
configure:12731: $? = 1
configure: failed program was:
| /* confdefs.h */
| #define PACKAGE_NAME "Home automation"
| #define PACKAGE_TARNAME "home-automation"
| #define PACKAGE_VERSION "1.0.0"
| #define PACKAGE_STRING "Home automation 1.0.0"
| #define PACKAGE_BUGREPORT "BUG-REPORT-ADDRESS"
| #define PACKAGE_URL ""
| #define PACKAGE "home-automation"
| #define VERSION "1.0.0"
| #define STDC_HEADERS 1
| #define HAVE_SYS_TYPES_H 1
| #define HAVE_SYS_STAT_H 1
| #define HAVE_STDLIB_H 1
| #define HAVE_STRING_H 1
| #define HAVE_MEMORY_H 1
| #define HAVE_STRINGS_H 1
| #define HAVE_INTTYPES_H 1
| #define HAVE_STDINT_H 1
| #define HAVE_UNISTD_H 1
| #define HAVE_DLFCN_H 1
| #define LT_OBJDIR ".libs/"
| #define USE_THREADS 1
| #define LUA_USE_MKSTEMP 1
| #define MEMWATCH 1
| #define HAVE_ARPA_INET_H 1
| #define HAVE_FCNTL_H 1
| #define HAVE_FLOAT_H 1
| #define HAVE_INTTYPES_H 1
| #define HAVE_LIMITS_H 1
| #define HAVE_LOCALE_H 1
| #define HAVE_MALLOC_H 1
| #define HAVE_NETDB_H 1
| #define HAVE_NETINET_IN_H 1
| #define HAVE_STDDEF_H 1
| #define HAVE_STDINT_H 1
| #define HAVE_STDLIB_H 1
| #define HAVE_STRING_H 1
| #define HAVE_STRINGS_H 1
| #define HAVE_SYS_FILE_H 1
| #define HAVE_SYS_IOCTL_H 1
| #define HAVE_SYS_SOCKET_H 1
| #define HAVE_SYS_TIME_H 1
| #define HAVE_SYS_TIMEB_H 1
| #define HAVE_SYSLOG_H 1
| #define HAVE_TERMIOS_H 1
| #define HAVE_UNISTD_H 1
| #define HAVE_WCHAR_H 1
| #define HAVE_WCTYPE_H 1
| #define HAVE__BOOL 1
| /* end confdefs.h.  */
| #include <stdio.h>
| #ifdef HAVE_SYS_TYPES_H
| # include <sys/types.h>
| #endif
| #ifdef HAVE_SYS_STAT_H
| # include <sys/stat.h>
| #endif
| #ifdef STDC_HEADERS
| # include <stdlib.h>
| # include <stddef.h>
| #else
| # ifdef HAVE_STDLIB_H
| #  include <stdlib.h>
| # endif
| #endif
| #ifdef HAVE_STRING_H
| # if !defined STDC_HEADERS && defined HAVE_MEMORY_H
| #  include <memory.h>
| # endif
| # include <string.h>
| #endif
| #ifdef HAVE_STRINGS_H
| # include <strings.h>
| #endif
| #ifdef HAVE_INTTYPES_H
| # include <inttypes.h>
| #endif
| #ifdef HAVE_STDINT_H
| # include <stdint.h>
| #endif
| #ifdef HAVE_UNISTD_H
| # include <unistd.h>
| #endif
| 	        enum { N = 16 / 2 - 1 };
| int
| main ()
| {
| static int test_array [1 - 2 * !((int16_t) (((((int16_t) 1 << N) << N) - 1) * 2 + 1)
| 		 < (int16_t) (((((int16_t) 1 << N) << N) - 1) * 2 + 2))];
| test_array [0] = 0;
| return test_array [0];
| 
|   ;
|   return 0;
| }
configure:12731: result: yes
configure:12742: checking for int32_t
configure:12742: gcc -c -g -O2 -I/usr/include/libxml2 -I/usr/include/x86_64-linux-gnu -I/usr/local/include conftest.c >&5
configure:12742: $? = 0
configure:12742: gcc -c -g -O2 -I/usr/include/libxml2 -I/usr/include/x86_64-linux-gnu -I/usr/local/include conftest.c >&5
conftest.c: In function 'main':
conftest.c:89:53: warning: integer overflow in expression of type 'int' results in '-2147483648' [-Woverflow]
    < (int32_t) (((((int32_t) 1 << N) << N) - 1) * 2 + 2))];
                                                     ^
conftest.c:88:12: error: storage size of 'test_array' isn't constant
 static int test_array [1 - 2 * !((int32_t) (((((int32_t) 1 << N) << N) - 1) * 2 + 1)
            ^~~~~~~~~~
configure:12742: $? = 1
configure: failed program was:
| /* confdefs.h */
| #define PACKAGE_NAME "Home automation"
| #define PACKAGE_TARNAME "home-automation"
| #define PACKAGE_VERSION "1.0.0"
| #define PACKAGE_STRING "Home automation 1.0.0"
| #define PACKAGE_BUGREPORT "BUG-REPORT-ADDRESS"
| #define PACKAGE_URL ""
| #define PACKAGE "home-automation"
| #define VERSION "1.0.0"
| #define STDC_HEADERS 1
| #define HAVE_SYS_TYPES_H 1
| #define HAVE_SYS_STAT_H 1
| #define HAVE_STDLIB_H 1
| #define HAVE_STRING_H 1
| #define HAVE_MEMORY_H 1
| #define HAVE_STRINGS_H 1
| #define HAVE_INTTYPES_H 1
| #define HAVE_STDINT_H 1
| #define HAVE_UNISTD_H 1
| #define HAVE_DLFCN_H 1
| #define LT_OBJDIR ".libs/"
| #define USE_THREADS 1
| #define LUA_USE_MKSTEMP 1
| #define MEMWATCH 1
| #define HAVE_ARPA_INET_H 1
| #define HAVE_FCNTL_H 1
| #define HAVE_FLOAT_H 1
| #define HAVE_INTTYPES_H 1
| #define HAVE_LIMITS_H 1
| #define HAVE_LOCALE_H 1
| #define HAVE_MALLOC_H 1
| #define HAVE_NETDB_H 1
| #define HAVE_NETINET_IN_H 1
| #define HAVE_STDDEF_H 1
| #define HAVE_STDINT_H 1
| #define HAVE_STDLIB_H 1
| #define HAVE_STRING_H 1
| #define HAVE_STRINGS_H 1
| #define HAVE_SYS_FILE_H 1
| #define HAVE_SYS_IOCTL_H 1
| #define HAVE_SYS_SOCKET_H 1
| #define HAVE_SYS_TIME_H 1
| #define HAVE_SYS_TIMEB_H 1
| #define HAVE_SYSLOG_H 1
| #define HAVE_TERMIOS_H 1
| #define HAVE_UNISTD_H 1
| #define HAVE_WCHAR_H 1
| #define HAVE_WCTYPE_H 1
| #define HAVE__BOOL 1
| /* end confdefs.h.  */
| #include <stdio.h>
| #ifdef HAVE_SYS_TYPES_H
| # include <sys/types.h>
| #endif
| #ifdef HAVE_SYS_STAT_H
| # include <sys/stat.h>
| #endif
| #ifdef STDC_HEADERS
| # include <stdlib.h>
| # include <stddef.h>
| #else
| # ifdef HAVE_STDLIB_H
| #  include <stdlib.h>
| # endif
| #endif
| #ifdef HAVE_STRING_H
| # if !defined STDC_HEADERS && defined HAVE_MEMORY_H
| #  include <memory.h>
| # endif
| # include <string.h>
| #endif
| #ifdef HAVE_STRINGS_H
| # include <strings.h>
| #endif
| #ifdef HAVE_INTTYPES_H
| # include <inttypes.h>
| #endif
| #ifdef HAVE_STDINT_H
| # include <stdint.h>
| #endif
| #ifdef HAVE_UNISTD_H
| # include <unistd.h>
| #endif
| 	        enum { N = 32 / 2 - 1 };
| int
| main ()
| {
| static int test_array [1 - 2 * !((int32_t) (((((int32_t) 1 << N) << N) - 1) * 2 + 1)
| 		 < (int32_t) (((((int32_t) 1 << N) << N) - 1) * 2 + 2))];
| test_array [0] = 0;
| return test_array [0];
| 
|   ;
|   return 0;
| }
configure:12742: result: yes
configure:12753: checking for int64_t
configure:12753: gcc -c -g -O2 -I/usr/include/libxml2 -I/usr/include/x86_64-linux-gnu -I/usr/local/include conftest.c >&5
configure:12753: $? = 0
configure:12753: gcc -c -g -O2 -I/usr/include/libxml2 -I/usr/include/x86_64-linux-gnu -I/usr/local/include conftest.c >&5
conftest.c: In function 'main':
conftest.c:89:53: warning: integer overflow in expression of type 'long int' results in '-9223372036854775808' [-Woverflow]
    < (int64_t) (((((int64_t) 1 << N) << N) - 1) * 2 + 2))];
                                                     ^
conftest.c:88:12: error: storage size of 'test_array' isn't constant
 static int test_array [1 - 2 * !((int64_t) (((((int64_t) 1 << N) << N) - 1) * 2 + 1)
            ^~~~~~~~~~
configure:12753: $? = 1
configure: failed program was:
| /* confdefs.h */
| #define PACKAGE_NAME "Home automation"
| #define PACKAGE_TARNAME "home-automation"
| #define PACKAGE_VERSION "1.0.0"
| #define PACKAGE_STRING "Home automation 1.0.0"
| #define PACKAGE_BUGREPORT "BUG-REPORT-ADDRESS"
| #define PACKAGE_URL ""
| #define PACKAGE "home-automation"
| #define VERSION "1.0.0"
| #define STDC_HEADERS 1
| #define HAVE_SYS_TYPES_H 1
| #define HAVE_SYS_STAT_H 1
| #define HAVE_STDLIB_H 1
| #define HAVE_STRING_H 1
| #define HAVE_MEMORY_H 1
| #define HAVE_STRINGS_H 1
| #define HAVE_INTTYPES_H 1
| #define HAVE_STDINT_H 1
| #define HAVE_UNISTD_H 1
| #define HAVE_DLFCN_H 1
| #define LT_OBJDIR ".libs/"
| #define USE_THREADS 1
| #define LUA_USE_MKSTEMP 1
| #define MEMWATCH 1
| #define HAVE_ARPA_INET_H 1
| #define HAVE_FCNTL_H 1
| #define HAVE_FLOAT_H 1
| #define HAVE_INTTYPES_H 1
| #define HAVE_LIMITS_H 1
| #define HAVE_LOCALE_H 1
| #define HAVE_MALLOC_H 1
| #define HAVE_NETDB_H 1
| #define HAVE_NETINET_IN_H 1
| #define HAVE_STDDEF_H 1
| #define HAVE_STDINT_H 1
| #define HAVE_STDLIB_H 1
| #define HAVE_STRING_H 1
| #define HAVE_STRINGS_H 1
| #define HAVE_SYS_FILE_H 1
| #define HAVE_SYS_IOCTL_H 1
| #define HAVE_SYS_SOCKET_H 1
| #define HAVE_SYS_TIME_H 1
| #define HAVE_SYS_TIMEB_H 1
| #define HAVE_SYSLOG_H 1
| #define HAVE_TERMIOS_H 1
| #define HAVE_UNISTD_H 1
| #define HAVE_WCHAR_H 1
| #define HAVE_WCTYPE_H 1
| #define HAVE__BOOL 1
| /* end confdefs.h.  */
| #include <stdio.h>
| #ifdef HAVE_SYS_TYPES_H
| # include <sys/types.h>
| #endif
| #ifdef HAVE_SYS_STAT_H
| # include <sys/stat.h>
| #endif
| #ifdef STDC_HEADERS
| # include <stdlib.h>
| # include <stddef.h>
| #else
| # ifdef HAVE_STDLIB_H
| #  include <stdlib.h>
| # endif
| #endif
| #ifdef HAVE_STRING_H
| # if !defined STDC_HEADERS && defined HAVE_MEMORY_H
| #  include <memory.h>
| # endif
| # include <string.h>
| #endif
| #ifdef HAVE_STRINGS_H
| # include <strings.h>
| #endif
| #ifdef HAVE_INTTYPES_H
| # include <inttypes.h>
| #endif
| #ifdef HAVE_STDINT_H
| # include <stdint.h>
| #endif
| #ifdef HAVE_UNISTD_H
| # include <unistd.h>
| #endif
| 	        enum { N = 64 / 2 - 1 };
| int
| main ()
| {
| static int test_array [1 - 2 * !((int64_t) (((((int64_t) 1 << N) << N) - 1) * 2 + 1)
| 		 < (int64_t) (((((int64_t) 1 << N) << N) - 1) * 2 + 2))];
| test_array [0] = 0;
| return test_array [0];
| 
|   ;
|   return 0;
| }
configure:12753: result: yes
configure:12764: checking for int8_t
configure:12764: gcc -c -g -O2 -I/usr/include/libxml2 -I/usr/include/x86_64-linux-gnu -I/usr/local/include conftest.c >&5
configure:12764: $? = 0
configure:12764: gcc -c -g -O2 -I/usr/include/libxml2 -I/usr/include/x86_64-linux-gnu -I/usr/local/include conftest.c >&5
conftest.c: In function 'main':
conftest.c:88:12: error: size of array 'test_array' is negative
 static int test_array [1 - 2 * !((int8_t) (((((int8_t) 1 << N) << N) - 1) * 2 + 1)
            ^~~~~~~~~~
configure:12764: $? = 1
configure: failed program was:
| /* confdefs.h */
| #define PACKAGE_NAME "Home automation"
| #define PACKAGE_TARNAME "home-automation"
| #define PACKAGE_VERSION "1.0.0"
| #define PACKAGE_STRING "Home automation 1.0.0"
| #define PACKAGE_BUGREPORT "BUG-REPORT-ADDRESS"
| #define PACKAGE_URL ""
| #define PACKAGE "home-automation"
| #define VERSION "1.0.0"
| #define STDC_HEADERS 1
| #define HAVE_SYS_TYPES_H 1
| #define HAVE_SYS_STAT_H 1
| #define HAVE_STDLIB_H 1
| #define HAVE_STRING_H 1
| #define HAVE_MEMORY_H 1
| #define HAVE_STRINGS_H 1
| #define HAVE_INTTYPES_H 1
| #define HAVE_STDINT_H 1
| #define HAVE_UNISTD_H 1
| #define HAVE_DLFCN_H 1
| #define LT_OBJDIR ".libs/"
| #define USE_THREADS 1
| #define LUA_USE_MKSTEMP 1
| #define MEMWATCH 1
| #define HAVE_ARPA_INET_H 1
| #define HAVE_FCNTL_H 1
| #define HAVE_FLOAT_H 1
| #define HAVE_INTTYPES_H 1
| #define HAVE_LIMITS_H 1
| #define HAVE_LOCALE_H 1
| #define HAVE_MALLOC_H 1
| #define HAVE_NETDB_H 1
| #define HAVE_NETINET_IN_H 1
| #define HAVE_STDDEF_H 1
| #define HAVE_STDINT_H 1
| #define HAVE_STDLIB_H 1
| #define HAVE_STRING_H 1
| #define HAVE_STRINGS_H 1
| #define HAVE_SYS_FILE_H 1
| #define HAVE_SYS_IOCTL_H 1
| #define HAVE_SYS_SOCKET_H 1
| #define HAVE_SYS_TIME_H 1
| #define HAVE_SYS_TIMEB_H 1
| #define HAVE_SYSLOG_H 1
| #define HAVE_TERMIOS_H 1
| #define HAVE_UNISTD_H 1
| #define HAVE_WCHAR_H 1
| #define HAVE_WCTYPE_H 1
| #define HAVE__BOOL 1
| /* end confdefs.h.  */
| #include <stdio.h>
| #ifdef HAVE_SYS_TYPES_H
| # include <sys/types.h>
| #endif
| #ifdef HAVE_SYS_STAT_H
| # include <sys/stat.h>
| #endif
| #ifdef STDC_HEADERS
| # include <stdlib.h>
| # include <stddef.h>
| #else
| # ifdef HAVE_STDLIB_H
| #  include <stdlib.h>
| # endif
| #endif
| #ifdef HAVE_STRING_H
| # if !defined STDC_HEADERS && defined HAVE_MEMORY_H
| #  include <memory.h>
| # endif
| # include <string.h>
| #endif
| #ifdef HAVE_STRINGS_H
| # include <strings.h>
| #endif
| #ifdef HAVE_INTTYPES_H
| # include <inttypes.h>
| #endif
| #ifdef HAVE_STDINT_H
| # include <stdint.h>
| #endif
| #ifdef HAVE_UNISTD_H
| # include <unistd.h>
| #endif
| 	        enum { N = 8 / 2 - 1 };
| int
| main ()
| {
| static int test_array [1 - 2 * !((int8_t) (((((int8_t) 1 << N) << N) - 1) * 2 + 1)
| 		 < (int8_t) (((((int8_t) 1 << N) << N) - 1) * 2 + 2))];
| test_array [0] = 0;
| return test_array [0];
| 
|   ;
|   return 0;
| }
configure:12764: result: yes
configure:12775: checking for mode_t
configure:12775: gcc -c -g -O2 -I/usr/include/libxml2 -I/usr/include/x86_64-linux-gnu -I/usr/local/include conftest.c >&5
configure:12775: $? = 0
configure:12775: gcc -c -g -O2 -I/usr/include/libxml2 -I/usr/include/x86_64-linux-gnu -I/usr/local/include conftest.c >&5
conftest.c: In function 'main':
conftest.c:87:21: error: expected expression before ')' token
 if (sizeof ((mode_t)))
                     ^
configure:12775: $? = 1
configure: failed program was:
| /* confdefs.h */
| #define PACKAGE_NAME "Home automation"
| #define PACKAGE_TARNAME "home-automation"
| #define PACKAGE_VERSION "1.0.0"
| #define PACKAGE_STRING "Home automation 1.0.0"
| #define PACKAGE_BUGREPORT "BUG-REPORT-ADDRESS"
| #define PACKAGE_URL ""
| #define PACKAGE "home-automation"
| #define VERSION "1.0.0"
| #define STDC_HEADERS 1
| #define HAVE_SYS_TYPES_H 1
| #define HAVE_SYS_STAT_H 1
| #define HAVE_STDLIB_H 1
| #define HAVE_STRING_H 1
| #define HAVE_MEMORY_H 1
| #define HAVE_STRINGS_H 1
| #define HAVE_INTTYPES_H 1
| #define HAVE_STDINT_H 1
| #define HAVE_UNISTD_H 1
| #define HAVE_DLFCN_H 1
| #define LT_OBJDIR ".libs/"
| #define USE_THREADS 1
| #define LUA_USE_MKSTEMP 1
| #define MEMWATCH 1
| #define HAVE_ARPA_INET_H 1
| #define HAVE_FCNTL_H 1
| #define HAVE_FLOAT_H 1
| #define HAVE_INTTYPES_H 1
| #define HAVE_LIMITS_H 1
| #define HAVE_LOCALE_H 1
| #define HAVE_MALLOC_H 1
| #define HAVE_NETDB_H 1
| #define HAVE_NETINET_IN_H 1
| #define HAVE_STDDEF_H 1
| #define HAVE_STDINT_H 1
| #define HAVE_STDLIB_H 1
| #define HAVE_STRING_H 1
| #define HAVE_STRINGS_H 1
| #define HAVE_SYS_FILE_H 1
| #define HAVE_SYS_IOCTL_H 1
| #define HAVE_SYS_SOCKET_H 1
| #define HAVE_SYS_TIME_H 1
| #define HAVE_SYS_TIMEB_H 1
| #define HAVE_SYSLOG_H 1
| #define HAVE_TERMIOS_H 1
| #define HAVE_UNISTD_H 1
| #define HAVE_WCHAR_H 1
| #define HAVE_WCTYPE_H 1
| #define HAVE__BOOL 1
| /* end confdefs.h.  */
| #include <stdio.h>
| #ifdef HAVE_SYS_TYPES_H
| # include <sys/types.h>
| #endif
| #ifdef HAVE_SYS_STAT_H
| # include <sys/stat.h>
| #endif
| #ifdef STDC_HEADERS
| # include <stdlib.h>
| # include <stddef.h>
| #else
| # ifdef HAVE_STDLIB_H
| #  include <stdlib.h>
| # endif
| #endif
| #ifdef HAVE_STRING_H
| # if !defined STDC_HEADERS && defined HAVE_MEMORY_H
| #  include <memory.h>
| # endif
| # include <string.h>
| #endif
| #ifdef HAVE_STRINGS_H
| # include <strings.h>
| #endif
| #ifdef HAVE_INTTYPES_H
| # include <inttypes.h>
| #endif
| #ifdef HAVE_STDINT_H
| # include <stdint.h>
| #endif
| #ifdef HAVE_UNISTD_H
| # include <unistd.h>
| #endif
| int
| main ()
| {
| if (sizeof ((mode_t)))
| 	    return 0;
|   ;
|   return 0;
| }
configure:12775: result: yes
configure:12786: checking for off_t
configure:12786: gcc -c -g -O2 -I/usr/include/libxml2 -I/usr/include/x86_64-linux-gnu -I/usr/local/include conftest.c >&5
configure:12786: $? = 0
configure:12786: gcc -c -g -O2 -I/usr/include/libxml2 -I/usr/include/x86_64-linux-gnu -I/usr/local/include conftest.c >&5
conftest.c: In function 'main':
conftest.c:87:20: error: expected expression before ')' token
 if (sizeof ((off_t)))
                    ^
configure:12786: $? = 1
configure: failed program was:
| /* confdefs.h */
| #define PACKAGE_NAME "Home automation"
| #define PACKAGE_TARNAME "home-automation"
| #define PACKAGE_VERSION "1.0.0"
| #define PACKAGE_STRING "Home automation 1.0.0"
| #define PACKAGE_BUGREPORT "BUG-REPORT-ADDRESS"
| #define PACKAGE_URL ""
| #define PACKAGE "home-automation"
| #define VERSION "1.0.0"
| #define STDC_HEADERS 1
| #define HAVE_SYS_TYPES_H 1
| #define HAVE_SYS_STAT_H 1
| #define HAVE_STDLIB_H 1
| #define HAVE_STRING_H 1
| #define HAVE_MEMORY_H 1
| #define HAVE_STRINGS_H 1
| #define HAVE_INTTYPES_H 1
| #define HAVE_STDINT_H 1
| #define HAVE_UNISTD_H 1
| #define HAVE_DLFCN_H 1
| #define LT_OBJDIR ".libs/"
| #define USE_THREADS 1
| #define LUA_USE_MKSTEMP 1
| #define MEMWATCH 1
| #define HAVE_ARPA_INET_H 1
| #define HAVE_FCNTL_H 1
| #define HAVE_FLOAT_H 1
| #define HAVE_INTTYPES_H 1
| #define HAVE_LIMITS_H 1
| #define HAVE_LOCALE_H 1
| #define HAVE_MALLOC_H 1
| #define HAVE_NETDB_H 1
| #define HAVE_NETINET_IN_H 1
| #define HAVE_STDDEF_H 1
| #define HAVE_STDINT_H 1
| #define HAVE_STDLIB_H 1
| #define HAVE_STRING_H 1
| #define HAVE_STRINGS_H 1
| #define HAVE_SYS_FILE_H 1
| #define HAVE_SYS_IOCTL_H 1
| #define HAVE_SYS_SOCKET_H 1
| #define HAVE_SYS_TIME_H 1
| #define HAVE_SYS_TIMEB_H 1
| #define HAVE_SYSLOG_H 1
| #define HAVE_TERMIOS_H 1
| #define HAVE_UNISTD_H 1
| #define HAVE_WCHAR_H 1
| #define HAVE_WCTYPE_H 1
| #define HAVE__BOOL 1
| /* end confdefs.h.  */
| #include <stdio.h>
| #ifdef HAVE_SYS_TYPES_H
| # include <sys/types.h>
| #endif
| #ifdef HAVE_SYS_STAT_H
| # include <sys/stat.h>
| #endif
| #ifdef STDC_HEADERS
| # include <stdlib.h>
| # include <stddef.h>
| #else
| # ifdef HAVE_STDLIB_H
| #  include <stdlib.h>
| # endif
| #endif
| #ifdef HAVE_STRING_H
| # if !defined STDC_HEADERS && defined HAVE_MEMORY_H
| #  include <memory.h>
| # endif
| # include <string.h>
| #endif
| #ifdef HAVE_STRINGS_H
| # include <strings.h>
| #endif
| #ifdef HAVE_INTTYPES_H
| # include <inttypes.h>
| #endif
| #ifdef HAVE_STDINT_H
| # include <stdint.h>
| #endif
| #ifdef HAVE_UNISTD_H
| # include <unistd.h>
| #endif
| int
| main ()
| {
| if (sizeof ((off_t)))
| 	    return 0;
|   ;
|   return 0;
| }
configure:12786: result: yes
configure:12797: checking for pid_t
configure:12797: gcc -c -g -O2 -I/usr/include/libxml2 -I/usr/include/x86_64-linux-gnu -I/usr/local/include conftest.c >&5
configure:12797: $? = 0
configure:12797: gcc -c -g -O2 -I/usr/include/libxml2 -I/usr/include/x86_64-linux-gnu -I/usr/local/include conftest.c >&5
conftest.c: In function 'main':
conftest.c:87:20: error: expected expression before ')' token
 if (sizeof ((pid_t)))
                    ^
configure:12797: $? = 1
configure: failed program was:
| /* confdefs.h */
| #define PACKAGE_NAME "Home automation"
| #define PACKAGE_TARNAME "home-automation"
| #define PACKAGE_VERSION "1.0.0"
| #define PACKAGE_STRING "Home automation 1.0.0"
| #define PACKAGE_BUGREPORT "BUG-REPORT-ADDRESS"
| #define PACKAGE_URL ""
| #define PACKAGE "home-automation"
| #define VERSION "1.0.0"
| #define STDC_HEADERS 1
| #define HAVE_SYS_TYPES_H 1
| #define HAVE_SYS_STAT_H 1
| #define HAVE_STDLIB_H 1
| #define HAVE_STRING_H 1
| #define HAVE_MEMORY_H 1
| #define HAVE_STRINGS_H 1
| #define HAVE_INTTYPES_H 1
| #define HAVE_STDINT_H 1
| #define HAVE_UNISTD_H 1
| #define HAVE_DLFCN_H 1
| #define LT_OBJDIR ".libs/"
| #define USE_THREADS 1
| #define LUA_USE_MKSTEMP 1
| #define MEMWATCH 1
| #define HAVE_ARPA_INET_H 1
| #define HAVE_FCNTL_H 1
| #define HAVE_FLOAT_H 1
| #define HAVE_INTTYPES_H 1
| #define HAVE_LIMITS_H 1
| #define HAVE_LOCALE_H 1
| #define HAVE_MALLOC_H 1
| #define HAVE_NETDB_H 1
| #define HAVE_NETINET_IN_H 1
| #define HAVE_STDDEF_H 1
| #define HAVE_STDINT_H 1
| #define HAVE_STDLIB_H 1
| #define HAVE_STRING_H 1
| #define HAVE_STRINGS_H 1
| #define HAVE_SYS_FILE_H 1
| #define HAVE_SYS_IOCTL_H 1
| #define HAVE_SYS_SOCKET_H 1
| #define HAVE_SYS_TIME_H 1
| #define HAVE_SYS_TIMEB_H 1
| #define HAVE_SYSLOG_H 1
| #define HAVE_TERMIOS_H 1
| #define HAVE_UNISTD_H 1
| #define HAVE_WCHAR_H 1
| #define HAVE_WCTYPE_H 1
| #define HAVE__BOOL 1
| /* end confdefs.h.  */
| #include <stdio.h>
| #ifdef HAVE_SYS_TYPES_H
| # include <sys/types.h>
| #endif
| #ifdef HAVE_SYS_STAT_H
| # include <sys/stat.h>
| #endif
| #ifdef STDC_HEADERS
| # include <stdlib.h>
| # include <stddef.h>
| #else
| # ifdef HAVE_STDLIB_H
| #  include <stdlib.h>
| # endif
| #endif
| #ifdef HAVE_STRING_H
| # if !defined STDC_HEADERS && defined HAVE_MEMORY_H
| #  include <memory.h>
| # endif
| # include <string.h>
| #endif
| #ifdef HAVE_STRINGS_H
| # include <strings.h>
| #endif
| #ifdef HAVE_INTTYPES_H
| # include <inttypes.h>
| #endif
| #ifdef HAVE_STDINT_H
| # include <stdint.h>
| #endif
| #ifdef HAVE_UNISTD_H
| # include <unistd.h>
| #endif
| int
| main ()
| {
| if (sizeof ((pid_t)))
| 	    return 0;
|   ;
|   return 0;
| }
configure:12797: result: yes
configure:12808: checking for size_t
configure:12808: gcc -c -g -O2 -I/usr/include/libxml2 -I/usr/include/x86_64-linux-gnu -I/usr/local/include conftest.c >&5
configure:12808: $? = 0
configure:12808: gcc -c -g -O2 -I/usr/include/libxml2 -I/usr/include/x86_64-linux-gnu -I/usr/local/include conftest.c >&5
conftest.c: In function 'main':
conftest.c:87:21: error: expected expression before ')' token
 if (sizeof ((size_t)))
                     ^
configure:12808: $? = 1
configure: failed program was:
| /* confdefs.h */
| #define PACKAGE_NAME "Home automation"
| #define PACKAGE_TARNAME "home-automation"
| #define PACKAGE_VERSION "1.0.0"
| #define PACKAGE_STRING "Home automation 1.0.0"
| #define PACKAGE_BUGREPORT "BUG-REPORT-ADDRESS"
| #define PACKAGE_URL ""
| #define PACKAGE "home-automation"
| #define VERSION "1.0.0"
| #define STDC_HEADERS 1
| #define HAVE_SYS_TYPES_H 1
| #define HAVE_SYS_STAT_H 1
| #define HAVE_STDLIB_H 1
| #define HAVE_STRING_H 1
| #define HAVE_MEMORY_H 1
| #define HAVE_STRINGS_H 1
| #define HAVE_INTTYPES_H 1
| #define HAVE_STDINT_H 1
| #define HAVE_UNISTD_H 1
| #define HAVE_DLFCN_H 1
| #define LT_OBJDIR ".libs/"
| #define USE_THREADS 1
| #define LUA_USE_MKSTEMP 1
| #define MEMWATCH 1
| #define HAVE_ARPA_INET_H 1
| #define HAVE_FCNTL_H 1
| #define HAVE_FLOAT_H 1
| #define HAVE_INTTYPES_H 1
| #define HAVE_LIMITS_H 1
| #define HAVE_LOCALE_H 1
| #define HAVE_MALLOC_H 1
| #define HAVE_NETDB_H 1
| #define HAVE_NETINET_IN_H 1
| #define HAVE_STDDEF_H 1
| #define HAVE_STDINT_H 1
| #define HAVE_STDLIB_H 1
| #define HAVE_STRING_H 1
| #define HAVE_STRINGS_H 1
| #define HAVE_SYS_FILE_H 1
| #define HAVE_SYS_IOCTL_H 1
| #define HAVE_SYS_SOCKET_H 1
| #define HAVE_SYS_TIME_H 1
| #define HAVE_SYS_TIMEB_H 1
| #define HAVE_SYSLOG_H 1
| #define HAVE_TERMIOS_H 1
| #define HAVE_UNISTD_H 1
| #define HAVE_WCHAR_H 1
| #define HAVE_WCTYPE_H 1
| #define HAVE__BOOL 1
| /* end confdefs.h.  */
| #include <stdio.h>
| #ifdef HAVE_SYS_TYPES_H
| # include <sys/types.h>
| #endif
| #ifdef HAVE_SYS_STAT_H
| # include <sys/stat.h>
| #endif
| #ifdef STDC_HEADERS
| # include <stdlib.h>
| # include <stddef.h>
| #else
| # ifdef HAVE_STDLIB_H
| #  include <stdlib.h>
| # endif
| #endif
| #ifdef HAVE_STRING_H
| # if !defined STDC_HEADERS && defined HAVE_MEMORY_H
| #  include <memory.h>
| # endif
| # include <string.h>
| #endif
| #ifdef HAVE_STRINGS_H
| # include <strings.h>
| #endif
| #ifdef HAVE_INTTYPES_H
| # include <inttypes.h>
| #endif
| #ifdef HAVE_STDINT_H
| # include <stdint.h>
| #endif
| #ifdef HAVE_UNISTD_H
| # include <unistd.h>
| #endif
| int
| main ()
| {
| if (sizeof ((size_t)))
| 	    return 0;
|   ;
|   return 0;
| }
configure:12808: result: yes
configure:12819: checking for ssize_t
configure:12819: gcc -c -g -O2 -I/usr/include/libxml2 -I/usr/include/x86_64-linux-gnu -I/usr/local/include conftest.c >&5
configure:12819: $? = 0
configure:12819: gcc -c -g -O2 -I/usr/include/libxml2 -I/usr/include/x86_64-linux-gnu -I/usr/local/include conftest.c >&5
conftest.c: In function 'main':
conftest.c:87:22: error: expected expression before ')' token
 if (sizeof ((ssize_t)))
                      ^
configure:12819: $? = 1
configure: failed program was:
| /* confdefs.h */
| #define PACKAGE_NAME "Home automation"
| #define PACKAGE_TARNAME "home-automation"
| #define PACKAGE_VERSION "1.0.0"
| #define PACKAGE_STRING "Home automation 1.0.0"
| #define PACKAGE_BUGREPORT "BUG-REPORT-ADDRESS"
| #define PACKAGE_URL ""
| #define PACKAGE "home-automation"
| #define VERSION "1.0.0"
| #define STDC_HEADERS 1
| #define HAVE_SYS_TYPES_H 1
| #define HAVE_SYS_STAT_H 1
| #define HAVE_STDLIB_H 1
| #define HAVE_STRING_H 1
| #define HAVE_MEMORY_H 1
| #define HAVE_STRINGS_H 1
| #define HAVE_INTTYPES_H 1
| #define HAVE_STDINT_H 1
| #define HAVE_UNISTD_H 1
| #define HAVE_DLFCN_H 1
| #define LT_OBJDIR ".libs/"
| #define USE_THREADS 1
| #define LUA_USE_MKSTEMP 1
| #define MEMWATCH 1
| #define HAVE_ARPA_INET_H 1
| #define HAVE_FCNTL_H 1
| #define HAVE_FLOAT_H 1
| #define HAVE_INTTYPES_H 1
| #define HAVE_LIMITS_H 1
| #define HAVE_LOCALE_H 1
| #define HAVE_MALLOC_H 1
| #define HAVE_NETDB_H 1
| #define HAVE_NETINET_IN_H 1
| #define HAVE_STDDEF_H 1
| #define HAVE_STDINT_H 1
| #define HAVE_STDLIB_H 1
| #define HAVE_STRING_H 1
| #define HAVE_STRINGS_H 1
| #define HAVE_SYS_FILE_H 1
| #define HAVE_SYS_IOCTL_H 1
| #define HAVE_SYS_SOCKET_H 1
| #define HAVE_SYS_TIME_H 1
| #define HAVE_SYS_TIMEB_H 1
| #define HAVE_SYSLOG_H 1
| #define HAVE_TERMIOS_H 1
| #define HAVE_UNISTD_H 1
| #define HAVE_WCHAR_H 1
| #define HAVE_WCTYPE_H 1
| #define HAVE__BOOL 1
| /* end confdefs.h.  */
| #include <stdio.h>
| #ifdef HAVE_SYS_TYPES_H
| # include <sys/types.h>
| #endif
| #ifdef HAVE_SYS_STAT_H
| # include <sys/stat.h>
| #endif
| #ifdef STDC_HEADERS
| # include <stdlib.h>
| # include <stddef.h>
| #else
| # ifdef HAVE_STDLIB_H
| #  include <stdlib.h>
| # endif
| #endif
| #ifdef HAVE_STRING_H
| # if !defined STDC_HEADERS && defined HAVE_MEMORY_H
| #  include <memory.h>
| # endif
| # include <string.h>
| #endif
| #ifdef HAVE_STRINGS_H
| # include <strings.h>
| #endif
| #ifdef HAVE_INTTYPES_H
| # include <inttypes.h>
| #endif
| #ifdef HAVE_STDINT_H
| # include <stdint.h>
| #endif
| #ifdef HAVE_UNISTD_H
| # include <unistd.h>
| #endif
| int
| main ()
| {
| if (sizeof ((ssize_t)))
| 	    return 0;
|   ;
|   return 0;
| }
configure:12819: result: yes
configure:12830: checking for uint16_t
configure:12830: gcc -c -g -O2 -I/usr/include/libxml2 -I/usr/include/x86_64-linux-gnu -I/usr/local/include conftest.c >&5
configure:12830: $? = 0
configure:12830: result: yes
configure:12842: checking for uint32_t
configure:12842: gcc -c -g -O2 -I/usr/include/libxml2 -I/usr/include/x86_64-linux-gnu -I/usr/local/include conftest.c >&5
configure:12842: $? = 0
configure:12842: result: yes
configure:12856: checking for uint64_t
configure:12856: gcc -c -g -O2 -I/usr/include/libxml2 -I/usr/include/x86_64-linux-gnu -I/usr/local/include conftest.c >&5
configure:12856: $? = 0
configure:12856: result: yes
configure:12870: checking for uint8_t
configure:12870: gcc -c -g -O2 -I/usr/include/libxml2 -I/usr/include/x86_64-linux-gnu -I/usr/local/include conftest.c >&5
configure:12870: $? = 0
configure:12870: result: yes
configure:12884: checking for ptrdiff_t
configure:12884: gcc -c -g -O2 -I/usr/include/libxml2 -I/usr/include/x86_64-linux-gnu -I/usr/local/include conftest.c >&5
configure:12884: $? = 0
configure:12884: gcc -c -g -O2 -I/usr/include/libxml2 -I/usr/include/x86_64-linux-gnu -I/usr/local/include conftest.c >&5
conftest.c: In function 'main':
conftest.c:87:24: error: expected expression before ')' token
 if (sizeof ((ptrdiff_t)))
                        ^
configure:12884: $? = 1
configure: failed program was:
| /* confdefs.h */
| #define PACKAGE_NAME "Home automation"
| #define PACKAGE_TARNAME "home-automation"
| #define PACKAGE_VERSION "1.0.0"
| #define PACKAGE_STRING "Home automation 1.0.0"
| #define PACKAGE_BUGREPORT "BUG-REPORT-ADDRESS"
| #define PACKAGE_URL ""
| #define PACKAGE "home-automation"
| #define VERSION "1.0.0"
| #define STDC_HEADERS 1
| #define HAVE_SYS_TYPES_H 1
| #define HAVE_SYS_STAT_H 1
| #define HAVE_STDLIB_H 1
| #define HAVE_STRING_H 1
| #define HAVE_MEMORY_H 1
| #define HAVE_STRINGS_H 1
| #define HAVE_INTTYPES_H 1
| #define HAVE_STDINT_H 1
| #define HAVE_UNISTD_H 1
| #define HAVE_DLFCN_H 1
| #define LT_OBJDIR ".libs/"
| #define USE_THREADS 1
| #define LUA_USE_MKSTEMP 1
| #define MEMWATCH 1
| #define HAVE_ARPA_INET_H 1
| #define HAVE_FCNTL_H 1
| #define HAVE_FLOAT_H 1
| #define HAVE_INTTYPES_H 1
| #define HAVE_LIMITS_H 1
| #define HAVE_LOCALE_H 1
| #define HAVE_MALLOC_H 1
| #define HAVE_NETDB_H 1
| #define HAVE_NETINET_IN_H 1
| #define HAVE_STDDEF_H 1
| #define HAVE_STDINT_H 1
| #define HAVE_STDLIB_H 1
| #define HAVE_STRING_H 1
| #define HAVE_STRINGS_H 1
| #define HAVE_SYS_FILE_H 1
| #define HAVE_SYS_IOCTL_H 1
| #define HAVE_SYS_SOCKET_H 1
| #define HAVE_SYS_TIME_H 1
| #define HAVE_SYS_TIMEB_H 1
| #define HAVE_SYSLOG_H 1
| #define HAVE_TERMIOS_H 1
| #define HAVE_UNISTD_H 1
| #define HAVE_WCHAR_H 1
| #define HAVE_WCTYPE_H 1
| #define HAVE__BOOL 1
| /* end confdefs.h.  */
| #include <stdio.h>
| #ifdef HAVE_SYS_TYPES_H
| # include <sys/types.h>
| #endif
| #ifdef HAVE_SYS_STAT_H
| # include <sys/stat.h>
| #endif
| #ifdef STDC_HEADERS
| # include <stdlib.h>
| # include <stddef.h>
| #else
| # ifdef HAVE_STDLIB_H
| #  include <stdlib.h>
| # endif
| #endif
| #ifdef HAVE_STRING_H
| # if !defined STDC_HEADERS && defined HAVE_MEMORY_H
| #  include <memory.h>
| # endif
| # include <string.h>
| #endif
| #ifdef HAVE_STRINGS_H
| # include <strings.h>
| #endif
| #ifdef HAVE_INTTYPES_H
| # include <inttypes.h>
| #endif
| #ifdef HAVE_STDINT_H
| # include <stdint.h>
| #endif
| #ifdef HAVE_UNISTD_H
| # include <unistd.h>
| #endif
| int
| main ()
| {
| if (sizeof ((ptrdiff_t)))
| 	    return 0;
|   ;
|   return 0;
| }
configure:12884: result: yes
configure:12997: checking that generated files are newer than configure
configure:13003: result: done
configure:13034: creating ./config.status

## ---------------- ##
## Cache variables. ##
## ---------------- ##

ac_cv_build=x86_64-pc-linux-gnu
ac_cv_c_compiler_gnu=yes
ac_cv_c_inline=inline
ac_cv_c_int16_t=yes
ac_cv_c_int32_t=yes
ac_cv_c_int64_t=yes
ac_cv_c_int8_t=yes
ac_cv_c_uint16_t=yes
ac_cv_c_uint32_t=yes
ac_cv_c_uint64_t=yes
ac_cv_c_uint8_t=yes
ac_cv_cxx_compiler_gnu=yes
ac_cv_env_CCC_set=
ac_cv_env_CCC_value=
ac_cv_env_CC_set=
ac_cv_env_CC_value=
ac_cv_env_CFLAGS_set=
ac_cv_env_CFLAGS_value=
ac_cv_env_CPPFLAGS_set=
ac_cv_env_CPPFLAGS_value=
ac_cv_env_CPP_set=
ac_cv_env_CPP_value=
ac_cv_env_CXXCPP_set=
ac_cv_env_CXXCPP_value=
ac_cv_env_CXXFLAGS_set=
ac_cv_env_CXXFLAGS_value=
ac_cv_env_CXX_set=
ac_cv_env_CXX_value=
ac_cv_env_LDFLAGS_set=
ac_cv_env_LDFLAGS_value=
ac_cv_env_LIBS_set=
ac_cv_env_LIBS_value=
ac_cv_env_LT_SYS_LIBRARY_PATH_set=
ac_cv_env_LT_SYS_LIBRARY_PATH_value=
ac_cv_env_build_alias_set=
ac_cv_env_build_alias_value=
ac_cv_env_host_alias_set=
ac_cv_env_host_alias_value=
ac_cv_env_target_alias_set=
ac_cv_env_target_alias_value=
ac_cv_header_arpa_inet_h=yes
ac_cv_header_curl_curl_h=yes
ac_cv_header_dlfcn_h=yes
ac_cv_header_fcntl_h=yes
ac_cv_header_float_h=yes
ac_cv_header_httpserver_hpp=yes
ac_cv_header_inttypes_h=yes
ac_cv_header_libconfig_hpp=yes
ac_cv_header_libxml_parser_h=yes
ac_cv_header_limits_h=yes
ac_cv_header_locale_h=yes
ac_cv_header_mach_mach_h=no
ac_cv_header_malloc_h=yes
ac_cv_header_memory_h=yes
ac_cv_header_netdb_h=yes
ac_cv_header_netinet_in_h=yes
ac_cv_header_stdbool_h=yes
ac_cv_header_stdc=yes
ac_cv_header_stddef_h=yes
ac_cv_header_stdint_h=yes
ac_cv_header_stdlib_h=yes
ac_cv_header_string_h=yes
ac_cv_header_strings_h=yes
ac_cv_header_sys_file_h=yes
ac_cv_header_sys_ioctl_h=yes
ac_cv_header_sys_socket_h=yes
ac_cv_header_sys_stat_h=yes
ac_cv_header_sys_time_h=yes
ac_cv_header_sys_timeb_h=yes
ac_cv_header_sys_types_h=yes
ac_cv_header_syslog_h=yes
ac_cv_header_termios_h=yes
ac_cv_header_unistd_h=yes
ac_cv_header_wchar_h=yes
ac_cv_header_wctype_h=yes
ac_cv_host=x86_64-pc-linux-gnu
ac_cv_objext=o
ac_cv_path_EGREP='/usr/bin/grep -E'
ac_cv_path_FGREP='/usr/bin/grep -F'
ac_cv_path_GREP=/usr/bin/grep
ac_cv_path_SED=/usr/bin/sed
ac_cv_path_install='/usr/bin/install -c'
ac_cv_path_lt_DD=/usr/bin/dd
ac_cv_path_mkdir=/usr/bin/mkdir
ac_cv_prog_AWK=mawk
ac_cv_prog_CPP='gcc -E'
ac_cv_prog_CXXCPP='g++ -E'
ac_cv_prog_ac_ct_AR=ar
ac_cv_prog_ac_ct_CC=gcc
ac_cv_prog_ac_ct_CXX=g++
ac_cv_prog_ac_ct_MANIFEST_TOOL=mt
ac_cv_prog_ac_ct_OBJDUMP=objdump
ac_cv_prog_ac_ct_RANLIB=ranlib
ac_cv_prog_ac_ct_STRIP=strip
ac_cv_prog_cc_c89=
ac_cv_prog_cc_g=yes
ac_cv_prog_cxx_g=yes
ac_cv_prog_make_make_set=yes
ac_cv_type__Bool=yes
ac_cv_type_mode_t=yes
ac_cv_type_off_t=yes
ac_cv_type_pid_t=yes
ac_cv_type_ptrdiff_t=yes
ac_cv_type_size_t=yes
ac_cv_type_ssize_t=yes
am_cv_CC_dependencies_compiler_type=gcc3
am_cv_CXX_dependencies_compiler_type=gcc3
am_cv_make_support_nested_variables=yes
am_cv_prog_cc_c_o=yes
lt_cv_ar_at_file=@
lt_cv_archive_cmds_need_lc=no
lt_cv_deplibs_check_method=pass_all
lt_cv_file_magic_cmd='$MAGIC_CMD'
lt_cv_file_magic_test_file=
lt_cv_ld_reload_flag=-r
lt_cv_nm_interface='BSD nm'
lt_cv_objdir=.libs
lt_cv_path_LD=/usr/bin/ld
lt_cv_path_LDCXX='/usr/bin/ld -m elf_x86_64'
lt_cv_path_NM='/usr/bin/nm -B'
lt_cv_path_mainfest_tool=no
lt_cv_prog_compiler_c_o=yes
lt_cv_prog_compiler_c_o_CXX=yes
lt_cv_prog_compiler_pic='-fPIC -DPIC'
lt_cv_prog_compiler_pic_CXX='-fPIC -DPIC'
lt_cv_prog_compiler_pic_works=yes
lt_cv_prog_compiler_pic_works_CXX=yes
lt_cv_prog_compiler_rtti_exceptions=no
lt_cv_prog_compiler_static_works=yes
lt_cv_prog_compiler_static_works_CXX=yes
lt_cv_prog_gnu_ld=yes
lt_cv_prog_gnu_ldcxx=yes
lt_cv_sharedlib_from_linklib_cmd='printf %s\n'
lt_cv_shlibpath_overrides_runpath=yes
lt_cv_sys_global_symbol_pipe='sed -n -e '\''s/^.*[	 ]\([ABCDGIRSTW][ABCDGIRSTW]*\)[	 ][	 ]*\([_A-Za-z][_A-Za-z0-9]*\)$/\1 \2 \2/p'\'' | sed '\''/ __gnu_lto/d'\'''
lt_cv_sys_global_symbol_to_c_name_address='sed -n -e '\''s/^: \(.*\) .*$/  {"\1", (void *) 0},/p'\'' -e '\''s/^[ABCDGIRSTW][ABCDGIRSTW]* .* \(.*\)$/  {"\1", (void *) \&\1},/p'\'''
lt_cv_sys_global_symbol_to_c_name_address_lib_prefix='sed -n -e '\''s/^: \(.*\) .*$/  {"\1", (void *) 0},/p'\'' -e '\''s/^[ABCDGIRSTW][ABCDGIRSTW]* .* \(lib.*\)$/  {"\1", (void *) \&\1},/p'\'' -e '\''s/^[ABCDGIRSTW][ABCDGIRSTW]* .* \(.*\)$/  {"lib\1", (void *) \&\1},/p'\'''
lt_cv_sys_global_symbol_to_cdecl='sed -n -e '\''s/^T .* \(.*\)$/extern int \1();/p'\'' -e '\''s/^[ABCDGIRSTW][ABCDGIRSTW]* .* \(.*\)$/extern char \1;/p'\'''
lt_cv_sys_global_symbol_to_import=
lt_cv_sys_max_cmd_len=1572864
lt_cv_to_host_file_cmd=func_convert_file_noop
lt_cv_to_tool_file_cmd=func_convert_file_noop
lt_cv_truncate_bin='/usr/bin/dd bs=4096 count=1'

## ----------------- ##
## Output variables. ##
## ----------------- ##

ACLOCAL='${SHELL} /home/pc/homeis/homeis/missing aclocal-1.16'
AMDEPBACKSLASH='\'
AMDEP_FALSE='#'
AMDEP_TRUE=''
AMTAR='$${TAR-tar}'
AM_BACKSLASH='\'
AM_DEFAULT_V='$(AM_DEFAULT_VERBOSITY)'
AM_DEFAULT_VERBOSITY='1'
AM_V='$(V)'
AR='ar'
AUTOCONF='${SHELL} /home/pc/homeis/homeis/missing autoconf'
AUTOHEADER='${SHELL} /home/pc/homeis/homeis/missing autoheader'
AUTOMAKE='${SHELL} /home/pc/homeis/homeis/missing automake-1.16'
AWK='mawk'
CC='gcc'
CCDEPMODE='depmode=gcc3'
CFLAGS='-g -O2'
CPP='gcc -E'
CPPFLAGS='-I/usr/include/libxml2 -I/usr/include/x86_64-linux-gnu -I/usr/local/include'
CXX='g++'
CXXCPP='g++ -E'
CXXDEPMODE='depmode=gcc3'
CXXFLAGS='-g -O2'
CYGPATH_W='echo'
DEFS='-DHAVE_CONFIG_H'
DEPDIR='.deps'
DLLTOOL='false'
DSYMUTIL=''
DUMPBIN=''
ECHO_C=''
ECHO_N='-n'
ECHO_T=''
EGREP='/usr/bin/grep -E'
EXEEXT=''
FGREP='/usr/bin/grep -F'
GREP='/usr/bin/grep'
INSTALL_DATA='${INSTALL} -m 644'
INSTALL_PROGRAM='${INSTALL}'
INSTALL_SCRIPT='${INSTALL}'
INSTALL_STRIP_PROGRAM='$(install_sh) -c -s'
LD='/usr/bin/ld -m elf_x86_64'
LDFLAGS=''
LIBOBJS=''
LIBS=''
LIBTOOL='$(SHELL) $(top_builddir)/libtool'
LIPO=''
LN_S='ln -s'
LTLIBOBJS=''
LT_SYS_LIBRARY_PATH=''
MAKEINFO='${SHELL} /home/pc/homeis/homeis/missing makeinfo'
MANIFEST_TOOL=':'
MKDIR_P='/usr/bin/mkdir -p'
NM='/usr/bin/nm -B'
NMEDIT=''
OBJDUMP='objdump'
OBJEXT='o'
OTOOL64=''
OTOOL=''
PACKAGE='home-automation'
PACKAGE_BUGREPORT='BUG-REPORT-ADDRESS'
PACKAGE_NAME='Home automation'
PACKAGE_STRING='Home automation 1.0.0'
PACKAGE_TARNAME='home-automation'
PACKAGE_URL=''
PACKAGE_VERSION='1.0.0'
PATH_SEPARATOR=':'
RANLIB='ranlib'
SED='/usr/bin/sed'
SET_MAKE=''
SHELL='/bin/bash'
STRIP='strip'
VERSION='1.0.0'
ac_ct_AR='ar'
ac_ct_CC='gcc'
ac_ct_CXX='g++'
ac_ct_DUMPBIN=''
am__EXEEXT_FALSE=''
am__EXEEXT_TRUE='#'
am__fastdepCC_FALSE='#'
am__fastdepCC_TRUE=''
am__fastdepCXX_FALSE='#'
am__fastdepCXX_TRUE=''
am__include='include'
am__isrc=''
am__leading_dot='.'
am__nodep='_no'
am__quote=''
am__tar='$${TAR-tar} chof - "$$tardir"'
am__untar='$${TAR-tar} xf -'
bindir='${exec_prefix}/bin'
build='x86_64-pc-linux-gnu'
build_alias=''
build_cpu='x86_64'
build_os='linux-gnu'
build_vendor='pc'
datadir='${datarootdir}'
datarootdir='${prefix}/share'
docdir='${datarootdir}/doc/${PACKAGE_TARNAME}'
dvidir='${docdir}'
exec_prefix='${prefix}'
host='x86_64-pc-linux-gnu'
host_alias=''
host_cpu='x86_64'
host_os='linux-gnu'
host_vendor='pc'
htmldir='${docdir}'
includedir='${prefix}/include'
infodir='${datarootdir}/info'
install_sh='${SHELL} /home/pc/homeis/homeis/install-sh'
libdir='${exec_prefix}/lib'
libexecdir='${exec_prefix}/libexec'
localedir='${datarootdir}/locale'
localstatedir='${prefix}/var'
mandir='${datarootdir}/man'
mkdir_p='$(MKDIR_P)'
oldincludedir='/usr/include'
pdfdir='${docdir}'
prefix='/usr/local'
program_transform_name='s,x,x,'
psdir='${docdir}'
runstatedir='${localstatedir}/run'
sbindir='${exec_prefix}/sbin'
sharedstatedir='${prefix}/com'
sysconfdir='${prefix}/etc'
target_alias=''

## ----------- ##
## confdefs.h. ##
## ----------- ##

/* confdefs.h */
#define PACKAGE_NAME "Home automation"
#define PACKAGE_TARNAME "home-automation"
#define PACKAGE_VERSION "1.0.0"
#define PACKAGE_STRING "Home automation 1.0.0"
#define PACKAGE_BUGREPORT "BUG-REPORT-ADDRESS"
#define PACKAGE_URL ""
#define PACKAGE "home-automation"
#define VERSION "1.0.0"
#define STDC_HEADERS 1
#define HAVE_SYS_TYPES_H 1
#define HAVE_SYS_STAT_H 1
#define HAVE_STDLIB_H 1
#define HAVE_STRING_H 1
#define HAVE_MEMORY_H 1
#define HAVE_STRINGS_H 1
#define HAVE_INTTYPES_H 1
#define HAVE_STDINT_H 1
#define HAVE_UNISTD_H 1
#define HAVE_DLFCN_H 1
#define LT_OBJDIR ".libs/"
#define USE_THREADS 1
#define LUA_USE_MKSTEMP 1
#define MEMWATCH 1
#define HAVE_ARPA_INET_H 1
#define HAVE_FCNTL_H 1
#define HAVE_FLOAT_H 1
#define HAVE_INTTYPES_H 1
#define HAVE_LIMITS_H 1
#define HAVE_LOCALE_H 1
#define HAVE_MALLOC_H 1
#define HAVE_NETDB_H 1
#define HAVE_NETINET_IN_H 1
#define HAVE_STDDEF_H 1
#define HAVE_STDINT_H 1
#define HAVE_STDLIB_H 1
#define HAVE_STRING_H 1
#define HAVE_STRINGS_H 1
#define HAVE_SYS_FILE_H 1
#define HAVE_SYS_IOCTL_H 1
#define HAVE_SYS_SOCKET_H 1
#define HAVE_SYS_TIME_H 1
#define HAVE_SYS_TIMEB_H 1
#define HAVE_SYSLOG_H 1
#define HAVE_TERMIOS_H 1
#define HAVE_UNISTD_H 1
#define HAVE_WCHAR_H 1
#define HAVE_WCTYPE_H 1
#define HAVE__BOOL 1
#define HAVE_PTRDIFF_T 1

configure: exit 0

## ---------------------- ##
## Running config.status. ##
## ---------------------- ##

This file was extended by Home automation config.status 1.0.0, which was
generated by GNU Autoconf 2.69.  Invocation command line was

  CONFIG_FILES    = 
  CONFIG_HEADERS  = 
  CONFIG_LINKS    = 
  CONFIG_COMMANDS = 
  $ ./config.status 

on pc-pc

config.status:1173: creating Makefile
config.status:1173: creating src/Makefile
config.status:1173: creating config.h
config.status:1354: config.h is unchanged
config.status:1402: executing depfiles commands
config.status:1479: cd src       && sed -e '/# am--include-marker/d' Makefile         | make -f - am--depfiles
make[1]: Entering directory '/home/pc/homeis/homeis/src'
make[1]: Nothing to be done for 'am--depfiles'.
make[1]: Leaving directory '/home/pc/homeis/homeis/src'
config.status:1484: $? = 0
config.status:1402: executing libtool commands

## ---------------------- ##
## Running config.status. ##
## ---------------------- ##

This file was extended by Home automation config.status 1.0.0, which was
generated by GNU Autoconf 2.69.  Invocation command line was

  CONFIG_FILES    = 
  CONFIG_HEADERS  = 
  CONFIG_LINKS    = 
  CONFIG_COMMANDS = 
  $ ./config.status config.h

on pc-pc

config.status:1173: creating config.h
config.status:1354: config.h is unchanged

## ---------------------- ##
## Running config.status. ##
## ---------------------- ##

This file was extended by Home automation config.status 1.0.0, which was
generated by GNU Autoconf 2.69.  Invocation command line was

  CONFIG_FILES    = 
  CONFIG_HEADERS  = 
  CONFIG_LINKS    = 
  CONFIG_COMMANDS = 
  $ ./config.status src/Makefile depfiles

on pc-pc

config.status:1173: creating src/Makefile
config.status:1402: executing depfiles commands
config.status:1479: cd src       && sed -e '/# am--include-marker/d' Makefile         | make -f - am--depfiles
make[3]: Entering directory '/home/pc/homeis/homeis/src'
make[3]: Nothing to be done for 'am--depfiles'.
make[3]: Leaving directory '/home/pc/homeis/homeis/src'
config.status:1484: $? = 0

## ---------------------- ##
## Running config.status. ##
## ---------------------- ##

This file was extended by Home automation config.status 1.0.0, which was
generated by GNU Autoconf 2.69.  Invocation command line was

  CONFIG_FILES    = 
  CONFIG_HEADERS  = 
  CONFIG_LINKS    = 
  CONFIG_COMMANDS = 
  $ ./config.status src/Makefile depfiles

on pc-pc

config.status:1173: creating src/Makefile
config.status:1402: executing depfiles commands
config.status:1479: cd src       && sed -e '/# am--include-marker/d' Makefile         | make -f - am--depfiles
make[3]: Entering directory '/home/pc/homeis/homeis/src'
make[3]: Nothing to be done for 'am--depfiles'.
make[3]: Leaving directory '/home/pc/homeis/homeis/src'
config.status:1484: $? = 0

## ---------------------- ##
## Running config.status. ##
## ---------------------- ##

This file was extended by Home automation config.status 1.0.0, which was
generated by GNU Autoconf 2.69.  Invocation command line was

  CONFIG_FILES    = 
  CONFIG_HEADERS  = 
  CONFIG_LINKS    = 
  CONFIG_COMMANDS = 
  $ ./config.status src/Makefile depfiles

on pc-pc

config.status:1173: creating src/Makefile
config.status:1402: executing depfiles commands
config.status:1479: cd src       && sed -e '/# am--include-marker/d' Makefile         | make -f - am--depfiles
make[3]: Entering directory '/home/pc/homeis/homeis/src'
make[3]: Nothing to be done for 'am--depfiles'.
make[3]: Leaving directory '/home/pc/homeis/homeis/src'
config.status:1484: $? = 0

## ---------------------- ##
## Running config.status. ##
## ---------------------- ##

This file was extended by Home automation config.status 1.0.0, which was
generated by GNU Autoconf 2.69.  Invocation command line was

  CONFIG_FILES    = 
  CONFIG_HEADERS  = 
  CONFIG_LINKS    = 
  CONFIG_COMMANDS = 
  $ ./config.status src/Makefile depfiles

on pc-pc

config.status:1173: creating src/Makefile
config.status:1402: executing depfiles commands
config.status:1479: cd src       && sed -e '/# am--include-marker/d' Makefile         | make -f - am--depfiles
make[3]: Entering directory '/home/pc/homeis/homeis/src'
make[3]: Nothing to be done for 'am--depfiles'.
make[3]: Leaving directory '/home/pc/homeis/homeis/src'
config.status:1484: $? = 0
