This file contains any messages produced by compilers while
running configure, to aid debugging if configure makes a mistake.

It was created by libmicrohttpd configure 0.9.26, which was
generated by GNU Autoconf 2.69.  Invocation command line was

  $ /root/libmicrohttpd-0.9.26/configure --prefix=/root/raspberrypi/libmicrohttpd --build=i686-linux --host=arm-linux-gnueabihf

## --------- ##
## Platform. ##
## --------- ##

hostname = debian
uname -m = i686
uname -r = 2.6.32-5-686
uname -s = Linux
uname -v = #1 SMP Wed Jan 12 04:01:41 UTC 2011

/usr/bin/uname -p = unknown
/bin/uname -X     = unknown

/bin/arch              = unknown
/usr/bin/arch -k       = unknown
/usr/convex/getsysinfo = unknown
/usr/bin/hostinfo      = unknown
/bin/machine           = unknown
/usr/bin/oslevel       = unknown
/bin/universe          = unknown

PATH: /usr/local/sbin
PATH: /usr/local/bin
PATH: /usr/sbin
PATH: /usr/bin
PATH: /sbin
PATH: /bin
PATH: /root/raspberrypi/tools/arm-bcm2708/gcc-linaro-arm-linux-gnueabihf-raspbian/bin
PATH: /root/raspberrypi/tools/arm-bcm2708/gcc-linaro-arm-linux-gnueabihf-raspbian/bin


## ----------- ##
## Core tests. ##
## ----------- ##

configure:2435: checking for a BSD-compatible install
configure:2503: result: /usr/bin/install -c
configure:2514: checking whether build environment is sane
configure:2564: result: yes
configure:2613: checking for arm-linux-gnueabihf-strip
configure:2629: found /root/raspberrypi/tools/arm-bcm2708/gcc-linaro-arm-linux-gnueabihf-raspbian/bin/arm-linux-gnueabihf-strip
configure:2640: result: arm-linux-gnueabihf-strip
configure:2705: checking for a thread-safe mkdir -p
configure:2744: result: /bin/mkdir -p
configure:2757: checking for gawk
configure:2787: result: no
configure:2757: checking for mawk
configure:2773: found /usr/bin/mawk
configure:2784: result: mawk
configure:2795: checking whether make sets $(MAKE)
configure:2817: result: yes
configure:2846: checking whether make supports nested variables
configure:2863: result: yes
configure:2973: checking for gawk
configure:3000: result: mawk
configure:3012: checking whether ln -s works
configure:3016: result: yes
configure:3023: checking whether make sets $(MAKE)
configure:3045: result: yes
configure:3058: checking build system type
configure:3072: result: i686-pc-linux-gnu
configure:3092: checking host system type
configure:3105: result: arm-unknown-linux-gnueabihf
configure:3137: checking for style of include used by make
configure:3165: result: GNU
configure:3196: checking for arm-linux-gnueabihf-gcc
configure:3212: found /root/raspberrypi/tools/arm-bcm2708/gcc-linaro-arm-linux-gnueabihf-raspbian/bin/arm-linux-gnueabihf-gcc
configure:3223: result: arm-linux-gnueabihf-gcc
configure:3492: checking for C compiler version
configure:3501: arm-linux-gnueabihf-gcc --version >&5
arm-linux-gnueabihf-gcc (crosstool-NG linaro-1.13.1+bzr2458 - Linaro GCC 2012.08) 4.7.2 20120731 (prerelease)
Copyright (C) 2012 Free Software Foundation, Inc.
This is free software; see the source for copying conditions.  There is NO
warranty; not even for MERCHANTABILITY or FITNESS FOR A PARTICULAR PURPOSE.

configure:3512: $? = 0
configure:3501: arm-linux-gnueabihf-gcc -v >&5
Using built-in specs.
COLLECT_GCC=arm-linux-gnueabihf-gcc
COLLECT_LTO_WRAPPER=/root/raspberrypi/tools/arm-bcm2708/gcc-linaro-arm-linux-gnueabihf-raspbian/bin/../libexec/gcc/arm-linux-gnueabihf/4.7.2/lto-wrapper
Target: arm-linux-gnueabihf
Configured with: /cbuild/slaves/oort61/crosstool-ng/builds/arm-linux-gnueabihf-raspbian-linux/.build/src/gcc-linaro-4.7-2012.08/configure --build=i686-build_pc-linux-gnu --host=i686-build_pc-linux-gnu --target=arm-linux-gnueabihf --prefix=/cbuild/slaves/oort61/crosstool-ng/builds/arm-linux-gnueabihf-raspbian-linux/install --with-sysroot=/cbuild/slaves/oort61/crosstool-ng/builds/arm-linux-gnueabihf-raspbian-linux/install/arm-linux-gnueabihf/libc --enable-languages=c,c++,fortran --disable-multilib --with-arch=armv6 --with-tune=arm1176jz-s --with-fpu=vfp --with-float=hard --with-pkgversion='crosstool-NG linaro-1.13.1+bzr2458 - Linaro GCC 2012.08' --with-bugurl=https://bugs.launchpad.net/gcc-linaro --enable-__cxa_atexit --enable-libmudflap --enable-libgomp --enable-libssp --with-gmp=/cbuild/slaves/oort61/crosstool-ng/builds/arm-linux-gnueabihf-raspbian-linux/.build/arm-linux-gnueabihf/build/static --with-mpfr=/cbuild/slaves/oort61/crosstool-ng/builds/arm-linux-gnueabihf-raspbian-linux/.build/arm-linux-gnueabihf/build/static --with-mpc=/cbuild/slaves/oort61/crosstool-ng/builds/arm-linux-gnueabihf-raspbian-linux/.build/arm-linux-gnueabihf/build/static --with-ppl=/cbuild/slaves/oort61/crosstool-ng/builds/arm-linux-gnueabihf-raspbian-linux/.build/arm-linux-gnueabihf/build/static --with-cloog=/cbuild/slaves/oort61/crosstool-ng/builds/arm-linux-gnueabihf-raspbian-linux/.build/arm-linux-gnueabihf/build/static --with-libelf=/cbuild/slaves/oort61/crosstool-ng/builds/arm-linux-gnueabihf-raspbian-linux/.build/arm-linux-gnueabihf/build/static --with-host-libstdcxx='-L/cbuild/slaves/oort61/crosstool-ng/builds/arm-linux-gnueabihf-raspbian-linux/.build/arm-linux-gnueabihf/build/static/lib -lpwl' --enable-threads=posix --disable-libstdcxx-pch --enable-linker-build-id --enable-plugin --enable-gold --with-local-prefix=/cbuild/slaves/oort61/crosstool-ng/builds/arm-linux-gnueabihf-raspbian-linux/install/arm-linux-gnueabihf/libc --enable-c99 --enable-long-long
Thread model: posix
gcc version 4.7.2 20120731 (prerelease) (crosstool-NG linaro-1.13.1+bzr2458 - Linaro GCC 2012.08) 
configure:3512: $? = 0
configure:3501: arm-linux-gnueabihf-gcc -V >&5
arm-linux-gnueabihf-gcc: error: unrecognized command line option '-V'
arm-linux-gnueabihf-gcc: fatal error: no input files
compilation terminated.
configure:3512: $? = 1
configure:3501: arm-linux-gnueabihf-gcc -qversion >&5
arm-linux-gnueabihf-gcc: error: unrecognized command line option '-qversion'
arm-linux-gnueabihf-gcc: fatal error: no input files
compilation terminated.
configure:3512: $? = 1
configure:3532: checking whether the C compiler works
configure:3554: arm-linux-gnueabihf-gcc    conftest.c  >&5
configure:3558: $? = 0
configure:3606: result: yes
configure:3609: checking for C compiler default output file name
configure:3611: result: a.out
configure:3617: checking for suffix of executables
configure:3624: arm-linux-gnueabihf-gcc -o conftest    conftest.c  >&5
configure:3628: $? = 0
configure:3650: result: 
configure:3672: checking whether we are cross compiling
configure:3710: result: yes
configure:3715: checking for suffix of object files
configure:3737: arm-linux-gnueabihf-gcc -c   conftest.c >&5
configure:3741: $? = 0
configure:3762: result: o
configure:3766: checking whether we are using the GNU C compiler
configure:3785: arm-linux-gnueabihf-gcc -c   conftest.c >&5
configure:3785: $? = 0
configure:3794: result: yes
configure:3803: checking whether arm-linux-gnueabihf-gcc accepts -g
configure:3823: arm-linux-gnueabihf-gcc -c -g  conftest.c >&5
configure:3823: $? = 0
configure:3864: result: yes
configure:3881: checking for arm-linux-gnueabihf-gcc option to accept ISO C89
configure:3944: arm-linux-gnueabihf-gcc  -c -g -O2  conftest.c >&5
configure:3944: $? = 0
configure:3957: result: none needed
configure:3979: checking dependency style of arm-linux-gnueabihf-gcc
configure:4090: result: gcc3
configure:4106: checking whether arm-linux-gnueabihf-gcc and cc understand -c and -o together
configure:4137: arm-linux-gnueabihf-gcc -c conftest.c -o conftest2.o >&5
configure:4141: $? = 0
configure:4147: arm-linux-gnueabihf-gcc -c conftest.c -o conftest2.o >&5
configure:4151: $? = 0
configure:4162: cc -c conftest.c >&5
configure:4166: $? = 0
configure:4174: cc -c conftest.c -o conftest2.o >&5
configure:4178: $? = 0
configure:4184: cc -c conftest.c -o conftest2.o >&5
configure:4188: $? = 0
configure:4206: result: yes
configure:4580: checking how to print strings
configure:4607: result: printf
configure:4628: checking for a sed that does not truncate output
configure:4692: result: /bin/sed
configure:4710: checking for grep that handles long lines and -e
configure:4768: result: /bin/grep
configure:4773: checking for egrep
configure:4835: result: /bin/grep -E
configure:4840: checking for fgrep
configure:4902: result: /bin/grep -F
configure:4937: checking for ld used by arm-linux-gnueabihf-gcc
configure:5004: result: /root/raspberrypi/tools/arm-bcm2708/gcc-linaro-arm-linux-gnueabihf-raspbian/arm-linux-gnueabihf/bin/ld
configure:5011: checking if the linker (/root/raspberrypi/tools/arm-bcm2708/gcc-linaro-arm-linux-gnueabihf-raspbian/arm-linux-gnueabihf/bin/ld) is GNU ld
configure:5026: result: yes
configure:5038: checking for BSD- or MS-compatible name lister (nm)
configure:5087: result: /root/raspberrypi/tools/arm-bcm2708/gcc-linaro-arm-linux-gnueabihf-raspbian/bin/arm-linux-gnueabihf-nm -B
configure:5217: checking the name lister (/root/raspberrypi/tools/arm-bcm2708/gcc-linaro-arm-linux-gnueabihf-raspbian/bin/arm-linux-gnueabihf-nm -B) interface
configure:5224: arm-linux-gnueabihf-gcc -c -g -O2  conftest.c >&5
configure:5227: /root/raspberrypi/tools/arm-bcm2708/gcc-linaro-arm-linux-gnueabihf-raspbian/bin/arm-linux-gnueabihf-nm -B "conftest.o"
configure:5230: output
00000000 B some_variable
configure:5237: result: BSD nm
configure:5241: checking the maximum length of command line arguments
configure:5371: result: 1572864
configure:5388: checking whether the shell understands some XSI constructs
configure:5398: result: yes
configure:5402: checking whether the shell understands "+="
configure:5408: result: yes
configure:5443: checking how to convert i686-pc-linux-gnu file names to arm-unknown-linux-gnueabihf format
configure:5483: result: func_convert_file_noop
configure:5490: checking how to convert i686-pc-linux-gnu file names to toolchain format
configure:5510: result: func_convert_file_noop
configure:5517: checking for /root/raspberrypi/tools/arm-bcm2708/gcc-linaro-arm-linux-gnueabihf-raspbian/arm-linux-gnueabihf/bin/ld option to reload object files
configure:5524: result: -r
configure:5558: checking for arm-linux-gnueabihf-objdump
configure:5585: result: objdump
configure:5654: checking how to recognize dependent libraries
configure:5852: result: pass_all
configure:5897: checking for arm-linux-gnueabihf-dlltool
configure:5924: result: dlltool
configure:5994: checking how to associate runtime and link libraries
configure:6021: result: printf %s\n
configure:6038: checking for arm-linux-gnueabihf-ar
configure:6054: found /root/raspberrypi/tools/arm-bcm2708/gcc-linaro-arm-linux-gnueabihf-raspbian/bin/arm-linux-gnueabihf-ar
configure:6065: result: arm-linux-gnueabihf-ar
configure:6146: checking for archiver @FILE support
configure:6163: arm-linux-gnueabihf-gcc -c -g -O2  conftest.c >&5
configure:6163: $? = 0
configure:6166: arm-linux-gnueabihf-ar cru libconftest.a @conftest.lst >&5
configure:6169: $? = 0
configure:6174: arm-linux-gnueabihf-ar cru libconftest.a @conftest.lst >&5
arm-linux-gnueabihf-ar: conftest.o: No such file or directory
configure:6177: $? = 1
configure:6189: result: @
configure:6207: checking for arm-linux-gnueabihf-strip
configure:6234: result: arm-linux-gnueabihf-strip
configure:6306: checking for arm-linux-gnueabihf-ranlib
configure:6322: found /root/raspberrypi/tools/arm-bcm2708/gcc-linaro-arm-linux-gnueabihf-raspbian/bin/arm-linux-gnueabihf-ranlib
configure:6333: result: arm-linux-gnueabihf-ranlib
configure:6475: checking command to parse /root/raspberrypi/tools/arm-bcm2708/gcc-linaro-arm-linux-gnueabihf-raspbian/bin/arm-linux-gnueabihf-nm -B output from arm-linux-gnueabihf-gcc object
configure:6595: arm-linux-gnueabihf-gcc -c -g -O2  conftest.c >&5
configure:6598: $? = 0
configure:6602: /root/raspberrypi/tools/arm-bcm2708/gcc-linaro-arm-linux-gnueabihf-raspbian/bin/arm-linux-gnueabihf-nm -B conftest.o \| sed -n -e 's/^.*[ ]\([ABCDGIRSTW][ABCDGIRSTW]*\)[ ][ ]*\([_A-Za-z][_A-Za-z0-9]*\)$/\1 \2 \2/p' | sed '/ __gnu_lto/d' \> conftest.nm
configure:6605: $? = 0
configure:6671: arm-linux-gnueabihf-gcc -o conftest -g -O2   conftest.c conftstm.o >&5
configure:6674: $? = 0
configure:6712: result: ok
configure:6749: checking for sysroot
configure:6779: result: no
configure:6995: checking for arm-linux-gnueabihf-mt
configure:7025: result: no
configure:7035: checking for mt
configure:7051: found /bin/mt
configure:7062: result: mt
configure:7074: WARNING: using cross tools not prefixed with host triplet
configure:7085: checking if mt is a manifest tool
configure:7091: mt '-?'
configure:7099: result: no
configure:7741: checking how to run the C preprocessor
configure:7772: arm-linux-gnueabihf-gcc -E  conftest.c
configure:7772: $? = 0
configure:7786: arm-linux-gnueabihf-gcc -E  conftest.c
conftest.c:11:28: fatal error: ac_nonexistent.h: No such file or directory
compilation terminated.
configure:7786: $? = 1
configure: failed program was:
| /* confdefs.h */
| #define PACKAGE_NAME "libmicrohttpd"
| #define PACKAGE_TARNAME "libmicrohttpd"
| #define PACKAGE_VERSION "0.9.26"
| #define PACKAGE_STRING "libmicrohttpd 0.9.26"
| #define PACKAGE_BUGREPORT "libmicrohttpd@gnu.org"
| #define PACKAGE_URL ""
| #define PACKAGE "libmicrohttpd"
| #define VERSION "0.9.26"
| /* end confdefs.h.  */
| #include <ac_nonexistent.h>
configure:7811: result: arm-linux-gnueabihf-gcc -E
configure:7831: arm-linux-gnueabihf-gcc -E  conftest.c
configure:7831: $? = 0
configure:7845: arm-linux-gnueabihf-gcc -E  conftest.c
conftest.c:11:28: fatal error: ac_nonexistent.h: No such file or directory
compilation terminated.
configure:7845: $? = 1
configure: failed program was:
| /* confdefs.h */
| #define PACKAGE_NAME "libmicrohttpd"
| #define PACKAGE_TARNAME "libmicrohttpd"
| #define PACKAGE_VERSION "0.9.26"
| #define PACKAGE_STRING "libmicrohttpd 0.9.26"
| #define PACKAGE_BUGREPORT "libmicrohttpd@gnu.org"
| #define PACKAGE_URL ""
| #define PACKAGE "libmicrohttpd"
| #define VERSION "0.9.26"
| /* end confdefs.h.  */
| #include <ac_nonexistent.h>
configure:7874: checking for ANSI C header files
configure:7894: arm-linux-gnueabihf-gcc -c -g -O2  conftest.c >&5
configure:7894: $? = 0
configure:7978: result: yes
configure:7991: checking for sys/types.h
configure:7991: arm-linux-gnueabihf-gcc -c -g -O2  conftest.c >&5
configure:7991: $? = 0
configure:7991: result: yes
configure:7991: checking for sys/stat.h
configure:7991: arm-linux-gnueabihf-gcc -c -g -O2  conftest.c >&5
configure:7991: $? = 0
configure:7991: result: yes
configure:7991: checking for stdlib.h
configure:7991: arm-linux-gnueabihf-gcc -c -g -O2  conftest.c >&5
configure:7991: $? = 0
configure:7991: result: yes
configure:7991: checking for string.h
configure:7991: arm-linux-gnueabihf-gcc -c -g -O2  conftest.c >&5
configure:7991: $? = 0
configure:7991: result: yes
configure:7991: checking for memory.h
configure:7991: arm-linux-gnueabihf-gcc -c -g -O2  conftest.c >&5
configure:7991: $? = 0
configure:7991: result: yes
configure:7991: checking for strings.h
configure:7991: arm-linux-gnueabihf-gcc -c -g -O2  conftest.c >&5
configure:7991: $? = 0
configure:7991: result: yes
configure:7991: checking for inttypes.h
configure:7991: arm-linux-gnueabihf-gcc -c -g -O2  conftest.c >&5
configure:7991: $? = 0
configure:7991: result: yes
configure:7991: checking for stdint.h
configure:7991: arm-linux-gnueabihf-gcc -c -g -O2  conftest.c >&5
configure:7991: $? = 0
configure:7991: result: yes
configure:7991: checking for unistd.h
configure:7991: arm-linux-gnueabihf-gcc -c -g -O2  conftest.c >&5
configure:7991: $? = 0
configure:7991: result: yes
configure:8005: checking for dlfcn.h
configure:8005: arm-linux-gnueabihf-gcc -c -g -O2  conftest.c >&5
configure:8005: $? = 0
configure:8005: result: yes
configure:8209: checking for objdir
configure:8224: result: .libs
configure:8495: checking if arm-linux-gnueabihf-gcc supports -fno-rtti -fno-exceptions
configure:8513: arm-linux-gnueabihf-gcc -c -g -O2  -fno-rtti -fno-exceptions conftest.c >&5
cc1: warning: command line option '-fno-rtti' is valid for C++/ObjC++ but not for C [enabled by default]
configure:8517: $? = 0
configure:8530: result: no
configure:8857: checking for arm-linux-gnueabihf-gcc option to produce PIC
configure:8864: result: -fPIC -DPIC
configure:8872: checking if arm-linux-gnueabihf-gcc PIC flag -fPIC -DPIC works
configure:8890: arm-linux-gnueabihf-gcc -c -g -O2  -fPIC -DPIC -DPIC conftest.c >&5
configure:8894: $? = 0
configure:8907: result: yes
configure:8936: checking if arm-linux-gnueabihf-gcc static flag -static works
configure:8964: result: yes
configure:8979: checking if arm-linux-gnueabihf-gcc supports -c -o file.o
configure:9000: arm-linux-gnueabihf-gcc -c -g -O2  -o out/conftest2.o conftest.c >&5
configure:9004: $? = 0
configure:9026: result: yes
configure:9034: checking if arm-linux-gnueabihf-gcc supports -c -o file.o
configure:9081: result: yes
configure:9114: checking whether the arm-linux-gnueabihf-gcc linker (/root/raspberrypi/tools/arm-bcm2708/gcc-linaro-arm-linux-gnueabihf-raspbian/arm-linux-gnueabihf/bin/ld) supports shared libraries
configure:10271: result: yes
configure:10308: checking whether -lc should be explicitly linked in
configure:10316: arm-linux-gnueabihf-gcc -c -g -O2  conftest.c >&5
configure:10319: $? = 0
configure:10334: arm-linux-gnueabihf-gcc -shared  -fPIC -DPIC conftest.o  -v -Wl,-soname -Wl,conftest -o conftest 2\>\&1 \| /bin/grep  -lc  \>/dev/null 2\>\&1
configure:10337: $? = 0
configure:10351: result: no
configure:10511: checking dynamic linker characteristics
configure:11011: arm-linux-gnueabihf-gcc -o conftest -g -O2   -Wl,-rpath -Wl,/foo conftest.c  >&5
configure:11011: $? = 0
configure:11245: result: GNU/Linux ld.so
configure:11352: checking how to hardcode library paths into programs
configure:11377: result: immediate
configure:11917: checking whether stripping libraries is possible
configure:11922: result: yes
configure:11957: checking if libtool supports shared libraries
configure:11959: result: yes
configure:11962: checking whether to build shared libraries
configure:11983: result: yes
configure:11986: checking whether to build static libraries
configure:11990: result: yes
configure:12027: checking whether byte ordering is bigendian
configure:12042: arm-linux-gnueabihf-gcc -c -g -O2  conftest.c >&5
conftest.c:24:9: error: unknown type name 'not'
conftest.c:24:15: error: expected '=', ',', ';', 'asm' or '__attribute__' before 'universal'
conftest.c:24:15: error: unknown type name 'universal'
configure:12042: $? = 1
configure: failed program was:
| /* confdefs.h */
| #define PACKAGE_NAME "libmicrohttpd"
| #define PACKAGE_TARNAME "libmicrohttpd"
| #define PACKAGE_VERSION "0.9.26"
| #define PACKAGE_STRING "libmicrohttpd 0.9.26"
| #define PACKAGE_BUGREPORT "libmicrohttpd@gnu.org"
| #define PACKAGE_URL ""
| #define PACKAGE "libmicrohttpd"
| #define VERSION "0.9.26"
| #define STDC_HEADERS 1
| #define HAVE_SYS_TYPES_H 1
| #define HAVE_SYS_STAT_H 1
| #define HAVE_STDLIB_H 1
| #define HAVE_STRING_H 1
| #define HAVE_MEMORY_H 1
| #define HAVE_STRINGS_H 1
| #define HAVE_INTTYPES_H 1
| #define HAVE_STDINT_H 1
| #define HAVE_UNISTD_H 1
| #define HAVE_DLFCN_H 1
| #define LT_OBJDIR ".libs/"
| /* end confdefs.h.  */
| #ifndef __APPLE_CC__
| 	       not a universal capable compiler
| 	     #endif
| 	     typedef int dummy;
| 
configure:12087: arm-linux-gnueabihf-gcc -c -g -O2  conftest.c >&5
configure:12087: $? = 0
configure:12105: arm-linux-gnueabihf-gcc -c -g -O2  conftest.c >&5
conftest.c: In function 'main':
conftest.c:30:4: error: unknown type name 'not'
conftest.c:30:12: error: expected '=', ',', ';', 'asm' or '__attribute__' before 'endian'
configure:12105: $? = 1
configure: failed program was:
| /* confdefs.h */
| #define PACKAGE_NAME "libmicrohttpd"
| #define PACKAGE_TARNAME "libmicrohttpd"
| #define PACKAGE_VERSION "0.9.26"
| #define PACKAGE_STRING "libmicrohttpd 0.9.26"
| #define PACKAGE_BUGREPORT "libmicrohttpd@gnu.org"
| #define PACKAGE_URL ""
| #define PACKAGE "libmicrohttpd"
| #define VERSION "0.9.26"
| #define STDC_HEADERS 1
| #define HAVE_SYS_TYPES_H 1
| #define HAVE_SYS_STAT_H 1
| #define HAVE_STDLIB_H 1
| #define HAVE_STRING_H 1
| #define HAVE_MEMORY_H 1
| #define HAVE_STRINGS_H 1
| #define HAVE_INTTYPES_H 1
| #define HAVE_STDINT_H 1
| #define HAVE_UNISTD_H 1
| #define HAVE_DLFCN_H 1
| #define LT_OBJDIR ".libs/"
| /* end confdefs.h.  */
| #include <sys/types.h>
| 		#include <sys/param.h>
| 
| int
| main ()
| {
| #if BYTE_ORDER != BIG_ENDIAN
| 		 not big endian
| 		#endif
| 
|   ;
|   return 0;
| }
configure:12233: result: no
configure:12252: checking for struct sockaddr_in.sin_len
configure:12252: arm-linux-gnueabihf-gcc -c -g -O2  conftest.c >&5
conftest.c: In function 'main':
conftest.c:33:12: error: 'struct sockaddr_in' has no member named 'sin_len'
configure:12252: $? = 1
configure: failed program was:
| /* confdefs.h */
| #define PACKAGE_NAME "libmicrohttpd"
| #define PACKAGE_TARNAME "libmicrohttpd"
| #define PACKAGE_VERSION "0.9.26"
| #define PACKAGE_STRING "libmicrohttpd 0.9.26"
| #define PACKAGE_BUGREPORT "libmicrohttpd@gnu.org"
| #define PACKAGE_URL ""
| #define PACKAGE "libmicrohttpd"
| #define VERSION "0.9.26"
| #define STDC_HEADERS 1
| #define HAVE_SYS_TYPES_H 1
| #define HAVE_SYS_STAT_H 1
| #define HAVE_STDLIB_H 1
| #define HAVE_STRING_H 1
| #define HAVE_MEMORY_H 1
| #define HAVE_STRINGS_H 1
| #define HAVE_INTTYPES_H 1
| #define HAVE_STDINT_H 1
| #define HAVE_UNISTD_H 1
| #define HAVE_DLFCN_H 1
| #define LT_OBJDIR ".libs/"
| /* end confdefs.h.  */
| 
|       #include <sys/types.h>
|       #include <sys/socket.h>
|       #include <netinet/in.h>
| 
| 
| int
| main ()
| {
| static struct sockaddr_in ac_aggr;
| if (ac_aggr.sin_len)
| return 0;
|   ;
|   return 0;
| }
configure:12252: arm-linux-gnueabihf-gcc -c -g -O2  conftest.c >&5
conftest.c: In function 'main':
conftest.c:33:19: error: 'struct sockaddr_in' has no member named 'sin_len'
configure:12252: $? = 1
configure: failed program was:
| /* confdefs.h */
| #define PACKAGE_NAME "libmicrohttpd"
| #define PACKAGE_TARNAME "libmicrohttpd"
| #define PACKAGE_VERSION "0.9.26"
| #define PACKAGE_STRING "libmicrohttpd 0.9.26"
| #define PACKAGE_BUGREPORT "libmicrohttpd@gnu.org"
| #define PACKAGE_URL ""
| #define PACKAGE "libmicrohttpd"
| #define VERSION "0.9.26"
| #define STDC_HEADERS 1
| #define HAVE_SYS_TYPES_H 1
| #define HAVE_SYS_STAT_H 1
| #define HAVE_STDLIB_H 1
| #define HAVE_STRING_H 1
| #define HAVE_MEMORY_H 1
| #define HAVE_STRINGS_H 1
| #define HAVE_INTTYPES_H 1
| #define HAVE_STDINT_H 1
| #define HAVE_UNISTD_H 1
| #define HAVE_DLFCN_H 1
| #define LT_OBJDIR ".libs/"
| /* end confdefs.h.  */
| 
|       #include <sys/types.h>
|       #include <sys/socket.h>
|       #include <netinet/in.h>
| 
| 
| int
| main ()
| {
| static struct sockaddr_in ac_aggr;
| if (sizeof ac_aggr.sin_len)
| return 0;
|   ;
|   return 0;
| }
configure:12252: result: no
configure:12268: checking for curl
configure:12296: result: false
configure:12766: arm-linux-gnueabihf-gcc -o conftest -fno-strict-aliasing -g -O2   conftest.c  >&5
/tmp/ccSbf2E2.o: In function `main':
/root/raspberrypi/libmicrohttpd/conftest.c:32: undefined reference to `pthread_create'
collect2: error: ld returned 1 exit status
configure:12766: $? = 1
configure: failed program was:
| /* confdefs.h */
| #define PACKAGE_NAME "libmicrohttpd"
| #define PACKAGE_TARNAME "libmicrohttpd"
| #define PACKAGE_VERSION "0.9.26"
| #define PACKAGE_STRING "libmicrohttpd 0.9.26"
| #define PACKAGE_BUGREPORT "libmicrohttpd@gnu.org"
| #define PACKAGE_URL ""
| #define PACKAGE "libmicrohttpd"
| #define VERSION "0.9.26"
| #define STDC_HEADERS 1
| #define HAVE_SYS_TYPES_H 1
| #define HAVE_SYS_STAT_H 1
| #define HAVE_STDLIB_H 1
| #define HAVE_STRING_H 1
| #define HAVE_MEMORY_H 1
| #define HAVE_STRINGS_H 1
| #define HAVE_INTTYPES_H 1
| #define HAVE_STDINT_H 1
| #define HAVE_UNISTD_H 1
| #define HAVE_DLFCN_H 1
| #define LT_OBJDIR ".libs/"
| #define LINUX 1
| #define HAVE_LISTEN_SHUTDOWN 1
| /* end confdefs.h.  */
| 
|         #include <pthread.h>
| 
| int
| main ()
| {
| 
|         pthread_create(0,0,0,0);
| 
|   ;
|   return 0;
| }
configure:12778: checking for pthread_create in -lpthread
configure:12803: arm-linux-gnueabihf-gcc -o conftest -fno-strict-aliasing -g -O2   conftest.c -lpthread   >&5
configure:12803: $? = 0
configure:12812: result: yes
configure:12944: checking fcntl.h usability
configure:12944: arm-linux-gnueabihf-gcc -c -fno-strict-aliasing -g -O2  conftest.c >&5
configure:12944: $? = 0
configure:12944: result: yes
configure:12944: checking fcntl.h presence
configure:12944: arm-linux-gnueabihf-gcc -E  conftest.c
configure:12944: $? = 0
configure:12944: result: yes
configure:12944: checking for fcntl.h
configure:12944: result: yes
configure:12944: checking math.h usability
configure:12944: arm-linux-gnueabihf-gcc -c -fno-strict-aliasing -g -O2  conftest.c >&5
configure:12944: $? = 0
configure:12944: result: yes
configure:12944: checking math.h presence
configure:12944: arm-linux-gnueabihf-gcc -E  conftest.c
configure:12944: $? = 0
configure:12944: result: yes
configure:12944: checking for math.h
configure:12944: result: yes
configure:12944: checking errno.h usability
configure:12944: arm-linux-gnueabihf-gcc -c -fno-strict-aliasing -g -O2  conftest.c >&5
configure:12944: $? = 0
configure:12944: result: yes
configure:12944: checking errno.h presence
configure:12944: arm-linux-gnueabihf-gcc -E  conftest.c
configure:12944: $? = 0
configure:12944: result: yes
configure:12944: checking for errno.h
configure:12944: result: yes
configure:12944: checking limits.h usability
configure:12944: arm-linux-gnueabihf-gcc -c -fno-strict-aliasing -g -O2  conftest.c >&5
configure:12944: $? = 0
configure:12944: result: yes
configure:12944: checking limits.h presence
configure:12944: arm-linux-gnueabihf-gcc -E  conftest.c
configure:12944: $? = 0
configure:12944: result: yes
configure:12944: checking for limits.h
configure:12944: result: yes
configure:12944: checking stdio.h usability
configure:12944: arm-linux-gnueabihf-gcc -c -fno-strict-aliasing -g -O2  conftest.c >&5
configure:12944: $? = 0
configure:12944: result: yes
configure:12944: checking stdio.h presence
configure:12944: arm-linux-gnueabihf-gcc -E  conftest.c
configure:12944: $? = 0
configure:12944: result: yes
configure:12944: checking for stdio.h
configure:12944: result: yes
configure:12944: checking locale.h usability
configure:12944: arm-linux-gnueabihf-gcc -c -fno-strict-aliasing -g -O2  conftest.c >&5
configure:12944: $? = 0
configure:12944: result: yes
configure:12944: checking locale.h presence
configure:12944: arm-linux-gnueabihf-gcc -E  conftest.c
configure:12944: $? = 0
configure:12944: result: yes
configure:12944: checking for locale.h
configure:12944: result: yes
configure:12944: checking for sys/stat.h
configure:12944: result: yes
configure:12944: checking for sys/types.h
configure:12944: result: yes
configure:12944: checking pthread.h usability
configure:12944: arm-linux-gnueabihf-gcc -c -fno-strict-aliasing -g -O2  conftest.c >&5
configure:12944: $? = 0
configure:12944: result: yes
configure:12944: checking pthread.h presence
configure:12944: arm-linux-gnueabihf-gcc -E  conftest.c
configure:12944: $? = 0
configure:12944: result: yes
configure:12944: checking for pthread.h
configure:12944: result: yes
configure:12961: checking for sys/types.h
configure:12961: result: yes
configure:12961: checking sys/time.h usability
configure:12961: arm-linux-gnueabihf-gcc -c -fno-strict-aliasing -g -O2  conftest.c >&5
configure:12961: $? = 0
configure:12961: result: yes
configure:12961: checking sys/time.h presence
configure:12961: arm-linux-gnueabihf-gcc -E  conftest.c
configure:12961: $? = 0
configure:12961: result: yes
configure:12961: checking for sys/time.h
configure:12961: result: yes
configure:12961: checking sys/msg.h usability
configure:12961: arm-linux-gnueabihf-gcc -c -fno-strict-aliasing -g -O2  conftest.c >&5
configure:12961: $? = 0
configure:12961: result: yes
configure:12961: checking sys/msg.h presence
configure:12961: arm-linux-gnueabihf-gcc -E  conftest.c
configure:12961: $? = 0
configure:12961: result: yes
configure:12961: checking for sys/msg.h
configure:12961: result: yes
configure:12961: checking netdb.h usability
configure:12961: arm-linux-gnueabihf-gcc -c -fno-strict-aliasing -g -O2  conftest.c >&5
configure:12961: $? = 0
configure:12961: result: yes
configure:12961: checking netdb.h presence
configure:12961: arm-linux-gnueabihf-gcc -E  conftest.c
configure:12961: $? = 0
configure:12961: result: yes
configure:12961: checking for netdb.h
configure:12961: result: yes
configure:12961: checking netinet/in.h usability
configure:12961: arm-linux-gnueabihf-gcc -c -fno-strict-aliasing -g -O2  conftest.c >&5
configure:12961: $? = 0
configure:12961: result: yes
configure:12961: checking netinet/in.h presence
configure:12961: arm-linux-gnueabihf-gcc -E  conftest.c
configure:12961: $? = 0
configure:12961: result: yes
configure:12961: checking for netinet/in.h
configure:12961: result: yes
configure:12961: checking netinet/tcp.h usability
configure:12961: arm-linux-gnueabihf-gcc -c -fno-strict-aliasing -g -O2  conftest.c >&5
configure:12961: $? = 0
configure:12961: result: yes
configure:12961: checking netinet/tcp.h presence
configure:12961: arm-linux-gnueabihf-gcc -E  conftest.c
configure:12961: $? = 0
configure:12961: result: yes
configure:12961: checking for netinet/tcp.h
configure:12961: result: yes
configure:12961: checking time.h usability
configure:12961: arm-linux-gnueabihf-gcc -c -fno-strict-aliasing -g -O2  conftest.c >&5
configure:12961: $? = 0
configure:12961: result: yes
configure:12961: checking time.h presence
configure:12961: arm-linux-gnueabihf-gcc -E  conftest.c
configure:12961: $? = 0
configure:12961: result: yes
configure:12961: checking for time.h
configure:12961: result: yes
configure:12961: checking sys/socket.h usability
configure:12961: arm-linux-gnueabihf-gcc -c -fno-strict-aliasing -g -O2  conftest.c >&5
configure:12961: $? = 0
configure:12961: result: yes
configure:12961: checking sys/socket.h presence
configure:12961: arm-linux-gnueabihf-gcc -E  conftest.c
configure:12961: $? = 0
configure:12961: result: yes
configure:12961: checking for sys/socket.h
configure:12961: result: yes
configure:12961: checking sys/mman.h usability
configure:12961: arm-linux-gnueabihf-gcc -c -fno-strict-aliasing -g -O2  conftest.c >&5
configure:12961: $? = 0
configure:12961: result: yes
configure:12961: checking sys/mman.h presence
configure:12961: arm-linux-gnueabihf-gcc -E  conftest.c
configure:12961: $? = 0
configure:12961: result: yes
configure:12961: checking for sys/mman.h
configure:12961: result: yes
configure:12961: checking arpa/inet.h usability
configure:12961: arm-linux-gnueabihf-gcc -c -fno-strict-aliasing -g -O2  conftest.c >&5
configure:12961: $? = 0
configure:12961: result: yes
configure:12961: checking arpa/inet.h presence
configure:12961: arm-linux-gnueabihf-gcc -E  conftest.c
configure:12961: $? = 0
configure:12961: result: yes
configure:12961: checking for arpa/inet.h
configure:12961: result: yes
configure:12961: checking sys/select.h usability
configure:12961: arm-linux-gnueabihf-gcc -c -fno-strict-aliasing -g -O2  conftest.c >&5
configure:12961: $? = 0
configure:12961: result: yes
configure:12961: checking sys/select.h presence
configure:12961: arm-linux-gnueabihf-gcc -E  conftest.c
configure:12961: $? = 0
configure:12961: result: yes
configure:12961: checking for sys/select.h
configure:12961: result: yes
configure:12961: checking poll.h usability
configure:12961: arm-linux-gnueabihf-gcc -c -fno-strict-aliasing -g -O2  conftest.c >&5
configure:12961: $? = 0
configure:12961: result: yes
configure:12961: checking poll.h presence
configure:12961: arm-linux-gnueabihf-gcc -E  conftest.c
configure:12961: $? = 0
configure:12961: result: yes
configure:12961: checking for poll.h
configure:12961: result: yes
configure:12961: checking winsock2.h usability
configure:12961: arm-linux-gnueabihf-gcc -c -fno-strict-aliasing -g -O2  conftest.c >&5
conftest.c:79:22: fatal error: winsock2.h: No such file or directory
compilation terminated.
configure:12961: $? = 1
configure: failed program was:
| /* confdefs.h */
| #define PACKAGE_NAME "libmicrohttpd"
| #define PACKAGE_TARNAME "libmicrohttpd"
| #define PACKAGE_VERSION "0.9.26"
| #define PACKAGE_STRING "libmicrohttpd 0.9.26"
| #define PACKAGE_BUGREPORT "libmicrohttpd@gnu.org"
| #define PACKAGE_URL ""
| #define PACKAGE "libmicrohttpd"
| #define VERSION "0.9.26"
| #define STDC_HEADERS 1
| #define HAVE_SYS_TYPES_H 1
| #define HAVE_SYS_STAT_H 1
| #define HAVE_STDLIB_H 1
| #define HAVE_STRING_H 1
| #define HAVE_MEMORY_H 1
| #define HAVE_STRINGS_H 1
| #define HAVE_INTTYPES_H 1
| #define HAVE_STDINT_H 1
| #define HAVE_UNISTD_H 1
| #define HAVE_DLFCN_H 1
| #define LT_OBJDIR ".libs/"
| #define LINUX 1
| #define HAVE_LISTEN_SHUTDOWN 1
| #define HAVE_FCNTL_H 1
| #define HAVE_MATH_H 1
| #define HAVE_ERRNO_H 1
| #define HAVE_LIMITS_H 1
| #define HAVE_STDIO_H 1
| #define HAVE_LOCALE_H 1
| #define HAVE_SYS_STAT_H 1
| #define HAVE_SYS_TYPES_H 1
| #define HAVE_PTHREAD_H 1
| #define HAVE_SYS_TYPES_H 1
| #define HAVE_SYS_TIME_H 1
| #define HAVE_SYS_MSG_H 1
| #define HAVE_NETDB_H 1
| #define HAVE_NETINET_IN_H 1
| #define HAVE_NETINET_TCP_H 1
| #define HAVE_TIME_H 1
| #define HAVE_SYS_SOCKET_H 1
| #define HAVE_SYS_MMAN_H 1
| #define HAVE_ARPA_INET_H 1
| #define HAVE_SYS_SELECT_H 1
| #define HAVE_POLL_H 1
| /* end confdefs.h.  */
| #include <stdio.h>
| #ifdef HAVE_SYS_TYPES_H
| # include <sys/types.h>
| #endif
| #ifdef HAVE_SYS_STAT_H
| # include <sys/stat.h>
| #endif
| #ifdef STDC_HEADERS
| # include <stdlib.h>
| # include <stddef.h>
| #else
| # ifdef HAVE_STDLIB_H
| #  include <stdlib.h>
| # endif
| #endif
| #ifdef HAVE_STRING_H
| # if !defined STDC_HEADERS && defined HAVE_MEMORY_H
| #  include <memory.h>
| # endif
| # include <string.h>
| #endif
| #ifdef HAVE_STRINGS_H
| # include <strings.h>
| #endif
| #ifdef HAVE_INTTYPES_H
| # include <inttypes.h>
| #endif
| #ifdef HAVE_STDINT_H
| # include <stdint.h>
| #endif
| #ifdef HAVE_UNISTD_H
| # include <unistd.h>
| #endif
| #include <winsock2.h>
configure:12961: result: no
configure:12961: checking winsock2.h presence
configure:12961: arm-linux-gnueabihf-gcc -E  conftest.c
conftest.c:46:22: fatal error: winsock2.h: No such file or directory
compilation terminated.
configure:12961: $? = 1
configure: failed program was:
| /* confdefs.h */
| #define PACKAGE_NAME "libmicrohttpd"
| #define PACKAGE_TARNAME "libmicrohttpd"
| #define PACKAGE_VERSION "0.9.26"
| #define PACKAGE_STRING "libmicrohttpd 0.9.26"
| #define PACKAGE_BUGREPORT "libmicrohttpd@gnu.org"
| #define PACKAGE_URL ""
| #define PACKAGE "libmicrohttpd"
| #define VERSION "0.9.26"
| #define STDC_HEADERS 1
| #define HAVE_SYS_TYPES_H 1
| #define HAVE_SYS_STAT_H 1
| #define HAVE_STDLIB_H 1
| #define HAVE_STRING_H 1
| #define HAVE_MEMORY_H 1
| #define HAVE_STRINGS_H 1
| #define HAVE_INTTYPES_H 1
| #define HAVE_STDINT_H 1
| #define HAVE_UNISTD_H 1
| #define HAVE_DLFCN_H 1
| #define LT_OBJDIR ".libs/"
| #define LINUX 1
| #define HAVE_LISTEN_SHUTDOWN 1
| #define HAVE_FCNTL_H 1
| #define HAVE_MATH_H 1
| #define HAVE_ERRNO_H 1
| #define HAVE_LIMITS_H 1
| #define HAVE_STDIO_H 1
| #define HAVE_LOCALE_H 1
| #define HAVE_SYS_STAT_H 1
| #define HAVE_SYS_TYPES_H 1
| #define HAVE_PTHREAD_H 1
| #define HAVE_SYS_TYPES_H 1
| #define HAVE_SYS_TIME_H 1
| #define HAVE_SYS_MSG_H 1
| #define HAVE_NETDB_H 1
| #define HAVE_NETINET_IN_H 1
| #define HAVE_NETINET_TCP_H 1
| #define HAVE_TIME_H 1
| #define HAVE_SYS_SOCKET_H 1
| #define HAVE_SYS_MMAN_H 1
| #define HAVE_ARPA_INET_H 1
| #define HAVE_SYS_SELECT_H 1
| #define HAVE_POLL_H 1
| /* end confdefs.h.  */
| #include <winsock2.h>
configure:12961: result: no
configure:12961: checking for winsock2.h
configure:12961: result: no
configure:12961: checking ws2tcpip.h usability
configure:12961: arm-linux-gnueabihf-gcc -c -fno-strict-aliasing -g -O2  conftest.c >&5
conftest.c:79:22: fatal error: ws2tcpip.h: No such file or directory
compilation terminated.
configure:12961: $? = 1
configure: failed program was:
| /* confdefs.h */
| #define PACKAGE_NAME "libmicrohttpd"
| #define PACKAGE_TARNAME "libmicrohttpd"
| #define PACKAGE_VERSION "0.9.26"
| #define PACKAGE_STRING "libmicrohttpd 0.9.26"
| #define PACKAGE_BUGREPORT "libmicrohttpd@gnu.org"
| #define PACKAGE_URL ""
| #define PACKAGE "libmicrohttpd"
| #define VERSION "0.9.26"
| #define STDC_HEADERS 1
| #define HAVE_SYS_TYPES_H 1
| #define HAVE_SYS_STAT_H 1
| #define HAVE_STDLIB_H 1
| #define HAVE_STRING_H 1
| #define HAVE_MEMORY_H 1
| #define HAVE_STRINGS_H 1
| #define HAVE_INTTYPES_H 1
| #define HAVE_STDINT_H 1
| #define HAVE_UNISTD_H 1
| #define HAVE_DLFCN_H 1
| #define LT_OBJDIR ".libs/"
| #define LINUX 1
| #define HAVE_LISTEN_SHUTDOWN 1
| #define HAVE_FCNTL_H 1
| #define HAVE_MATH_H 1
| #define HAVE_ERRNO_H 1
| #define HAVE_LIMITS_H 1
| #define HAVE_STDIO_H 1
| #define HAVE_LOCALE_H 1
| #define HAVE_SYS_STAT_H 1
| #define HAVE_SYS_TYPES_H 1
| #define HAVE_PTHREAD_H 1
| #define HAVE_SYS_TYPES_H 1
| #define HAVE_SYS_TIME_H 1
| #define HAVE_SYS_MSG_H 1
| #define HAVE_NETDB_H 1
| #define HAVE_NETINET_IN_H 1
| #define HAVE_NETINET_TCP_H 1
| #define HAVE_TIME_H 1
| #define HAVE_SYS_SOCKET_H 1
| #define HAVE_SYS_MMAN_H 1
| #define HAVE_ARPA_INET_H 1
| #define HAVE_SYS_SELECT_H 1
| #define HAVE_POLL_H 1
| /* end confdefs.h.  */
| #include <stdio.h>
| #ifdef HAVE_SYS_TYPES_H
| # include <sys/types.h>
| #endif
| #ifdef HAVE_SYS_STAT_H
| # include <sys/stat.h>
| #endif
| #ifdef STDC_HEADERS
| # include <stdlib.h>
| # include <stddef.h>
| #else
| # ifdef HAVE_STDLIB_H
| #  include <stdlib.h>
| # endif
| #endif
| #ifdef HAVE_STRING_H
| # if !defined STDC_HEADERS && defined HAVE_MEMORY_H
| #  include <memory.h>
| # endif
| # include <string.h>
| #endif
| #ifdef HAVE_STRINGS_H
| # include <strings.h>
| #endif
| #ifdef HAVE_INTTYPES_H
| # include <inttypes.h>
| #endif
| #ifdef HAVE_STDINT_H
| # include <stdint.h>
| #endif
| #ifdef HAVE_UNISTD_H
| # include <unistd.h>
| #endif
| #include <ws2tcpip.h>
configure:12961: result: no
configure:12961: checking ws2tcpip.h presence
configure:12961: arm-linux-gnueabihf-gcc -E  conftest.c
conftest.c:46:22: fatal error: ws2tcpip.h: No such file or directory
compilation terminated.
configure:12961: $? = 1
configure: failed program was:
| /* confdefs.h */
| #define PACKAGE_NAME "libmicrohttpd"
| #define PACKAGE_TARNAME "libmicrohttpd"
| #define PACKAGE_VERSION "0.9.26"
| #define PACKAGE_STRING "libmicrohttpd 0.9.26"
| #define PACKAGE_BUGREPORT "libmicrohttpd@gnu.org"
| #define PACKAGE_URL ""
| #define PACKAGE "libmicrohttpd"
| #define VERSION "0.9.26"
| #define STDC_HEADERS 1
| #define HAVE_SYS_TYPES_H 1
| #define HAVE_SYS_STAT_H 1
| #define HAVE_STDLIB_H 1
| #define HAVE_STRING_H 1
| #define HAVE_MEMORY_H 1
| #define HAVE_STRINGS_H 1
| #define HAVE_INTTYPES_H 1
| #define HAVE_STDINT_H 1
| #define HAVE_UNISTD_H 1
| #define HAVE_DLFCN_H 1
| #define LT_OBJDIR ".libs/"
| #define LINUX 1
| #define HAVE_LISTEN_SHUTDOWN 1
| #define HAVE_FCNTL_H 1
| #define HAVE_MATH_H 1
| #define HAVE_ERRNO_H 1
| #define HAVE_LIMITS_H 1
| #define HAVE_STDIO_H 1
| #define HAVE_LOCALE_H 1
| #define HAVE_SYS_STAT_H 1
| #define HAVE_SYS_TYPES_H 1
| #define HAVE_PTHREAD_H 1
| #define HAVE_SYS_TYPES_H 1
| #define HAVE_SYS_TIME_H 1
| #define HAVE_SYS_MSG_H 1
| #define HAVE_NETDB_H 1
| #define HAVE_NETINET_IN_H 1
| #define HAVE_NETINET_TCP_H 1
| #define HAVE_TIME_H 1
| #define HAVE_SYS_SOCKET_H 1
| #define HAVE_SYS_MMAN_H 1
| #define HAVE_ARPA_INET_H 1
| #define HAVE_SYS_SELECT_H 1
| #define HAVE_POLL_H 1
| /* end confdefs.h.  */
| #include <ws2tcpip.h>
configure:12961: result: no
configure:12961: checking for ws2tcpip.h
configure:12961: result: no
configure:12974: checking search.h usability
configure:12974: arm-linux-gnueabihf-gcc -c -fno-strict-aliasing -g -O2  conftest.c >&5
configure:12974: $? = 0
configure:12974: result: yes
configure:12974: checking search.h presence
configure:12974: arm-linux-gnueabihf-gcc -E  conftest.c
configure:12974: $? = 0
configure:12974: result: yes
configure:12974: checking for search.h
configure:12974: result: yes
configure:13004: checking plibc.h usability
configure:13004: arm-linux-gnueabihf-gcc -c -fno-strict-aliasing -g -O2  conftest.c >&5
conftest.c:80:19: fatal error: plibc.h: No such file or directory
compilation terminated.
configure:13004: $? = 1
configure: failed program was:
| /* confdefs.h */
| #define PACKAGE_NAME "libmicrohttpd"
| #define PACKAGE_TARNAME "libmicrohttpd"
| #define PACKAGE_VERSION "0.9.26"
| #define PACKAGE_STRING "libmicrohttpd 0.9.26"
| #define PACKAGE_BUGREPORT "libmicrohttpd@gnu.org"
| #define PACKAGE_URL ""
| #define PACKAGE "libmicrohttpd"
| #define VERSION "0.9.26"
| #define STDC_HEADERS 1
| #define HAVE_SYS_TYPES_H 1
| #define HAVE_SYS_STAT_H 1
| #define HAVE_STDLIB_H 1
| #define HAVE_STRING_H 1
| #define HAVE_MEMORY_H 1
| #define HAVE_STRINGS_H 1
| #define HAVE_INTTYPES_H 1
| #define HAVE_STDINT_H 1
| #define HAVE_UNISTD_H 1
| #define HAVE_DLFCN_H 1
| #define LT_OBJDIR ".libs/"
| #define LINUX 1
| #define HAVE_LISTEN_SHUTDOWN 1
| #define HAVE_FCNTL_H 1
| #define HAVE_MATH_H 1
| #define HAVE_ERRNO_H 1
| #define HAVE_LIMITS_H 1
| #define HAVE_STDIO_H 1
| #define HAVE_LOCALE_H 1
| #define HAVE_SYS_STAT_H 1
| #define HAVE_SYS_TYPES_H 1
| #define HAVE_PTHREAD_H 1
| #define HAVE_SYS_TYPES_H 1
| #define HAVE_SYS_TIME_H 1
| #define HAVE_SYS_MSG_H 1
| #define HAVE_NETDB_H 1
| #define HAVE_NETINET_IN_H 1
| #define HAVE_NETINET_TCP_H 1
| #define HAVE_TIME_H 1
| #define HAVE_SYS_SOCKET_H 1
| #define HAVE_SYS_MMAN_H 1
| #define HAVE_ARPA_INET_H 1
| #define HAVE_SYS_SELECT_H 1
| #define HAVE_POLL_H 1
| #define HAVE_SEARCH_H 1
| /* end confdefs.h.  */
| #include <stdio.h>
| #ifdef HAVE_SYS_TYPES_H
| # include <sys/types.h>
| #endif
| #ifdef HAVE_SYS_STAT_H
| # include <sys/stat.h>
| #endif
| #ifdef STDC_HEADERS
| # include <stdlib.h>
| # include <stddef.h>
| #else
| # ifdef HAVE_STDLIB_H
| #  include <stdlib.h>
| # endif
| #endif
| #ifdef HAVE_STRING_H
| # if !defined STDC_HEADERS && defined HAVE_MEMORY_H
| #  include <memory.h>
| # endif
| # include <string.h>
| #endif
| #ifdef HAVE_STRINGS_H
| # include <strings.h>
| #endif
| #ifdef HAVE_INTTYPES_H
| # include <inttypes.h>
| #endif
| #ifdef HAVE_STDINT_H
| # include <stdint.h>
| #endif
| #ifdef HAVE_UNISTD_H
| # include <unistd.h>
| #endif
| #include <plibc.h>
configure:13004: result: no
configure:13004: checking plibc.h presence
configure:13004: arm-linux-gnueabihf-gcc -E  conftest.c
conftest.c:47:19: fatal error: plibc.h: No such file or directory
compilation terminated.
configure:13004: $? = 1
configure: failed program was:
| /* confdefs.h */
| #define PACKAGE_NAME "libmicrohttpd"
| #define PACKAGE_TARNAME "libmicrohttpd"
| #define PACKAGE_VERSION "0.9.26"
| #define PACKAGE_STRING "libmicrohttpd 0.9.26"
| #define PACKAGE_BUGREPORT "libmicrohttpd@gnu.org"
| #define PACKAGE_URL ""
| #define PACKAGE "libmicrohttpd"
| #define VERSION "0.9.26"
| #define STDC_HEADERS 1
| #define HAVE_SYS_TYPES_H 1
| #define HAVE_SYS_STAT_H 1
| #define HAVE_STDLIB_H 1
| #define HAVE_STRING_H 1
| #define HAVE_MEMORY_H 1
| #define HAVE_STRINGS_H 1
| #define HAVE_INTTYPES_H 1
| #define HAVE_STDINT_H 1
| #define HAVE_UNISTD_H 1
| #define HAVE_DLFCN_H 1
| #define LT_OBJDIR ".libs/"
| #define LINUX 1
| #define HAVE_LISTEN_SHUTDOWN 1
| #define HAVE_FCNTL_H 1
| #define HAVE_MATH_H 1
| #define HAVE_ERRNO_H 1
| #define HAVE_LIMITS_H 1
| #define HAVE_STDIO_H 1
| #define HAVE_LOCALE_H 1
| #define HAVE_SYS_STAT_H 1
| #define HAVE_SYS_TYPES_H 1
| #define HAVE_PTHREAD_H 1
| #define HAVE_SYS_TYPES_H 1
| #define HAVE_SYS_TIME_H 1
| #define HAVE_SYS_MSG_H 1
| #define HAVE_NETDB_H 1
| #define HAVE_NETINET_IN_H 1
| #define HAVE_NETINET_TCP_H 1
| #define HAVE_TIME_H 1
| #define HAVE_SYS_SOCKET_H 1
| #define HAVE_SYS_MMAN_H 1
| #define HAVE_ARPA_INET_H 1
| #define HAVE_SYS_SELECT_H 1
| #define HAVE_POLL_H 1
| #define HAVE_SEARCH_H 1
| /* end confdefs.h.  */
| #include <plibc.h>
configure:13004: result: no
configure:13004: checking for plibc.h
configure:13004: result: no
configure:13031: checking for memmem
configure:13031: arm-linux-gnueabihf-gcc -o conftest -fno-strict-aliasing -g -O2   conftest.c -lpthread  >&5
configure:13031: $? = 0
configure:13031: result: yes
configure:13031: checking for accept4
configure:13031: arm-linux-gnueabihf-gcc -o conftest -fno-strict-aliasing -g -O2   conftest.c -lpthread  >&5
configure:13031: $? = 0
configure:13031: result: yes
configure:13047: checking for library containing clock_gettime
configure:13078: arm-linux-gnueabihf-gcc -o conftest -fno-strict-aliasing -g -O2   conftest.c -lpthread  >&5
/tmp/ccWjsjCZ.o: In function `main':
/root/raspberrypi/libmicrohttpd/conftest.c:60: undefined reference to `clock_gettime'
collect2: error: ld returned 1 exit status
configure:13078: $? = 1
configure: failed program was:
| /* confdefs.h */
| #define PACKAGE_NAME "libmicrohttpd"
| #define PACKAGE_TARNAME "libmicrohttpd"
| #define PACKAGE_VERSION "0.9.26"
| #define PACKAGE_STRING "libmicrohttpd 0.9.26"
| #define PACKAGE_BUGREPORT "libmicrohttpd@gnu.org"
| #define PACKAGE_URL ""
| #define PACKAGE "libmicrohttpd"
| #define VERSION "0.9.26"
| #define STDC_HEADERS 1
| #define HAVE_SYS_TYPES_H 1
| #define HAVE_SYS_STAT_H 1
| #define HAVE_STDLIB_H 1
| #define HAVE_STRING_H 1
| #define HAVE_MEMORY_H 1
| #define HAVE_STRINGS_H 1
| #define HAVE_INTTYPES_H 1
| #define HAVE_STDINT_H 1
| #define HAVE_UNISTD_H 1
| #define HAVE_DLFCN_H 1
| #define LT_OBJDIR ".libs/"
| #define LINUX 1
| #define HAVE_LISTEN_SHUTDOWN 1
| #define HAVE_FCNTL_H 1
| #define HAVE_MATH_H 1
| #define HAVE_ERRNO_H 1
| #define HAVE_LIMITS_H 1
| #define HAVE_STDIO_H 1
| #define HAVE_LOCALE_H 1
| #define HAVE_SYS_STAT_H 1
| #define HAVE_SYS_TYPES_H 1
| #define HAVE_PTHREAD_H 1
| #define HAVE_SYS_TYPES_H 1
| #define HAVE_SYS_TIME_H 1
| #define HAVE_SYS_MSG_H 1
| #define HAVE_NETDB_H 1
| #define HAVE_NETINET_IN_H 1
| #define HAVE_NETINET_TCP_H 1
| #define HAVE_TIME_H 1
| #define HAVE_SYS_SOCKET_H 1
| #define HAVE_SYS_MMAN_H 1
| #define HAVE_ARPA_INET_H 1
| #define HAVE_SYS_SELECT_H 1
| #define HAVE_POLL_H 1
| #define HAVE_SEARCH_H 1
| #define HAVE_MEMMEM 1
| #define HAVE_ACCEPT4 1
| /* end confdefs.h.  */
| 
| /* Override any GCC internal prototype to avoid an error.
|    Use char because int might match the return type of a GCC
|    builtin and then its argument prototype would still apply.  */
| #ifdef __cplusplus
| extern "C"
| #endif
| char clock_gettime ();
| int
| main ()
| {
| return clock_gettime ();
|   ;
|   return 0;
| }
configure:13078: arm-linux-gnueabihf-gcc -o conftest -fno-strict-aliasing -g -O2   conftest.c -lrt  -lpthread  >&5
configure:13078: $? = 0
configure:13095: result: -lrt
configure:13109: checking for IPv6
configure:13141: arm-linux-gnueabihf-gcc -c -fno-strict-aliasing -g -O2  conftest.c >&5
configure:13141: $? = 0
configure:13153: result: yes
configure:13157: checking whether TCP_CORK is declared
configure:13157: arm-linux-gnueabihf-gcc -c -fno-strict-aliasing -g -O2  conftest.c >&5
configure:13157: $? = 0
configure:13157: result: yes
configure:13171: checking whether TCP_NOPUSH is declared
configure:13171: arm-linux-gnueabihf-gcc -c -fno-strict-aliasing -g -O2  conftest.c >&5
conftest.c: In function 'main':
conftest.c:61:10: error: 'TCP_NOPUSH' undeclared (first use in this function)
conftest.c:61:10: note: each undeclared identifier is reported only once for each function it appears in
configure:13171: $? = 1
configure: failed program was:
| /* confdefs.h */
| #define PACKAGE_NAME "libmicrohttpd"
| #define PACKAGE_TARNAME "libmicrohttpd"
| #define PACKAGE_VERSION "0.9.26"
| #define PACKAGE_STRING "libmicrohttpd 0.9.26"
| #define PACKAGE_BUGREPORT "libmicrohttpd@gnu.org"
| #define PACKAGE_URL ""
| #define PACKAGE "libmicrohttpd"
| #define VERSION "0.9.26"
| #define STDC_HEADERS 1
| #define HAVE_SYS_TYPES_H 1
| #define HAVE_SYS_STAT_H 1
| #define HAVE_STDLIB_H 1
| #define HAVE_STRING_H 1
| #define HAVE_MEMORY_H 1
| #define HAVE_STRINGS_H 1
| #define HAVE_INTTYPES_H 1
| #define HAVE_STDINT_H 1
| #define HAVE_UNISTD_H 1
| #define HAVE_DLFCN_H 1
| #define LT_OBJDIR ".libs/"
| #define LINUX 1
| #define HAVE_LISTEN_SHUTDOWN 1
| #define HAVE_FCNTL_H 1
| #define HAVE_MATH_H 1
| #define HAVE_ERRNO_H 1
| #define HAVE_LIMITS_H 1
| #define HAVE_STDIO_H 1
| #define HAVE_LOCALE_H 1
| #define HAVE_SYS_STAT_H 1
| #define HAVE_SYS_TYPES_H 1
| #define HAVE_PTHREAD_H 1
| #define HAVE_SYS_TYPES_H 1
| #define HAVE_SYS_TIME_H 1
| #define HAVE_SYS_MSG_H 1
| #define HAVE_NETDB_H 1
| #define HAVE_NETINET_IN_H 1
| #define HAVE_NETINET_TCP_H 1
| #define HAVE_TIME_H 1
| #define HAVE_SYS_SOCKET_H 1
| #define HAVE_SYS_MMAN_H 1
| #define HAVE_ARPA_INET_H 1
| #define HAVE_SYS_SELECT_H 1
| #define HAVE_POLL_H 1
| #define HAVE_SEARCH_H 1
| #define HAVE_MEMMEM 1
| #define HAVE_ACCEPT4 1
| #define HAVE_CLOCK_GETTIME 1
| #define HAVE_INET6 1
| #define HAVE_DECL_TCP_CORK 1
| /* end confdefs.h.  */
| #include <netinet/tcp.h>
| 
| int
| main ()
| {
| #ifndef TCP_NOPUSH
| #ifdef __cplusplus
|   (void) TCP_NOPUSH;
| #else
|   (void) TCP_NOPUSH;
| #endif
| #endif
| 
|   ;
|   return 0;
| }
configure:13171: result: no
configure:13187: checking whether to use libcurl for testing
configure:13196: result: yes
configure:13236: checking for gawk
configure:13263: result: mawk
configure:13325: checking for curl-config
configure:13358: result: no
configure:13434: checking whether libcurl is usable
configure:13467: arm-linux-gnueabihf-gcc -o conftest -fno-strict-aliasing -g -O2    conftest.c  -lcurl -lrt -lpthread  >&5
conftest.c:53:23: fatal error: curl/curl.h: No such file or directory
compilation terminated.
configure:13467: $? = 1
configure: failed program was:
| /* confdefs.h */
| #define PACKAGE_NAME "libmicrohttpd"
| #define PACKAGE_TARNAME "libmicrohttpd"
| #define PACKAGE_VERSION "0.9.26"
| #define PACKAGE_STRING "libmicrohttpd 0.9.26"
| #define PACKAGE_BUGREPORT "libmicrohttpd@gnu.org"
| #define PACKAGE_URL ""
| #define PACKAGE "libmicrohttpd"
| #define VERSION "0.9.26"
| #define STDC_HEADERS 1
| #define HAVE_SYS_TYPES_H 1
| #define HAVE_SYS_STAT_H 1
| #define HAVE_STDLIB_H 1
| #define HAVE_STRING_H 1
| #define HAVE_MEMORY_H 1
| #define HAVE_STRINGS_H 1
| #define HAVE_INTTYPES_H 1
| #define HAVE_STDINT_H 1
| #define HAVE_UNISTD_H 1
| #define HAVE_DLFCN_H 1
| #define LT_OBJDIR ".libs/"
| #define LINUX 1
| #define HAVE_LISTEN_SHUTDOWN 1
| #define HAVE_FCNTL_H 1
| #define HAVE_MATH_H 1
| #define HAVE_ERRNO_H 1
| #define HAVE_LIMITS_H 1
| #define HAVE_STDIO_H 1
| #define HAVE_LOCALE_H 1
| #define HAVE_SYS_STAT_H 1
| #define HAVE_SYS_TYPES_H 1
| #define HAVE_PTHREAD_H 1
| #define HAVE_SYS_TYPES_H 1
| #define HAVE_SYS_TIME_H 1
| #define HAVE_SYS_MSG_H 1
| #define HAVE_NETDB_H 1
| #define HAVE_NETINET_IN_H 1
| #define HAVE_NETINET_TCP_H 1
| #define HAVE_TIME_H 1
| #define HAVE_SYS_SOCKET_H 1
| #define HAVE_SYS_MMAN_H 1
| #define HAVE_ARPA_INET_H 1
| #define HAVE_SYS_SELECT_H 1
| #define HAVE_POLL_H 1
| #define HAVE_SEARCH_H 1
| #define HAVE_MEMMEM 1
| #define HAVE_ACCEPT4 1
| #define HAVE_CLOCK_GETTIME 1
| #define HAVE_INET6 1
| #define HAVE_DECL_TCP_CORK 1
| #define HAVE_DECL_TCP_NOPUSH 0
| /* end confdefs.h.  */
| #include <curl/curl.h>
| int
| main ()
| {
| 
| /* Try and use a few common options to force a failure if we are
|    missing symbols or can't link. */
| int x;
| curl_easy_setopt(NULL,CURLOPT_URL,NULL);
| x=CURL_ERROR_SIZE;
| x=CURLOPT_WRITEFUNCTION;
| x=CURLOPT_FILE;
| x=CURLOPT_ERRORBUFFER;
| x=CURLOPT_STDERR;
| x=CURLOPT_VERBOSE;
| 
|   ;
|   return 0;
| }
configure:13481: result: no
configure:13618: checking for special C compiler options needed for large files
configure:13663: result: no
configure:13669: checking for _FILE_OFFSET_BITS value needed for large files
configure:13694: arm-linux-gnueabihf-gcc -c -fno-strict-aliasing -g -O2  conftest.c >&5
conftest.c:63:3: warning: left shift count >= width of type [enabled by default]
conftest.c:63:3: warning: left shift count >= width of type [enabled by default]
conftest.c:64:10: warning: left shift count >= width of type [enabled by default]
conftest.c:64:10: warning: left shift count >= width of type [enabled by default]
conftest.c:63:7: error: size of array 'off_t_is_large' is negative
conftest.c:65:9: warning: variably modified 'off_t_is_large' at file scope [enabled by default]
configure:13694: $? = 1
configure: failed program was:
| /* confdefs.h */
| #define PACKAGE_NAME "libmicrohttpd"
| #define PACKAGE_TARNAME "libmicrohttpd"
| #define PACKAGE_VERSION "0.9.26"
| #define PACKAGE_STRING "libmicrohttpd 0.9.26"
| #define PACKAGE_BUGREPORT "libmicrohttpd@gnu.org"
| #define PACKAGE_URL ""
| #define PACKAGE "libmicrohttpd"
| #define VERSION "0.9.26"
| #define STDC_HEADERS 1
| #define HAVE_SYS_TYPES_H 1
| #define HAVE_SYS_STAT_H 1
| #define HAVE_STDLIB_H 1
| #define HAVE_STRING_H 1
| #define HAVE_MEMORY_H 1
| #define HAVE_STRINGS_H 1
| #define HAVE_INTTYPES_H 1
| #define HAVE_STDINT_H 1
| #define HAVE_UNISTD_H 1
| #define HAVE_DLFCN_H 1
| #define LT_OBJDIR ".libs/"
| #define LINUX 1
| #define HAVE_LISTEN_SHUTDOWN 1
| #define HAVE_FCNTL_H 1
| #define HAVE_MATH_H 1
| #define HAVE_ERRNO_H 1
| #define HAVE_LIMITS_H 1
| #define HAVE_STDIO_H 1
| #define HAVE_LOCALE_H 1
| #define HAVE_SYS_STAT_H 1
| #define HAVE_SYS_TYPES_H 1
| #define HAVE_PTHREAD_H 1
| #define HAVE_SYS_TYPES_H 1
| #define HAVE_SYS_TIME_H 1
| #define HAVE_SYS_MSG_H 1
| #define HAVE_NETDB_H 1
| #define HAVE_NETINET_IN_H 1
| #define HAVE_NETINET_TCP_H 1
| #define HAVE_TIME_H 1
| #define HAVE_SYS_SOCKET_H 1
| #define HAVE_SYS_MMAN_H 1
| #define HAVE_ARPA_INET_H 1
| #define HAVE_SYS_SELECT_H 1
| #define HAVE_POLL_H 1
| #define HAVE_SEARCH_H 1
| #define HAVE_MEMMEM 1
| #define HAVE_ACCEPT4 1
| #define HAVE_CLOCK_GETTIME 1
| #define HAVE_INET6 1
| #define HAVE_DECL_TCP_CORK 1
| #define HAVE_DECL_TCP_NOPUSH 0
| #define MHD_REQ_CURL_VERSION "7.16.4"
| #define MHD_REQ_CURL_OPENSSL_VERSION "0.9.8"
| #define MHD_REQ_CURL_GNUTLS_VERSION "2.8.6"
| #define MHD_REQ_CURL_NSS_VERSION "3.12.0"
| /* end confdefs.h.  */
| #include <sys/types.h>
|  /* Check that off_t can represent 2**63 - 1 correctly.
|     We can't simply define LARGE_OFF_T to be 9223372036854775807,
|     since some C++ compilers masquerading as C compilers
|     incorrectly reject 9223372036854775807.  */
| #define LARGE_OFF_T (((off_t) 1 << 62) - 1 + ((off_t) 1 << 62))
|   int off_t_is_large[(LARGE_OFF_T % 2147483629 == 721
| 		       && LARGE_OFF_T % 2147483647 == 1)
| 		      ? 1 : -1];
| int
| main ()
| {
| 
|   ;
|   return 0;
| }
configure:13718: arm-linux-gnueabihf-gcc -c -fno-strict-aliasing -g -O2  conftest.c >&5
configure:13718: $? = 0
configure:13726: result: 64
configure:13811: checking for _LARGEFILE_SOURCE value needed for large files
configure:13830: arm-linux-gnueabihf-gcc -o conftest -fno-strict-aliasing -g -O2   conftest.c -lrt -lpthread  >&5
configure:13830: $? = 0
configure:13858: result: no
configure:13881: checking whether to generate error messages
configure:13890: result: yes
configure:13905: checking whether to enable postprocessor
configure:13914: result: 
configure:13929: checking for zzuf
configure:13957: result: 0
configure:13967: checking for socat
configure:13995: result: 0
configure:14038: checking for libgcrypt-config
configure:14069: result: no
configure:14086: checking for LIBGCRYPT - version >= 1.2.2
configure:14123: result: no
configure:14169: checking for gnutls
configure:14291: result: --with-gnutls not specified
configure:14295: checking gnutls/gnutls.h usability
configure:14295: arm-linux-gnueabihf-gcc -c -fno-strict-aliasing -g -O2  conftest.c >&5
conftest.c:94:27: fatal error: gnutls/gnutls.h: No such file or directory
compilation terminated.
configure:14295: $? = 1
configure: failed program was:
| /* confdefs.h */
| #define PACKAGE_NAME "libmicrohttpd"
| #define PACKAGE_TARNAME "libmicrohttpd"
| #define PACKAGE_VERSION "0.9.26"
| #define PACKAGE_STRING "libmicrohttpd 0.9.26"
| #define PACKAGE_BUGREPORT "libmicrohttpd@gnu.org"
| #define PACKAGE_URL ""
| #define PACKAGE "libmicrohttpd"
| #define VERSION "0.9.26"
| #define STDC_HEADERS 1
| #define HAVE_SYS_TYPES_H 1
| #define HAVE_SYS_STAT_H 1
| #define HAVE_STDLIB_H 1
| #define HAVE_STRING_H 1
| #define HAVE_MEMORY_H 1
| #define HAVE_STRINGS_H 1
| #define HAVE_INTTYPES_H 1
| #define HAVE_STDINT_H 1
| #define HAVE_UNISTD_H 1
| #define HAVE_DLFCN_H 1
| #define LT_OBJDIR ".libs/"
| #define LINUX 1
| #define HAVE_LISTEN_SHUTDOWN 1
| #define HAVE_FCNTL_H 1
| #define HAVE_MATH_H 1
| #define HAVE_ERRNO_H 1
| #define HAVE_LIMITS_H 1
| #define HAVE_STDIO_H 1
| #define HAVE_LOCALE_H 1
| #define HAVE_SYS_STAT_H 1
| #define HAVE_SYS_TYPES_H 1
| #define HAVE_PTHREAD_H 1
| #define HAVE_SYS_TYPES_H 1
| #define HAVE_SYS_TIME_H 1
| #define HAVE_SYS_MSG_H 1
| #define HAVE_NETDB_H 1
| #define HAVE_NETINET_IN_H 1
| #define HAVE_NETINET_TCP_H 1
| #define HAVE_TIME_H 1
| #define HAVE_SYS_SOCKET_H 1
| #define HAVE_SYS_MMAN_H 1
| #define HAVE_ARPA_INET_H 1
| #define HAVE_SYS_SELECT_H 1
| #define HAVE_POLL_H 1
| #define HAVE_SEARCH_H 1
| #define HAVE_MEMMEM 1
| #define HAVE_ACCEPT4 1
| #define HAVE_CLOCK_GETTIME 1
| #define HAVE_INET6 1
| #define HAVE_DECL_TCP_CORK 1
| #define HAVE_DECL_TCP_NOPUSH 0
| #define MHD_REQ_CURL_VERSION "7.16.4"
| #define MHD_REQ_CURL_OPENSSL_VERSION "0.9.8"
| #define MHD_REQ_CURL_GNUTLS_VERSION "2.8.6"
| #define MHD_REQ_CURL_NSS_VERSION "3.12.0"
| #define _FILE_OFFSET_BITS 64
| #define HAVE_FSEEKO 1
| #define HAVE_MESSAGES 1
| #define MHD_GCRYPT_VERSION "1:1.2.2"
| /* end confdefs.h.  */
| #include <stdio.h>
| #ifdef HAVE_SYS_TYPES_H
| # include <sys/types.h>
| #endif
| #ifdef HAVE_SYS_STAT_H
| # include <sys/stat.h>
| #endif
| #ifdef STDC_HEADERS
| # include <stdlib.h>
| # include <stddef.h>
| #else
| # ifdef HAVE_STDLIB_H
| #  include <stdlib.h>
| # endif
| #endif
| #ifdef HAVE_STRING_H
| # if !defined STDC_HEADERS && defined HAVE_MEMORY_H
| #  include <memory.h>
| # endif
| # include <string.h>
| #endif
| #ifdef HAVE_STRINGS_H
| # include <strings.h>
| #endif
| #ifdef HAVE_INTTYPES_H
| # include <inttypes.h>
| #endif
| #ifdef HAVE_STDINT_H
| # include <stdint.h>
| #endif
| #ifdef HAVE_UNISTD_H
| # include <unistd.h>
| #endif
| #include <gnutls/gnutls.h>
configure:14295: result: no
configure:14295: checking gnutls/gnutls.h presence
configure:14295: arm-linux-gnueabihf-gcc -E  conftest.c
conftest.c:61:27: fatal error: gnutls/gnutls.h: No such file or directory
compilation terminated.
configure:14295: $? = 1
configure: failed program was:
| /* confdefs.h */
| #define PACKAGE_NAME "libmicrohttpd"
| #define PACKAGE_TARNAME "libmicrohttpd"
| #define PACKAGE_VERSION "0.9.26"
| #define PACKAGE_STRING "libmicrohttpd 0.9.26"
| #define PACKAGE_BUGREPORT "libmicrohttpd@gnu.org"
| #define PACKAGE_URL ""
| #define PACKAGE "libmicrohttpd"
| #define VERSION "0.9.26"
| #define STDC_HEADERS 1
| #define HAVE_SYS_TYPES_H 1
| #define HAVE_SYS_STAT_H 1
| #define HAVE_STDLIB_H 1
| #define HAVE_STRING_H 1
| #define HAVE_MEMORY_H 1
| #define HAVE_STRINGS_H 1
| #define HAVE_INTTYPES_H 1
| #define HAVE_STDINT_H 1
| #define HAVE_UNISTD_H 1
| #define HAVE_DLFCN_H 1
| #define LT_OBJDIR ".libs/"
| #define LINUX 1
| #define HAVE_LISTEN_SHUTDOWN 1
| #define HAVE_FCNTL_H 1
| #define HAVE_MATH_H 1
| #define HAVE_ERRNO_H 1
| #define HAVE_LIMITS_H 1
| #define HAVE_STDIO_H 1
| #define HAVE_LOCALE_H 1
| #define HAVE_SYS_STAT_H 1
| #define HAVE_SYS_TYPES_H 1
| #define HAVE_PTHREAD_H 1
| #define HAVE_SYS_TYPES_H 1
| #define HAVE_SYS_TIME_H 1
| #define HAVE_SYS_MSG_H 1
| #define HAVE_NETDB_H 1
| #define HAVE_NETINET_IN_H 1
| #define HAVE_NETINET_TCP_H 1
| #define HAVE_TIME_H 1
| #define HAVE_SYS_SOCKET_H 1
| #define HAVE_SYS_MMAN_H 1
| #define HAVE_ARPA_INET_H 1
| #define HAVE_SYS_SELECT_H 1
| #define HAVE_POLL_H 1
| #define HAVE_SEARCH_H 1
| #define HAVE_MEMMEM 1
| #define HAVE_ACCEPT4 1
| #define HAVE_CLOCK_GETTIME 1
| #define HAVE_INET6 1
| #define HAVE_DECL_TCP_CORK 1
| #define HAVE_DECL_TCP_NOPUSH 0
| #define MHD_REQ_CURL_VERSION "7.16.4"
| #define MHD_REQ_CURL_OPENSSL_VERSION "0.9.8"
| #define MHD_REQ_CURL_GNUTLS_VERSION "2.8.6"
| #define MHD_REQ_CURL_NSS_VERSION "3.12.0"
| #define _FILE_OFFSET_BITS 64
| #define HAVE_FSEEKO 1
| #define HAVE_MESSAGES 1
| #define MHD_GCRYPT_VERSION "1:1.2.2"
| /* end confdefs.h.  */
| #include <gnutls/gnutls.h>
configure:14295: result: no
configure:14295: checking for gnutls/gnutls.h
configure:14295: result: no
configure:14363: checking whether to support HTTPS
configure:14392: result: no (lacking libgcrypt or libgnutls)
configure:14405: checking whether to support HTTP basic authentication
configure:14424: result: yes
configure:14436: checking whether to support HTTP digest authentication
configure:14455: result: yes
configure:14471: checking whether -export-symbols-regex works
configure:14483: result: yes
configure:14488: checking whether to compile with support for code coverage analysis
configure:14497: result: no
configure:14793: creating ./config.status

## ---------------------- ##
## Running config.status. ##
## ---------------------- ##

This file was extended by libmicrohttpd config.status 0.9.26, which was
generated by GNU Autoconf 2.69.  Invocation command line was

  CONFIG_FILES    = 
  CONFIG_HEADERS  = 
  CONFIG_LINKS    = 
  CONFIG_COMMANDS = 
  $ ./config.status 

on debian

config.status:1195: creating libmicrohttpd.pc
config.status:1195: creating Makefile
config.status:1195: creating contrib/Makefile
config.status:1195: creating doc/Makefile
config.status:1195: creating doc/examples/Makefile
config.status:1195: creating m4/Makefile
config.status:1195: creating src/Makefile
config.status:1195: creating src/include/Makefile
config.status:1195: creating src/include/plibc/Makefile
config.status:1195: creating src/daemon/Makefile
config.status:1195: creating src/examples/Makefile
config.status:1195: creating src/testcurl/Makefile
config.status:1195: creating src/testcurl/https/Makefile
config.status:1195: creating src/testzzuf/Makefile
config.status:1195: creating MHD_config.h
config.status:1409: executing depfiles commands
config.status:1409: executing libtool commands
configure:17095: Configuration Summary:
  Operating System:  linux-gnueabihf
  libgcrypt:         no, HTTPS will not be built
  libcurl (testing): no, many unit tests will not run
  Target directory:  /root/raspberrypi/libmicrohttpd
  Messages:          yes
  Basic auth.:       yes
  Digest auth.:      yes
  Postproc:          yes
  HTTPS support:     no (lacking libgcrypt or libgnutls)

configure:17119:
  License         :  LGPL or eCos


## ---------------- ##
## Cache variables. ##
## ---------------- ##

ac_cv_build=i686-pc-linux-gnu
ac_cv_c_bigendian=no
ac_cv_c_compiler_gnu=yes
ac_cv_env_CC_set=
ac_cv_env_CC_value=
ac_cv_env_CFLAGS_set=
ac_cv_env_CFLAGS_value=
ac_cv_env_CPPFLAGS_set=
ac_cv_env_CPPFLAGS_value=
ac_cv_env_CPP_set=
ac_cv_env_CPP_value=
ac_cv_env_LDFLAGS_set=
ac_cv_env_LDFLAGS_value=
ac_cv_env_LIBS_set=
ac_cv_env_LIBS_value=
ac_cv_env_build_alias_set=set
ac_cv_env_build_alias_value=i686-linux
ac_cv_env_host_alias_set=set
ac_cv_env_host_alias_value=arm-linux-gnueabihf
ac_cv_env_target_alias_set=
ac_cv_env_target_alias_value=
ac_cv_func_accept4=yes
ac_cv_func_memmem=yes
ac_cv_have_decl_TCP_CORK=yes
ac_cv_have_decl_TCP_NOPUSH=no
ac_cv_header_arpa_inet_h=yes
ac_cv_header_dlfcn_h=yes
ac_cv_header_errno_h=yes
ac_cv_header_fcntl_h=yes
ac_cv_header_gnutls_gnutls_h=no
ac_cv_header_inttypes_h=yes
ac_cv_header_limits_h=yes
ac_cv_header_locale_h=yes
ac_cv_header_math_h=yes
ac_cv_header_memory_h=yes
ac_cv_header_netdb_h=yes
ac_cv_header_netinet_in_h=yes
ac_cv_header_netinet_tcp_h=yes
ac_cv_header_plibc_h=no
ac_cv_header_poll_h=yes
ac_cv_header_pthread_h=yes
ac_cv_header_search_h=yes
ac_cv_header_stdc=yes
ac_cv_header_stdint_h=yes
ac_cv_header_stdio_h=yes
ac_cv_header_stdlib_h=yes
ac_cv_header_string_h=yes
ac_cv_header_strings_h=yes
ac_cv_header_sys_mman_h=yes
ac_cv_header_sys_msg_h=yes
ac_cv_header_sys_select_h=yes
ac_cv_header_sys_socket_h=yes
ac_cv_header_sys_stat_h=yes
ac_cv_header_sys_time_h=yes
ac_cv_header_sys_types_h=yes
ac_cv_header_time_h=yes
ac_cv_header_unistd_h=yes
ac_cv_header_winsock2_h=no
ac_cv_header_ws2tcpip_h=no
ac_cv_host=arm-unknown-linux-gnueabihf
ac_cv_lib_pthread_pthread_create=yes
ac_cv_member_struct_sockaddr_in_sin_len=no
ac_cv_objext=o
ac_cv_path_EGREP='/bin/grep -E'
ac_cv_path_FGREP='/bin/grep -F'
ac_cv_path_GREP=/bin/grep
ac_cv_path_LIBGCRYPT_CONFIG=no
ac_cv_path_SED=/bin/sed
ac_cv_path_install='/usr/bin/install -c'
ac_cv_path_mkdir=/bin/mkdir
ac_cv_prog_AR=arm-linux-gnueabihf-ar
ac_cv_prog_AWK=mawk
ac_cv_prog_CC=arm-linux-gnueabihf-gcc
ac_cv_prog_CPP='arm-linux-gnueabihf-gcc -E'
ac_cv_prog_DLLTOOL=dlltool
ac_cv_prog_HAVE_CURL_BINARY=false
ac_cv_prog_HAVE_SOCAT=0
ac_cv_prog_HAVE_ZZUF=0
ac_cv_prog_OBJDUMP=objdump
ac_cv_prog_RANLIB=arm-linux-gnueabihf-ranlib
ac_cv_prog_STRIP=arm-linux-gnueabihf-strip
ac_cv_prog_ac_ct_MANIFEST_TOOL=mt
ac_cv_prog_cc_arm_linux_gnueabihf_gcc_c_o=yes
ac_cv_prog_cc_c89=
ac_cv_prog_cc_g=yes
ac_cv_prog_make_make_set=yes
ac_cv_search_clock_gettime=-lrt
ac_cv_sys_file_offset_bits=64
ac_cv_sys_largefile_CC=no
ac_cv_sys_largefile_source=no
am_cv_CC_dependencies_compiler_type=gcc3
am_cv_make_support_nested_variables=yes
gn_cv_export_symbols_regex_works=yes
libcurl_cv_lib_curl_usable=no
lt_cv_ar_at_file=@
lt_cv_archive_cmds_need_lc=no
lt_cv_deplibs_check_method=pass_all
lt_cv_file_magic_cmd='$MAGIC_CMD'
lt_cv_file_magic_test_file=
lt_cv_ld_reload_flag=-r
lt_cv_nm_interface='BSD nm'
lt_cv_objdir=.libs
lt_cv_path_LD=/root/raspberrypi/tools/arm-bcm2708/gcc-linaro-arm-linux-gnueabihf-raspbian/arm-linux-gnueabihf/bin/ld
lt_cv_path_NM='/root/raspberrypi/tools/arm-bcm2708/gcc-linaro-arm-linux-gnueabihf-raspbian/bin/arm-linux-gnueabihf-nm -B'
lt_cv_path_mainfest_tool=no
lt_cv_prog_compiler_c_o=yes
lt_cv_prog_compiler_pic='-fPIC -DPIC'
lt_cv_prog_compiler_pic_works=yes
lt_cv_prog_compiler_rtti_exceptions=no
lt_cv_prog_compiler_static_works=yes
lt_cv_prog_gnu_ld=yes
lt_cv_sharedlib_from_linklib_cmd='printf %s\n'
lt_cv_shlibpath_overrides_runpath=no
lt_cv_sys_global_symbol_pipe='sed -n -e '\''s/^.*[	 ]\([ABCDGIRSTW][ABCDGIRSTW]*\)[	 ][	 ]*\([_A-Za-z][_A-Za-z0-9]*\)$/\1 \2 \2/p'\'' | sed '\''/ __gnu_lto/d'\'''
lt_cv_sys_global_symbol_to_c_name_address='sed -n -e '\''s/^: \([^ ]*\)[ ]*$/  {\"\1\", (void *) 0},/p'\'' -e '\''s/^[ABCDGIRSTW]* \([^ ]*\) \([^ ]*\)$/  {"\2", (void *) \&\2},/p'\'''
lt_cv_sys_global_symbol_to_c_name_address_lib_prefix='sed -n -e '\''s/^: \([^ ]*\)[ ]*$/  {\"\1\", (void *) 0},/p'\'' -e '\''s/^[ABCDGIRSTW]* \([^ ]*\) \(lib[^ ]*\)$/  {"\2", (void *) \&\2},/p'\'' -e '\''s/^[ABCDGIRSTW]* \([^ ]*\) \([^ ]*\)$/  {"lib\2", (void *) \&\2},/p'\'''
lt_cv_sys_global_symbol_to_cdecl='sed -n -e '\''s/^T .* \(.*\)$/extern int \1();/p'\'' -e '\''s/^[ABCDGIRSTW]* .* \(.*\)$/extern char \1;/p'\'''
lt_cv_sys_max_cmd_len=1572864
lt_cv_to_host_file_cmd=func_convert_file_noop
lt_cv_to_tool_file_cmd=func_convert_file_noop

## ----------------- ##
## Output variables. ##
## ----------------- ##

ACLOCAL='${SHELL} /root/libmicrohttpd-0.9.26/missing --run aclocal-1.11'
AMDEPBACKSLASH='\'
AMDEP_FALSE='#'
AMDEP_TRUE=''
AMTAR='$${TAR-tar}'
AM_BACKSLASH='\'
AM_DEFAULT_V='$(AM_DEFAULT_VERBOSITY)'
AM_DEFAULT_VERBOSITY='1'
AM_V='$(V)'
AR='arm-linux-gnueabihf-ar'
AS='as'
AUTOCONF='${SHELL} /root/libmicrohttpd-0.9.26/missing --run autoconf'
AUTOHEADER='${SHELL} /root/libmicrohttpd-0.9.26/missing --run autoheader'
AUTOMAKE='${SHELL} /root/libmicrohttpd-0.9.26/missing --run automake-1.11'
AWK='mawk'
CC='arm-linux-gnueabihf-gcc'
CCDEPMODE='depmode=gcc3'
CFLAGS='-fno-strict-aliasing -g -O2'
CPP='arm-linux-gnueabihf-gcc -E'
CPPFLAGS=''
CYGPATH_W='echo'
DEFS='-DHAVE_CONFIG_H'
DEPDIR='.deps'
DLLTOOL='dlltool'
DSYMUTIL=''
DUMPBIN=''
ECHO_C=''
ECHO_N='-n'
ECHO_T=''
EGREP='/bin/grep -E'
ENABLE_BAUTH_FALSE='#'
ENABLE_BAUTH_TRUE=''
ENABLE_DAUTH_FALSE='#'
ENABLE_DAUTH_TRUE=''
ENABLE_HTTPS_FALSE=''
ENABLE_HTTPS_TRUE='#'
ENABLE_MINITASN1_FALSE='#'
ENABLE_MINITASN1_TRUE=''
ENABLE_OPENSSL_FALSE=''
ENABLE_OPENSSL_TRUE='#'
EXEEXT=''
EXT_LIBS=''
EXT_LIB_PATH=''
FGREP='/bin/grep -F'
GREP='/bin/grep'
HAVE_CURL_BINARY='false'
HAVE_CURL_BINARY_FALSE=''
HAVE_CURL_BINARY_TRUE='#'
HAVE_CURL_FALSE=''
HAVE_CURL_TRUE='#'
HAVE_GNUTLS_FALSE=''
HAVE_GNUTLS_TRUE='#'
HAVE_GNU_LD_FALSE='#'
HAVE_GNU_LD_TRUE=''
HAVE_LD_OUTPUT_DEF_FALSE=''
HAVE_LD_OUTPUT_DEF_TRUE='#'
HAVE_LD_VERSION_SCRIPT_FALSE=''
HAVE_LD_VERSION_SCRIPT_TRUE='#'
HAVE_POSTPROCESSOR_FALSE='#'
HAVE_POSTPROCESSOR_TRUE=''
HAVE_SOCAT='0'
HAVE_SOCAT_FALSE=''
HAVE_SOCAT_TRUE='#'
HAVE_TSEARCH_FALSE='#'
HAVE_TSEARCH_TRUE=''
HAVE_W32_FALSE=''
HAVE_W32_TRUE='#'
HAVE_ZZUF='0'
HAVE_ZZUF_FALSE=''
HAVE_ZZUF_TRUE='#'
INSTALL_DATA='${INSTALL} -m 644'
INSTALL_PROGRAM='${INSTALL}'
INSTALL_SCRIPT='${INSTALL}'
INSTALL_STRIP_PROGRAM='$(install_sh) -c -s'
LD='/root/raspberrypi/tools/arm-bcm2708/gcc-linaro-arm-linux-gnueabihf-raspbian/arm-linux-gnueabihf/bin/ld'
LDFLAGS=''
LIBCURL=''
LIBCURL_CPPFLAGS=''
LIBGCRYPT_CFLAGS=''
LIBGCRYPT_CONFIG='no'
LIBGCRYPT_LIBS=''
LIBOBJS=''
LIBS='-lrt -lpthread '
LIBTOOL='$(SHELL) $(top_builddir)/libtool'
LIB_VERSION_AGE='16'
LIB_VERSION_CURRENT='26'
LIB_VERSION_REVISION='4'
LIPO=''
LN_S='ln -s'
LTLIBOBJS=''
MAKEINFO='${SHELL} /root/libmicrohttpd-0.9.26/missing --run makeinfo'
MANIFEST_TOOL=':'
MHD_LIBDEPS=''
MHD_LIB_LDFLAGS='-export-dynamic -no-undefined'
MKDIR_P='/bin/mkdir -p'
NM='/root/raspberrypi/tools/arm-bcm2708/gcc-linaro-arm-linux-gnueabihf-raspbian/bin/arm-linux-gnueabihf-nm -B'
NMEDIT=''
OBJDUMP='objdump'
OBJEXT='o'
OTOOL64=''
OTOOL=''
PACKAGE='libmicrohttpd'
PACKAGE_BUGREPORT='libmicrohttpd@gnu.org'
PACKAGE_NAME='libmicrohttpd'
PACKAGE_STRING='libmicrohttpd 0.9.26'
PACKAGE_TARNAME='libmicrohttpd'
PACKAGE_URL=''
PACKAGE_VERSION='0.9.26'
PATH_SEPARATOR=':'
PLIBC_CPPFLAGS=''
PLIBC_LDFLAGS=''
PLIBC_LIBS=''
PTHREAD_CPPFLAGS=''
PTHREAD_LDFLAGS=''
PTHREAD_LIBS='-lpthread'
RANLIB='arm-linux-gnueabihf-ranlib'
SED='/bin/sed'
SET_MAKE=''
SHELL='/bin/bash'
STRIP='arm-linux-gnueabihf-strip'
USE_COVERAGE_FALSE=''
USE_COVERAGE_TRUE='#'
USE_PRIVATE_PLIBC_H_FALSE='#'
USE_PRIVATE_PLIBC_H_TRUE=''
VERSION='0.9.26'
_libcurl_config=''
ac_ct_AR=''
ac_ct_CC=''
ac_ct_DUMPBIN=''
am__EXEEXT_FALSE=''
am__EXEEXT_TRUE='#'
am__fastdepCC_FALSE='#'
am__fastdepCC_TRUE=''
am__include='include'
am__isrc=' -I$(srcdir)'
am__leading_dot='.'
am__nodep='_no'
am__quote=''
am__tar='$${TAR-tar} chof - "$$tardir"'
am__untar='$${TAR-tar} xf -'
bindir='${exec_prefix}/bin'
build='i686-pc-linux-gnu'
build_alias='i686-linux'
build_cpu='i686'
build_os='linux-gnu'
build_vendor='pc'
datadir='${datarootdir}'
datarootdir='${prefix}/share'
docdir='${datarootdir}/doc/${PACKAGE_TARNAME}'
dvidir='${docdir}'
exec_prefix='${prefix}'
host='arm-unknown-linux-gnueabihf'
host_alias='arm-linux-gnueabihf'
host_cpu='arm'
host_os='linux-gnueabihf'
host_vendor='unknown'
htmldir='${docdir}'
includedir='${prefix}/include'
infodir='${datarootdir}/info'
install_sh='${SHELL} /root/libmicrohttpd-0.9.26/install-sh'
libdir='${exec_prefix}/lib'
libexecdir='${exec_prefix}/libexec'
localedir='${datarootdir}/locale'
localstatedir='${prefix}/var'
mandir='${datarootdir}/man'
mkdir_p='/bin/mkdir -p'
oldincludedir='/usr/include'
pdfdir='${docdir}'
prefix='/root/raspberrypi/libmicrohttpd'
program_transform_name='s,x,x,'
psdir='${docdir}'
sbindir='${exec_prefix}/sbin'
sharedstatedir='${prefix}/com'
sysconfdir='${prefix}/etc'
target_alias=''

## ----------- ##
## confdefs.h. ##
## ----------- ##

/* confdefs.h */
#define PACKAGE_NAME "libmicrohttpd"
#define PACKAGE_TARNAME "libmicrohttpd"
#define PACKAGE_VERSION "0.9.26"
#define PACKAGE_STRING "libmicrohttpd 0.9.26"
#define PACKAGE_BUGREPORT "libmicrohttpd@gnu.org"
#define PACKAGE_URL ""
#define PACKAGE "libmicrohttpd"
#define VERSION "0.9.26"
#define STDC_HEADERS 1
#define HAVE_SYS_TYPES_H 1
#define HAVE_SYS_STAT_H 1
#define HAVE_STDLIB_H 1
#define HAVE_STRING_H 1
#define HAVE_MEMORY_H 1
#define HAVE_STRINGS_H 1
#define HAVE_INTTYPES_H 1
#define HAVE_STDINT_H 1
#define HAVE_UNISTD_H 1
#define HAVE_DLFCN_H 1
#define LT_OBJDIR ".libs/"
#define LINUX 1
#define HAVE_LISTEN_SHUTDOWN 1
#define HAVE_FCNTL_H 1
#define HAVE_MATH_H 1
#define HAVE_ERRNO_H 1
#define HAVE_LIMITS_H 1
#define HAVE_STDIO_H 1
#define HAVE_LOCALE_H 1
#define HAVE_SYS_STAT_H 1
#define HAVE_SYS_TYPES_H 1
#define HAVE_PTHREAD_H 1
#define HAVE_SYS_TYPES_H 1
#define HAVE_SYS_TIME_H 1
#define HAVE_SYS_MSG_H 1
#define HAVE_NETDB_H 1
#define HAVE_NETINET_IN_H 1
#define HAVE_NETINET_TCP_H 1
#define HAVE_TIME_H 1
#define HAVE_SYS_SOCKET_H 1
#define HAVE_SYS_MMAN_H 1
#define HAVE_ARPA_INET_H 1
#define HAVE_SYS_SELECT_H 1
#define HAVE_POLL_H 1
#define HAVE_SEARCH_H 1
#define HAVE_MEMMEM 1
#define HAVE_ACCEPT4 1
#define HAVE_CLOCK_GETTIME 1
#define HAVE_INET6 1
#define HAVE_DECL_TCP_CORK 1
#define HAVE_DECL_TCP_NOPUSH 0
#define MHD_REQ_CURL_VERSION "7.16.4"
#define MHD_REQ_CURL_OPENSSL_VERSION "0.9.8"
#define MHD_REQ_CURL_GNUTLS_VERSION "2.8.6"
#define MHD_REQ_CURL_NSS_VERSION "3.12.0"
#define _FILE_OFFSET_BITS 64
#define HAVE_FSEEKO 1
#define HAVE_MESSAGES 1
#define MHD_GCRYPT_VERSION "1:1.2.2"
#define HAVE_GNUTLS 0
#define HTTPS_SUPPORT 0
#define BAUTH_SUPPORT 1
#define DAUTH_SUPPORT 1

configure: exit 0
